<?xml version="1.0" encoding="UTF-8"?>
<testsuite xmlns:xsi="http://www.w3.org/2001/XMLSchema-instance" xsi:noNamespaceSchemaLocation="https://maven.apache.org/surefire/maven-surefire-plugin/xsd/surefire-test-report-3.0.xsd" version="3.0" name="com.example.fakestoreapi.test.performance.PerformanceTests" time="76.645" tests="5" errors="0" skipped="0" failures="0">
  <properties>
    <property name="java.specification.version" value="21"/>
    <property name="sun.cpu.isalist" value="amd64"/>
    <property name="sun.jnu.encoding" value="Cp1252"/>
    <property name="java.class.path" value="C:\home\Jenkins\workspace\FakeStore-API-Tests\target\test-classes;C:\home\Jenkins\workspace\FakeStore-API-Tests\target\classes;C:\Users\USER\.m2\repository\io\qameta\allure\allure-junit5\2.29.1\allure-junit5-2.29.1.jar;C:\Users\USER\.m2\repository\io\qameta\allure\allure-junit-platform\2.29.1\allure-junit-platform-2.29.1.jar;C:\Users\USER\.m2\repository\io\qameta\allure\allure-java-commons\2.29.1\allure-java-commons-2.29.1.jar;C:\Users\USER\.m2\repository\io\qameta\allure\allure-model\2.29.1\allure-model-2.29.1.jar;C:\Users\USER\.m2\repository\org\junit\platform\junit-platform-launcher\1.10.3\junit-platform-launcher-1.10.3.jar;C:\Users\USER\.m2\repository\io\qameta\allure\allure-test-filter\2.29.1\allure-test-filter-2.29.1.jar;C:\Users\USER\.m2\repository\io\qameta\allure\allure-rest-assured\2.27.0\allure-rest-assured-2.27.0.jar;C:\Users\USER\.m2\repository\io\qameta\allure\allure-attachments\2.27.0\allure-attachments-2.27.0.jar;C:\Users\USER\.m2\repository\org\freemarker\freemarker\2.3.31\freemarker-2.3.31.jar;C:\Users\USER\.m2\repository\org\junit\jupiter\junit-jupiter\5.10.2\junit-jupiter-5.10.2.jar;C:\Users\USER\.m2\repository\org\junit\jupiter\junit-jupiter-api\5.10.2\junit-jupiter-api-5.10.2.jar;C:\Users\USER\.m2\repository\org\opentest4j\opentest4j\1.3.0\opentest4j-1.3.0.jar;C:\Users\USER\.m2\repository\org\junit\platform\junit-platform-commons\1.10.2\junit-platform-commons-1.10.2.jar;C:\Users\USER\.m2\repository\org\apiguardian\apiguardian-api\1.1.2\apiguardian-api-1.1.2.jar;C:\Users\USER\.m2\repository\org\junit\jupiter\junit-jupiter-params\5.10.2\junit-jupiter-params-5.10.2.jar;C:\Users\USER\.m2\repository\org\junit\jupiter\junit-jupiter-engine\5.10.2\junit-jupiter-engine-5.10.2.jar;C:\Users\USER\.m2\repository\org\junit\platform\junit-platform-engine\1.10.2\junit-platform-engine-1.10.2.jar;C:\Users\USER\.m2\repository\io\github\bonigarcia\webdrivermanager\6.1.0\webdrivermanager-6.1.0.jar;C:\Users\USER\.m2\repository\org\slf4j\slf4j-api\2.0.17\slf4j-api-2.0.17.jar;C:\Users\USER\.m2\repository\com\google\code\gson\gson\2.13.0\gson-2.13.0.jar;C:\Users\USER\.m2\repository\com\google\errorprone\error_prone_annotations\2.37.0\error_prone_annotations-2.37.0.jar;C:\Users\USER\.m2\repository\com\github\docker-java\docker-java\3.5.0\docker-java-3.5.0.jar;C:\Users\USER\.m2\repository\com\github\docker-java\docker-java-core\3.5.0\docker-java-core-3.5.0.jar;C:\Users\USER\.m2\repository\com\github\docker-java\docker-java-api\3.5.0\docker-java-api-3.5.0.jar;C:\Users\USER\.m2\repository\com\fasterxml\jackson\core\jackson-annotations\2.18.3\jackson-annotations-2.18.3.jar;C:\Users\USER\.m2\repository\com\fasterxml\jackson\core\jackson-databind\2.18.3\jackson-databind-2.18.3.jar;C:\Users\USER\.m2\repository\com\fasterxml\jackson\core\jackson-core\2.18.3\jackson-core-2.18.3.jar;C:\Users\USER\.m2\repository\org\slf4j\jcl-over-slf4j\1.7.30\jcl-over-slf4j-1.7.30.jar;C:\Users\USER\.m2\repository\com\github\docker-java\docker-java-transport-httpclient5\3.5.0\docker-java-transport-httpclient5-3.5.0.jar;C:\Users\USER\.m2\repository\com\github\docker-java\docker-java-transport\3.5.0\docker-java-transport-3.5.0.jar;C:\Users\USER\.m2\repository\net\java\dev\jna\jna\5.17.0\jna-5.17.0.jar;C:\Users\USER\.m2\repository\org\brotli\dec\0.1.2\dec-0.1.2.jar;C:\Users\USER\.m2\repository\org\apache\commons\commons-lang3\3.17.0\commons-lang3-3.17.0.jar;C:\Users\USER\.m2\repository\org\apache\commons\commons-compress\1.27.1\commons-compress-1.27.1.jar;C:\Users\USER\.m2\repository\commons-codec\commons-codec\1.17.1\commons-codec-1.17.1.jar;C:\Users\USER\.m2\repository\commons-io\commons-io\2.16.1\commons-io-2.16.1.jar;C:\Users\USER\.m2\repository\org\apache\httpcomponents\client5\httpclient5\5.4.3\httpclient5-5.4.3.jar;C:\Users\USER\.m2\repository\org\apache\httpcomponents\core5\httpcore5\5.3.4\httpcore5-5.3.4.jar;C:\Users\USER\.m2\repository\org\apache\httpcomponents\core5\httpcore5-h2\5.3.4\httpcore5-h2-5.3.4.jar;C:\Users\USER\.m2\repository\net\java\dev\jna\jna-platform\5.13.0\jna-platform-5.13.0.jar;C:\Users\USER\.m2\repository\io\rest-assured\rest-assured\5.5.5\rest-assured-5.5.5.jar;C:\Users\USER\.m2\repository\org\apache\groovy\groovy\4.0.22\groovy-4.0.22.jar;C:\Users\USER\.m2\repository\org\apache\groovy\groovy-xml\4.0.22\groovy-xml-4.0.22.jar;C:\Users\USER\.m2\repository\org\apache\httpcomponents\httpclient\4.5.13\httpclient-4.5.13.jar;C:\Users\USER\.m2\repository\org\apache\httpcomponents\httpcore\4.4.13\httpcore-4.4.13.jar;C:\Users\USER\.m2\repository\commons-logging\commons-logging\1.2\commons-logging-1.2.jar;C:\Users\USER\.m2\repository\org\apache\httpcomponents\httpmime\4.5.13\httpmime-4.5.13.jar;C:\Users\USER\.m2\repository\org\hamcrest\hamcrest\2.2\hamcrest-2.2.jar;C:\Users\USER\.m2\repository\org\ccil\cowan\tagsoup\tagsoup\1.2.1\tagsoup-1.2.1.jar;C:\Users\USER\.m2\repository\io\rest-assured\json-path\5.5.5\json-path-5.5.5.jar;C:\Users\USER\.m2\repository\org\apache\groovy\groovy-json\4.0.22\groovy-json-4.0.22.jar;C:\Users\USER\.m2\repository\io\rest-assured\rest-assured-common\5.5.5\rest-assured-common-5.5.5.jar;C:\Users\USER\.m2\repository\io\rest-assured\xml-path\5.5.5\xml-path-5.5.5.jar;C:\Users\USER\.m2\repository\io\rest-assured\json-schema-validator\5.5.5\json-schema-validator-5.5.5.jar;C:\Users\USER\.m2\repository\com\github\java-json-tools\json-schema-validator\2.2.14\json-schema-validator-2.2.14.jar;C:\Users\USER\.m2\repository\com\github\java-json-tools\jackson-coreutils-equivalence\1.0\jackson-coreutils-equivalence-1.0.jar;C:\Users\USER\.m2\repository\com\github\java-json-tools\jackson-coreutils\2.0\jackson-coreutils-2.0.jar;C:\Users\USER\.m2\repository\com\github\java-json-tools\msg-simple\1.2\msg-simple-1.2.jar;C:\Users\USER\.m2\repository\com\github\java-json-tools\btf\1.3\btf-1.3.jar;C:\Users\USER\.m2\repository\com\github\java-json-tools\json-schema-core\1.2.14\json-schema-core-1.2.14.jar;C:\Users\USER\.m2\repository\com\github\java-json-tools\uri-template\0.10\uri-template-0.10.jar;C:\Users\USER\.m2\repository\org\mozilla\rhino\1.7.7.2\rhino-1.7.7.2.jar;C:\Users\USER\.m2\repository\com\sun\mail\mailapi\1.6.2\mailapi-1.6.2.jar;C:\Users\USER\.m2\repository\joda-time\joda-time\2.10.5\joda-time-2.10.5.jar;C:\Users\USER\.m2\repository\com\googlecode\libphonenumber\libphonenumber\8.11.1\libphonenumber-8.11.1.jar;C:\Users\USER\.m2\repository\com\google\code\findbugs\jsr305\3.0.2\jsr305-3.0.2.jar;C:\Users\USER\.m2\repository\net\sf\jopt-simple\jopt-simple\5.0.4\jopt-simple-5.0.4.jar;C:\Users\USER\.m2\repository\com\google\guava\guava\33.2.1-jre\guava-33.2.1-jre.jar;C:\Users\USER\.m2\repository\com\google\guava\failureaccess\1.0.2\failureaccess-1.0.2.jar;C:\Users\USER\.m2\repository\com\google\guava\listenablefuture\9999.0-empty-to-avoid-conflict-with-guava\listenablefuture-9999.0-empty-to-avoid-conflict-with-guava.jar;C:\Users\USER\.m2\repository\org\checkerframework\checker-qual\3.42.0\checker-qual-3.42.0.jar;C:\Users\USER\.m2\repository\com\google\j2objc\j2objc-annotations\3.0.0\j2objc-annotations-3.0.0.jar;"/>
    <property name="java.vm.vendor" value="Oracle Corporation"/>
    <property name="sun.arch.data.model" value="64"/>
    <property name="user.variant" value=""/>
    <property name="java.vendor.url" value="https://java.oracle.com/"/>
    <property name="user.timezone" value="Africa/Sao_Tome"/>
    <property name="os.name" value="Windows 11"/>
    <property name="java.vm.specification.version" value="21"/>
    <property name="sun.java.launcher" value="SUN_STANDARD"/>
    <property name="user.country" value="US"/>
    <property name="sun.boot.library.path" value="C:\Program Files\Java\jdk-21\bin"/>
    <property name="sun.java.command" value="C:\Users\USER\AppData\Local\Temp\surefire13652937541801198584\surefirebooter-20250815141526251_3.jar C:\Users\USER\AppData\Local\Temp\surefire13652937541801198584 2025-08-15T14-15-25_760-jvmRun1 surefire-20250815141526251_1tmp surefire_0-20250815141526251_2tmp"/>
    <property name="jdk.debug" value="release"/>
    <property name="surefire.test.class.path" value="C:\home\Jenkins\workspace\FakeStore-API-Tests\target\test-classes;C:\home\Jenkins\workspace\FakeStore-API-Tests\target\classes;C:\Users\USER\.m2\repository\io\qameta\allure\allure-junit5\2.29.1\allure-junit5-2.29.1.jar;C:\Users\USER\.m2\repository\io\qameta\allure\allure-junit-platform\2.29.1\allure-junit-platform-2.29.1.jar;C:\Users\USER\.m2\repository\io\qameta\allure\allure-java-commons\2.29.1\allure-java-commons-2.29.1.jar;C:\Users\USER\.m2\repository\io\qameta\allure\allure-model\2.29.1\allure-model-2.29.1.jar;C:\Users\USER\.m2\repository\org\junit\platform\junit-platform-launcher\1.10.3\junit-platform-launcher-1.10.3.jar;C:\Users\USER\.m2\repository\io\qameta\allure\allure-test-filter\2.29.1\allure-test-filter-2.29.1.jar;C:\Users\USER\.m2\repository\io\qameta\allure\allure-rest-assured\2.27.0\allure-rest-assured-2.27.0.jar;C:\Users\USER\.m2\repository\io\qameta\allure\allure-attachments\2.27.0\allure-attachments-2.27.0.jar;C:\Users\USER\.m2\repository\org\freemarker\freemarker\2.3.31\freemarker-2.3.31.jar;C:\Users\USER\.m2\repository\org\junit\jupiter\junit-jupiter\5.10.2\junit-jupiter-5.10.2.jar;C:\Users\USER\.m2\repository\org\junit\jupiter\junit-jupiter-api\5.10.2\junit-jupiter-api-5.10.2.jar;C:\Users\USER\.m2\repository\org\opentest4j\opentest4j\1.3.0\opentest4j-1.3.0.jar;C:\Users\USER\.m2\repository\org\junit\platform\junit-platform-commons\1.10.2\junit-platform-commons-1.10.2.jar;C:\Users\USER\.m2\repository\org\apiguardian\apiguardian-api\1.1.2\apiguardian-api-1.1.2.jar;C:\Users\USER\.m2\repository\org\junit\jupiter\junit-jupiter-params\5.10.2\junit-jupiter-params-5.10.2.jar;C:\Users\USER\.m2\repository\org\junit\jupiter\junit-jupiter-engine\5.10.2\junit-jupiter-engine-5.10.2.jar;C:\Users\USER\.m2\repository\org\junit\platform\junit-platform-engine\1.10.2\junit-platform-engine-1.10.2.jar;C:\Users\USER\.m2\repository\io\github\bonigarcia\webdrivermanager\6.1.0\webdrivermanager-6.1.0.jar;C:\Users\USER\.m2\repository\org\slf4j\slf4j-api\2.0.17\slf4j-api-2.0.17.jar;C:\Users\USER\.m2\repository\com\google\code\gson\gson\2.13.0\gson-2.13.0.jar;C:\Users\USER\.m2\repository\com\google\errorprone\error_prone_annotations\2.37.0\error_prone_annotations-2.37.0.jar;C:\Users\USER\.m2\repository\com\github\docker-java\docker-java\3.5.0\docker-java-3.5.0.jar;C:\Users\USER\.m2\repository\com\github\docker-java\docker-java-core\3.5.0\docker-java-core-3.5.0.jar;C:\Users\USER\.m2\repository\com\github\docker-java\docker-java-api\3.5.0\docker-java-api-3.5.0.jar;C:\Users\USER\.m2\repository\com\fasterxml\jackson\core\jackson-annotations\2.18.3\jackson-annotations-2.18.3.jar;C:\Users\USER\.m2\repository\com\fasterxml\jackson\core\jackson-databind\2.18.3\jackson-databind-2.18.3.jar;C:\Users\USER\.m2\repository\com\fasterxml\jackson\core\jackson-core\2.18.3\jackson-core-2.18.3.jar;C:\Users\USER\.m2\repository\org\slf4j\jcl-over-slf4j\1.7.30\jcl-over-slf4j-1.7.30.jar;C:\Users\USER\.m2\repository\com\github\docker-java\docker-java-transport-httpclient5\3.5.0\docker-java-transport-httpclient5-3.5.0.jar;C:\Users\USER\.m2\repository\com\github\docker-java\docker-java-transport\3.5.0\docker-java-transport-3.5.0.jar;C:\Users\USER\.m2\repository\net\java\dev\jna\jna\5.17.0\jna-5.17.0.jar;C:\Users\USER\.m2\repository\org\brotli\dec\0.1.2\dec-0.1.2.jar;C:\Users\USER\.m2\repository\org\apache\commons\commons-lang3\3.17.0\commons-lang3-3.17.0.jar;C:\Users\USER\.m2\repository\org\apache\commons\commons-compress\1.27.1\commons-compress-1.27.1.jar;C:\Users\USER\.m2\repository\commons-codec\commons-codec\1.17.1\commons-codec-1.17.1.jar;C:\Users\USER\.m2\repository\commons-io\commons-io\2.16.1\commons-io-2.16.1.jar;C:\Users\USER\.m2\repository\org\apache\httpcomponents\client5\httpclient5\5.4.3\httpclient5-5.4.3.jar;C:\Users\USER\.m2\repository\org\apache\httpcomponents\core5\httpcore5\5.3.4\httpcore5-5.3.4.jar;C:\Users\USER\.m2\repository\org\apache\httpcomponents\core5\httpcore5-h2\5.3.4\httpcore5-h2-5.3.4.jar;C:\Users\USER\.m2\repository\net\java\dev\jna\jna-platform\5.13.0\jna-platform-5.13.0.jar;C:\Users\USER\.m2\repository\io\rest-assured\rest-assured\5.5.5\rest-assured-5.5.5.jar;C:\Users\USER\.m2\repository\org\apache\groovy\groovy\4.0.22\groovy-4.0.22.jar;C:\Users\USER\.m2\repository\org\apache\groovy\groovy-xml\4.0.22\groovy-xml-4.0.22.jar;C:\Users\USER\.m2\repository\org\apache\httpcomponents\httpclient\4.5.13\httpclient-4.5.13.jar;C:\Users\USER\.m2\repository\org\apache\httpcomponents\httpcore\4.4.13\httpcore-4.4.13.jar;C:\Users\USER\.m2\repository\commons-logging\commons-logging\1.2\commons-logging-1.2.jar;C:\Users\USER\.m2\repository\org\apache\httpcomponents\httpmime\4.5.13\httpmime-4.5.13.jar;C:\Users\USER\.m2\repository\org\hamcrest\hamcrest\2.2\hamcrest-2.2.jar;C:\Users\USER\.m2\repository\org\ccil\cowan\tagsoup\tagsoup\1.2.1\tagsoup-1.2.1.jar;C:\Users\USER\.m2\repository\io\rest-assured\json-path\5.5.5\json-path-5.5.5.jar;C:\Users\USER\.m2\repository\org\apache\groovy\groovy-json\4.0.22\groovy-json-4.0.22.jar;C:\Users\USER\.m2\repository\io\rest-assured\rest-assured-common\5.5.5\rest-assured-common-5.5.5.jar;C:\Users\USER\.m2\repository\io\rest-assured\xml-path\5.5.5\xml-path-5.5.5.jar;C:\Users\USER\.m2\repository\io\rest-assured\json-schema-validator\5.5.5\json-schema-validator-5.5.5.jar;C:\Users\USER\.m2\repository\com\github\java-json-tools\json-schema-validator\2.2.14\json-schema-validator-2.2.14.jar;C:\Users\USER\.m2\repository\com\github\java-json-tools\jackson-coreutils-equivalence\1.0\jackson-coreutils-equivalence-1.0.jar;C:\Users\USER\.m2\repository\com\github\java-json-tools\jackson-coreutils\2.0\jackson-coreutils-2.0.jar;C:\Users\USER\.m2\repository\com\github\java-json-tools\msg-simple\1.2\msg-simple-1.2.jar;C:\Users\USER\.m2\repository\com\github\java-json-tools\btf\1.3\btf-1.3.jar;C:\Users\USER\.m2\repository\com\github\java-json-tools\json-schema-core\1.2.14\json-schema-core-1.2.14.jar;C:\Users\USER\.m2\repository\com\github\java-json-tools\uri-template\0.10\uri-template-0.10.jar;C:\Users\USER\.m2\repository\org\mozilla\rhino\1.7.7.2\rhino-1.7.7.2.jar;C:\Users\USER\.m2\repository\com\sun\mail\mailapi\1.6.2\mailapi-1.6.2.jar;C:\Users\USER\.m2\repository\joda-time\joda-time\2.10.5\joda-time-2.10.5.jar;C:\Users\USER\.m2\repository\com\googlecode\libphonenumber\libphonenumber\8.11.1\libphonenumber-8.11.1.jar;C:\Users\USER\.m2\repository\com\google\code\findbugs\jsr305\3.0.2\jsr305-3.0.2.jar;C:\Users\USER\.m2\repository\net\sf\jopt-simple\jopt-simple\5.0.4\jopt-simple-5.0.4.jar;C:\Users\USER\.m2\repository\com\google\guava\guava\33.2.1-jre\guava-33.2.1-jre.jar;C:\Users\USER\.m2\repository\com\google\guava\failureaccess\1.0.2\failureaccess-1.0.2.jar;C:\Users\USER\.m2\repository\com\google\guava\listenablefuture\9999.0-empty-to-avoid-conflict-with-guava\listenablefuture-9999.0-empty-to-avoid-conflict-with-guava.jar;C:\Users\USER\.m2\repository\org\checkerframework\checker-qual\3.42.0\checker-qual-3.42.0.jar;C:\Users\USER\.m2\repository\com\google\j2objc\j2objc-annotations\3.0.0\j2objc-annotations-3.0.0.jar;"/>
    <property name="allure.results.directory" value="C:\home\Jenkins\workspace\FakeStore-API-Tests\target/allure-results"/>
    <property name="sun.cpu.endian" value="little"/>
    <property name="user.home" value="C:\Users\USER"/>
    <property name="user.language" value="en"/>
    <property name="java.specification.vendor" value="Oracle Corporation"/>
    <property name="java.version.date" value="2025-01-21"/>
    <property name="java.home" value="C:\Program Files\Java\jdk-21"/>
    <property name="file.separator" value="\"/>
    <property name="basedir" value="C:\home\Jenkins\workspace\FakeStore-API-Tests"/>
    <property name="java.vm.compressedOopsMode" value="Zero based"/>
    <property name="line.separator" value="&#10;"/>
    <property name="java.vm.specification.vendor" value="Oracle Corporation"/>
    <property name="java.specification.name" value="Java Platform API Specification"/>
    <property name="surefire.real.class.path" value="C:\Users\USER\AppData\Local\Temp\surefire13652937541801198584\surefirebooter-20250815141526251_3.jar"/>
    <property name="user.script" value=""/>
    <property name="sun.management.compiler" value="HotSpot 64-Bit Tiered Compilers"/>
    <property name="java.runtime.version" value="21.0.6+8-LTS-188"/>
    <property name="user.name" value="USER"/>
    <property name="stdout.encoding" value="Cp1252"/>
    <property name="path.separator" value=";"/>
    <property name="os.version" value="10.0"/>
    <property name="java.runtime.name" value="Java(TM) SE Runtime Environment"/>
    <property name="file.encoding" value="UTF-8"/>
    <property name="java.vm.name" value="Java HotSpot(TM) 64-Bit Server VM"/>
    <property name="localRepository" value="C:\Users\USER\.m2\repository"/>
    <property name="java.vendor.url.bug" value="https://bugreport.java.com/bugreport/"/>
    <property name="java.io.tmpdir" value="C:\Users\USER\AppData\Local\Temp\"/>
    <property name="java.version" value="21.0.6"/>
    <property name="user.dir" value="C:\home\Jenkins\workspace\FakeStore-API-Tests"/>
    <property name="os.arch" value="amd64"/>
    <property name="java.vm.specification.name" value="Java Virtual Machine Specification"/>
    <property name="sun.os.patch.level" value=""/>
    <property name="native.encoding" value="Cp1252"/>
    <property name="java.library.path" value="C:\Program Files\Java\jdk-21\bin;C:\WINDOWS\Sun\Java\bin;C:\WINDOWS\system32;C:\WINDOWS;C:\Program Files\Java\jdk-21/bin;C:\Users\USER\Downloads\Compressed\apache-maven-3.9.10-bin\apache-maven-3.9.10/bin;C:\Program Files\Java\jdk-21/bin;C:\Users\USER\Downloads\Compressed\apache-maven-3.9.10-bin\apache-maven-3.9.10/bin;C:\Program Files\Common Files\Oracle\Java\javapath;C:\WINDOWS\system32;C:\WINDOWS;C:\WINDOWS\System32\Wbem;C:\WINDOWS\System32\WindowsPowerShell\v1.0\;C:\WINDOWS\System32\OpenSSH\;C:\Program Files\Git\cmd;C:\Program Files\nodejs\;C:\Users\USER\Downloads\Compressed\apache-maven-3.9.10-bin\apache-maven-3.9.10\bin;C:\Program Files\Docker\Docker\resources\bin;C:\Windows\System32;C:\Users\USER\AppData\Local\Programs\Python\Python312\Scripts\;C:\Users\USER\AppData\Local\Programs\Python\Python312\;C:\Program Files\MySQL\MySQL Shell 8.0\bin\;C:\Users\USER\AppData\Local\Programs\Python\Python312\Scripts\;C:\Users\USER\AppData\Local\Programs\Python\Python312\;C:\Users\USER\AppData\Local\Programs\Python\Launcher\;C:\Users\USER\AppData\Local\Microsoft\WindowsApps;C:\Users\USER\AppData\Local\Programs\Python\Python312\python.exe;C:\Users\USER\AppData\Local\Programs\Microsoft VS Code\bin;C:\Users\USER\AppData\Local\Programs\Python\Python312\python.exe;C:\Users\USER\AppData\Roaming\npm;."/>
    <property name="java.vm.info" value="mixed mode, sharing"/>
    <property name="stderr.encoding" value="Cp1252"/>
    <property name="java.vendor" value="Oracle Corporation"/>
    <property name="java.vm.version" value="21.0.6+8-LTS-188"/>
    <property name="sun.io.unicode.encoding" value="UnicodeLittle"/>
    <property name="java.class.version" value="65.0"/>
  </properties>
  <testcase name="testRateLimiting" classname="com.example.fakestoreapi.test.performance.PerformanceTests" time="64.452">
    <system-out><![CDATA[Request method:	GET
Request URI:	https://fakestoreapi.com/products/1
Proxy:			<none>
Request params:	<none>
Query params:	<none>
Form params:	<none>
Path params:	<none>
Headers:		User-Agent=Mozilla/5.0 (CI-Test-Agent)
				Accept=*/*
				Content-Type=application/json
Cookies:		<none>
Multiparts:		<none>
Body:			<none>
HTTP/1.1 200 OK
Date: Fri, 15 Aug 2025 14:15:58 GMT
Content-Type: application/json; charset=utf-8
Transfer-Encoding: chunked
Connection: keep-alive
Access-Control-Allow-Origin: *
Etag: W/"16d-ryVvNeDR+OwaJd+i2vi/OPo/G4Y"
X-Powered-By: Express
Cf-Cache-Status: DYNAMIC
Nel: {"report_to":"cf-nel","success_fraction":0.0,"max_age":604800}
Report-To: {"group":"cf-nel","max_age":604800,"endpoints":[{"url":"https://a.nel.cloudflare.com/report/v4?s=J0gTCGD1JVE4uT5MZZVSSjvGOgrPWFoep6KE20tMckNPfYeaa6dhh6DPPLbYdr1Jp5tK63HP4YkdfG0gUuMv3r3RCam5s%2B%2FvH0ParkoFGLs%3D"}]}
Content-Encoding: gzip
Server: cloudflare
CF-RAY: 96f94ea0fc397521-CDG
alt-svc: h3=":443"; ma=86400

{
    "id": 1,
    "title": "Fjallraven - Foldsack No. 1 Backpack, Fits 15 Laptops",
    "price": 109.95,
    "description": "Your perfect pack for everyday use and walks in the forest. Stash your laptop (up to 15 inches) in the padded sleeve, your everyday",
    "category": "men's clothing",
    "image": "https://fakestoreapi.com/img/81fPKd-2AYL._AC_SL1500_t.png",
    "rating": {
        "rate": 3.9,
        "count": 120
    }
}
Request method:	GET
Request URI:	https://fakestoreapi.com/products/1
Proxy:			<none>
Request params:	<none>
Query params:	<none>
Form params:	<none>
Path params:	<none>
Headers:		User-Agent=Mozilla/5.0 (CI-Test-Agent)
				Accept=*/*
				Content-Type=application/json
Cookies:		<none>
Multiparts:		<none>
Body:			<none>
HTTP/1.1 200 OK
Date: Fri, 15 Aug 2025 14:15:59 GMT
Content-Type: application/json; charset=utf-8
Transfer-Encoding: chunked
Connection: keep-alive
Access-Control-Allow-Origin: *
Etag: W/"16d-ryVvNeDR+OwaJd+i2vi/OPo/G4Y"
X-Powered-By: Express
Cf-Cache-Status: DYNAMIC
Nel: {"report_to":"cf-nel","success_fraction":0.0,"max_age":604800}
Report-To: {"group":"cf-nel","max_age":604800,"endpoints":[{"url":"https://a.nel.cloudflare.com/report/v4?s=4bH2XyOa7VdqO4OLOcWnhl6%2BLCbQEJchjMSGRPMgOEljirY8FWa%2FJI8C1qfjWWvM4zO4KhW%2BRPS17bh4YiZIzbboBfEkLnSIz5up9MuJPUk%3D"}]}
Content-Encoding: gzip
Server: cloudflare
CF-RAY: 96f94ea5affe00a6-CDG
alt-svc: h3=":443"; ma=86400

{
    "id": 1,
    "title": "Fjallraven - Foldsack No. 1 Backpack, Fits 15 Laptops",
    "price": 109.95,
    "description": "Your perfect pack for everyday use and walks in the forest. Stash your laptop (up to 15 inches) in the padded sleeve, your everyday",
    "category": "men's clothing",
    "image": "https://fakestoreapi.com/img/81fPKd-2AYL._AC_SL1500_t.png",
    "rating": {
        "rate": 3.9,
        "count": 120
    }
}
Request method:	GET
Request URI:	https://fakestoreapi.com/products/1
Proxy:			<none>
Request params:	<none>
Query params:	<none>
Form params:	<none>
Path params:	<none>
Headers:		User-Agent=Mozilla/5.0 (CI-Test-Agent)
				Accept=*/*
				Content-Type=application/json
Cookies:		<none>
Multiparts:		<none>
Body:			<none>
HTTP/1.1 200 OK
Date: Fri, 15 Aug 2025 14:16:00 GMT
Content-Type: application/json; charset=utf-8
Transfer-Encoding: chunked
Connection: keep-alive
Access-Control-Allow-Origin: *
Etag: W/"16d-ryVvNeDR+OwaJd+i2vi/OPo/G4Y"
X-Powered-By: Express
Cf-Cache-Status: DYNAMIC
Nel: {"report_to":"cf-nel","success_fraction":0.0,"max_age":604800}
Report-To: {"group":"cf-nel","max_age":604800,"endpoints":[{"url":"https://a.nel.cloudflare.com/report/v4?s=SzsGw%2BEWGagREa3UmSDwCA2uCgcUgF0881UtovTULL%2B6jFkhv7exzcSdkOPrDH3hoM42%2FZy3gpRDTNgBltaQm4Uvoyw7FVvPwb0F0zm1ua4%3D"}]}
Content-Encoding: gzip
Server: cloudflare
CF-RAY: 96f94ea93b6bd122-CDG
alt-svc: h3=":443"; ma=86400

{
    "id": 1,
    "title": "Fjallraven - Foldsack No. 1 Backpack, Fits 15 Laptops",
    "price": 109.95,
    "description": "Your perfect pack for everyday use and walks in the forest. Stash your laptop (up to 15 inches) in the padded sleeve, your everyday",
    "category": "men's clothing",
    "image": "https://fakestoreapi.com/img/81fPKd-2AYL._AC_SL1500_t.png",
    "rating": {
        "rate": 3.9,
        "count": 120
    }
}
Request method:	GET
Request URI:	https://fakestoreapi.com/products/1
Proxy:			<none>
Request params:	<none>
Query params:	<none>
Form params:	<none>
Path params:	<none>
Headers:		User-Agent=Mozilla/5.0 (CI-Test-Agent)
				Accept=*/*
				Content-Type=application/json
Cookies:		<none>
Multiparts:		<none>
Body:			<none>
HTTP/1.1 200 OK
Date: Fri, 15 Aug 2025 14:16:00 GMT
Content-Type: application/json; charset=utf-8
Transfer-Encoding: chunked
Connection: keep-alive
Access-Control-Allow-Origin: *
Etag: W/"16d-ryVvNeDR+OwaJd+i2vi/OPo/G4Y"
X-Powered-By: Express
Cf-Cache-Status: DYNAMIC
Nel: {"report_to":"cf-nel","success_fraction":0.0,"max_age":604800}
Report-To: {"group":"cf-nel","max_age":604800,"endpoints":[{"url":"https://a.nel.cloudflare.com/report/v4?s=fBGeE%2BVVwKgLemjRXtPC0CUeQDw9k0f7Pqt%2ByTTT%2Fz8jLsDr6njUKFDQzM1fU%2FjPGtYHSncFB98Ch1jOR0uYJDTPxS5Fg7K6YvTn6Lxc3nc%3D"}]}
Content-Encoding: gzip
Server: cloudflare
CF-RAY: 96f94eade8d7735b-CDG
alt-svc: h3=":443"; ma=86400

{
    "id": 1,
    "title": "Fjallraven - Foldsack No. 1 Backpack, Fits 15 Laptops",
    "price": 109.95,
    "description": "Your perfect pack for everyday use and walks in the forest. Stash your laptop (up to 15 inches) in the padded sleeve, your everyday",
    "category": "men's clothing",
    "image": "https://fakestoreapi.com/img/81fPKd-2AYL._AC_SL1500_t.png",
    "rating": {
        "rate": 3.9,
        "count": 120
    }
}
Request method:	GET
Request URI:	https://fakestoreapi.com/products/1
Proxy:			<none>
Request params:	<none>
Query params:	<none>
Form params:	<none>
Path params:	<none>
Headers:		User-Agent=Mozilla/5.0 (CI-Test-Agent)
				Accept=*/*
				Content-Type=application/json
Cookies:		<none>
Multiparts:		<none>
Body:			<none>
HTTP/1.1 200 OK
Date: Fri, 15 Aug 2025 14:16:02 GMT
Content-Type: application/json; charset=utf-8
Transfer-Encoding: chunked
Connection: keep-alive
Access-Control-Allow-Origin: *
Etag: W/"16d-ryVvNeDR+OwaJd+i2vi/OPo/G4Y"
X-Powered-By: Express
Cf-Cache-Status: DYNAMIC
Nel: {"report_to":"cf-nel","success_fraction":0.0,"max_age":604800}
Report-To: {"group":"cf-nel","max_age":604800,"endpoints":[{"url":"https://a.nel.cloudflare.com/report/v4?s=Mbu0BJFX6z3e9w7Wnmp%2FDK6m7KkhRM%2FDaD%2BfvQW8nKdgrxV1GoA7A46QwQ%2FQ%2B59tC35rdIC3y5CYDtTnH3lZhRr1DxOrQMqNuL1f1g3%2B2zw%3D"}]}
Content-Encoding: gzip
Server: cloudflare
CF-RAY: 96f94eb93ae7f1a0-CDG
alt-svc: h3=":443"; ma=86400

{
    "id": 1,
    "title": "Fjallraven - Foldsack No. 1 Backpack, Fits 15 Laptops",
    "price": 109.95,
    "description": "Your perfect pack for everyday use and walks in the forest. Stash your laptop (up to 15 inches) in the padded sleeve, your everyday",
    "category": "men's clothing",
    "image": "https://fakestoreapi.com/img/81fPKd-2AYL._AC_SL1500_t.png",
    "rating": {
        "rate": 3.9,
        "count": 120
    }
}
Request method:	GET
Request URI:	https://fakestoreapi.com/products/1
Proxy:			<none>
Request params:	<none>
Query params:	<none>
Form params:	<none>
Path params:	<none>
Headers:		User-Agent=Mozilla/5.0 (CI-Test-Agent)
				Accept=*/*
				Content-Type=application/json
Cookies:		<none>
Multiparts:		<none>
Body:			<none>
HTTP/1.1 200 OK
Date: Fri, 15 Aug 2025 14:16:03 GMT
Content-Type: application/json; charset=utf-8
Transfer-Encoding: chunked
Connection: keep-alive
Access-Control-Allow-Origin: *
Etag: W/"16d-ryVvNeDR+OwaJd+i2vi/OPo/G4Y"
X-Powered-By: Express
Cf-Cache-Status: DYNAMIC
Nel: {"report_to":"cf-nel","success_fraction":0.0,"max_age":604800}
Report-To: {"group":"cf-nel","max_age":604800,"endpoints":[{"url":"https://a.nel.cloudflare.com/report/v4?s=875F9ZaCiI34jcfUEfeVCkxzBIZd3Ae3HC53tTo26Ktna6XuEPy8BojRzplxHYw1WlEeJaOkEK%2FTk90OVMILP4yL4tyUVGMP9GUvEfPTpD8%3D"}]}
Content-Encoding: gzip
Server: cloudflare
CF-RAY: 96f94ebd99617014-CDG
alt-svc: h3=":443"; ma=86400

{
    "id": 1,
    "title": "Fjallraven - Foldsack No. 1 Backpack, Fits 15 Laptops",
    "price": 109.95,
    "description": "Your perfect pack for everyday use and walks in the forest. Stash your laptop (up to 15 inches) in the padded sleeve, your everyday",
    "category": "men's clothing",
    "image": "https://fakestoreapi.com/img/81fPKd-2AYL._AC_SL1500_t.png",
    "rating": {
        "rate": 3.9,
        "count": 120
    }
}
Request method:	GET
Request URI:	https://fakestoreapi.com/products/1
Proxy:			<none>
Request params:	<none>
Query params:	<none>
Form params:	<none>
Path params:	<none>
Headers:		User-Agent=Mozilla/5.0 (CI-Test-Agent)
				Accept=*/*
				Content-Type=application/json
Cookies:		<none>
Multiparts:		<none>
Body:			<none>
HTTP/1.1 200 OK
Date: Fri, 15 Aug 2025 14:16:04 GMT
Content-Type: application/json; charset=utf-8
Transfer-Encoding: chunked
Connection: keep-alive
Access-Control-Allow-Origin: *
Etag: W/"16d-ryVvNeDR+OwaJd+i2vi/OPo/G4Y"
X-Powered-By: Express
Cf-Cache-Status: DYNAMIC
Nel: {"report_to":"cf-nel","success_fraction":0.0,"max_age":604800}
Report-To: {"group":"cf-nel","max_age":604800,"endpoints":[{"url":"https://a.nel.cloudflare.com/report/v4?s=PXgGr66As8JIPUF7arQSX81YWOHemKQB3FrKP7ev4g7Su61ddjS9%2FiADJrcHtms1TiN19iMT20q12iPA8Wx41IWV6LRCpVJFDy5lWkdOO6w%3D"}]}
Content-Encoding: gzip
Server: cloudflare
CF-RAY: 96f94ec169576ef9-CDG
alt-svc: h3=":443"; ma=86400

{
    "id": 1,
    "title": "Fjallraven - Foldsack No. 1 Backpack, Fits 15 Laptops",
    "price": 109.95,
    "description": "Your perfect pack for everyday use and walks in the forest. Stash your laptop (up to 15 inches) in the padded sleeve, your everyday",
    "category": "men's clothing",
    "image": "https://fakestoreapi.com/img/81fPKd-2AYL._AC_SL1500_t.png",
    "rating": {
        "rate": 3.9,
        "count": 120
    }
}
Request method:	GET
Request URI:	https://fakestoreapi.com/products/1
Proxy:			<none>
Request params:	<none>
Query params:	<none>
Form params:	<none>
Path params:	<none>
Headers:		User-Agent=Mozilla/5.0 (CI-Test-Agent)
				Accept=*/*
				Content-Type=application/json
Cookies:		<none>
Multiparts:		<none>
Body:			<none>
HTTP/1.1 200 OK
Date: Fri, 15 Aug 2025 14:16:04 GMT
Content-Type: application/json; charset=utf-8
Transfer-Encoding: chunked
Connection: keep-alive
Access-Control-Allow-Origin: *
Etag: W/"16d-ryVvNeDR+OwaJd+i2vi/OPo/G4Y"
X-Powered-By: Express
Cf-Cache-Status: DYNAMIC
Nel: {"report_to":"cf-nel","success_fraction":0.0,"max_age":604800}
Report-To: {"group":"cf-nel","max_age":604800,"endpoints":[{"url":"https://a.nel.cloudflare.com/report/v4?s=wBUnX8dFxgq4vT63LppGWCn03xr2wj82U%2B%2BpCDm7Kd1%2FMK1EEHlb%2BjkaI%2Fd0dCmbsNdAD4FCJj6Y4823lhT0V%2FjNZSR6968RKJ5dj37Vt8s%3D"}]}
Content-Encoding: gzip
Server: cloudflare
CF-RAY: 96f94ec5c86abb63-CDG
alt-svc: h3=":443"; ma=86400

{
    "id": 1,
    "title": "Fjallraven - Foldsack No. 1 Backpack, Fits 15 Laptops",
    "price": 109.95,
    "description": "Your perfect pack for everyday use and walks in the forest. Stash your laptop (up to 15 inches) in the padded sleeve, your everyday",
    "category": "men's clothing",
    "image": "https://fakestoreapi.com/img/81fPKd-2AYL._AC_SL1500_t.png",
    "rating": {
        "rate": 3.9,
        "count": 120
    }
}
Request method:	GET
Request URI:	https://fakestoreapi.com/products/1
Proxy:			<none>
Request params:	<none>
Query params:	<none>
Form params:	<none>
Path params:	<none>
Headers:		User-Agent=Mozilla/5.0 (CI-Test-Agent)
				Accept=*/*
				Content-Type=application/json
Cookies:		<none>
Multiparts:		<none>
Body:			<none>
HTTP/1.1 200 OK
Date: Fri, 15 Aug 2025 14:16:05 GMT
Content-Type: application/json; charset=utf-8
Transfer-Encoding: chunked
Connection: keep-alive
Access-Control-Allow-Origin: *
Etag: W/"16d-ryVvNeDR+OwaJd+i2vi/OPo/G4Y"
X-Powered-By: Express
Cf-Cache-Status: DYNAMIC
Nel: {"report_to":"cf-nel","success_fraction":0.0,"max_age":604800}
Report-To: {"group":"cf-nel","max_age":604800,"endpoints":[{"url":"https://a.nel.cloudflare.com/report/v4?s=kYilBWLJHqFewWUhD2hx%2B3GAk7Db3a55XnGfQdV7fiFlvpuh4Up2hDygDA035XPJMOCQa7hs6ih4qFhWOi7A7BNHGMnrfltiCp72c0pYqyo%3D"}]}
Content-Encoding: gzip
Server: cloudflare
CF-RAY: 96f94ec94e672a57-CDG
alt-svc: h3=":443"; ma=86400

{
    "id": 1,
    "title": "Fjallraven - Foldsack No. 1 Backpack, Fits 15 Laptops",
    "price": 109.95,
    "description": "Your perfect pack for everyday use and walks in the forest. Stash your laptop (up to 15 inches) in the padded sleeve, your everyday",
    "category": "men's clothing",
    "image": "https://fakestoreapi.com/img/81fPKd-2AYL._AC_SL1500_t.png",
    "rating": {
        "rate": 3.9,
        "count": 120
    }
}
Request method:	GET
Request URI:	https://fakestoreapi.com/products/1
Proxy:			<none>
Request params:	<none>
Query params:	<none>
Form params:	<none>
Path params:	<none>
Headers:		User-Agent=Mozilla/5.0 (CI-Test-Agent)
				Accept=*/*
				Content-Type=application/json
Cookies:		<none>
Multiparts:		<none>
Body:			<none>
HTTP/1.1 200 OK
Date: Fri, 15 Aug 2025 14:16:05 GMT
Content-Type: application/json; charset=utf-8
Transfer-Encoding: chunked
Connection: keep-alive
Access-Control-Allow-Origin: *
Etag: W/"16d-ryVvNeDR+OwaJd+i2vi/OPo/G4Y"
X-Powered-By: Express
Cf-Cache-Status: DYNAMIC
Nel: {"report_to":"cf-nel","success_fraction":0.0,"max_age":604800}
Report-To: {"group":"cf-nel","max_age":604800,"endpoints":[{"url":"https://a.nel.cloudflare.com/report/v4?s=NL1aEU0dsQwbxgYhC2llHDzzR9Q8T%2BFkX%2F09le8t%2BdAPeexKFWYlO235FihVaqtYAHwSkeh7zjEOpWsEb0xAnqs865xQlwYHx5tJ5oA9wxk%3D"}]}
Content-Encoding: gzip
Server: cloudflare
CF-RAY: 96f94eccc9686fc3-CDG
alt-svc: h3=":443"; ma=86400

{
    "id": 1,
    "title": "Fjallraven - Foldsack No. 1 Backpack, Fits 15 Laptops",
    "price": 109.95,
    "description": "Your perfect pack for everyday use and walks in the forest. Stash your laptop (up to 15 inches) in the padded sleeve, your everyday",
    "category": "men's clothing",
    "image": "https://fakestoreapi.com/img/81fPKd-2AYL._AC_SL1500_t.png",
    "rating": {
        "rate": 3.9,
        "count": 120
    }
}
Request method:	GET
Request URI:	https://fakestoreapi.com/products/1
Proxy:			<none>
Request params:	<none>
Query params:	<none>
Form params:	<none>
Path params:	<none>
Headers:		User-Agent=Mozilla/5.0 (CI-Test-Agent)
				Accept=*/*
				Content-Type=application/json
Cookies:		<none>
Multiparts:		<none>
Body:			<none>
HTTP/1.1 200 OK
Date: Fri, 15 Aug 2025 14:16:06 GMT
Content-Type: application/json; charset=utf-8
Transfer-Encoding: chunked
Connection: keep-alive
Access-Control-Allow-Origin: *
Etag: W/"16d-ryVvNeDR+OwaJd+i2vi/OPo/G4Y"
X-Powered-By: Express
Cf-Cache-Status: DYNAMIC
Nel: {"report_to":"cf-nel","success_fraction":0.0,"max_age":604800}
Report-To: {"group":"cf-nel","max_age":604800,"endpoints":[{"url":"https://a.nel.cloudflare.com/report/v4?s=pWmoS3Mo9NBHE5q4ah%2BZKrNhufTEogustJUhvBvm2oJZ0y5IlN9UhmA64sIly2FpB220GQeXz7tAJjz%2FBCY0DOlVHZR8WvD%2BhDrUcWXf6c4%3D"}]}
Content-Encoding: gzip
Server: cloudflare
CF-RAY: 96f94ed03a640692-CDG
alt-svc: h3=":443"; ma=86400

{
    "id": 1,
    "title": "Fjallraven - Foldsack No. 1 Backpack, Fits 15 Laptops",
    "price": 109.95,
    "description": "Your perfect pack for everyday use and walks in the forest. Stash your laptop (up to 15 inches) in the padded sleeve, your everyday",
    "category": "men's clothing",
    "image": "https://fakestoreapi.com/img/81fPKd-2AYL._AC_SL1500_t.png",
    "rating": {
        "rate": 3.9,
        "count": 120
    }
}
Request method:	GET
Request URI:	https://fakestoreapi.com/products/1
Proxy:			<none>
Request params:	<none>
Query params:	<none>
Form params:	<none>
Path params:	<none>
Headers:		User-Agent=Mozilla/5.0 (CI-Test-Agent)
				Accept=*/*
				Content-Type=application/json
Cookies:		<none>
Multiparts:		<none>
Body:			<none>
HTTP/1.1 200 OK
Date: Fri, 15 Aug 2025 14:16:07 GMT
Content-Type: application/json; charset=utf-8
Transfer-Encoding: chunked
Connection: keep-alive
Access-Control-Allow-Origin: *
Etag: W/"16d-ryVvNeDR+OwaJd+i2vi/OPo/G4Y"
X-Powered-By: Express
Cf-Cache-Status: DYNAMIC
Nel: {"report_to":"cf-nel","success_fraction":0.0,"max_age":604800}
Report-To: {"group":"cf-nel","max_age":604800,"endpoints":[{"url":"https://a.nel.cloudflare.com/report/v4?s=6gK4yCNznkf7k0fg83wFC%2BI1hHXLCTc%2BcMZ7f%2FAHeG0jqTwN4tbXRlXxyNfrj8wXPRtTMJTV0gMy%2BXjYETBlW8CWpoErEH5lryTwqHkJCqo%3D"}]}
Content-Encoding: gzip
Server: cloudflare
CF-RAY: 96f94ed46d10d6b6-CDG
alt-svc: h3=":443"; ma=86400

{
    "id": 1,
    "title": "Fjallraven - Foldsack No. 1 Backpack, Fits 15 Laptops",
    "price": 109.95,
    "description": "Your perfect pack for everyday use and walks in the forest. Stash your laptop (up to 15 inches) in the padded sleeve, your everyday",
    "category": "men's clothing",
    "image": "https://fakestoreapi.com/img/81fPKd-2AYL._AC_SL1500_t.png",
    "rating": {
        "rate": 3.9,
        "count": 120
    }
}
Request method:	GET
Request URI:	https://fakestoreapi.com/products/1
Proxy:			<none>
Request params:	<none>
Query params:	<none>
Form params:	<none>
Path params:	<none>
Headers:		User-Agent=Mozilla/5.0 (CI-Test-Agent)
				Accept=*/*
				Content-Type=application/json
Cookies:		<none>
Multiparts:		<none>
Body:			<none>
HTTP/1.1 200 OK
Date: Fri, 15 Aug 2025 14:16:07 GMT
Content-Type: application/json; charset=utf-8
Transfer-Encoding: chunked
Connection: keep-alive
Access-Control-Allow-Origin: *
Etag: W/"16d-ryVvNeDR+OwaJd+i2vi/OPo/G4Y"
X-Powered-By: Express
Cf-Cache-Status: DYNAMIC
Nel: {"report_to":"cf-nel","success_fraction":0.0,"max_age":604800}
Report-To: {"group":"cf-nel","max_age":604800,"endpoints":[{"url":"https://a.nel.cloudflare.com/report/v4?s=%2Fgyu6plSXQAu62U5cNQ9u5IInox6ugtWkYsf%2Fb3k%2BXcQ2S25Z2BBj3qN8yH6t%2BTaecTqoKyAHAoufO0dj%2Foml5RV4UUnM5onBsMb7YVZlcM%3D"}]}
Content-Encoding: gzip
Server: cloudflare
CF-RAY: 96f94ed80ecf216f-CDG
alt-svc: h3=":443"; ma=86400

{
    "id": 1,
    "title": "Fjallraven - Foldsack No. 1 Backpack, Fits 15 Laptops",
    "price": 109.95,
    "description": "Your perfect pack for everyday use and walks in the forest. Stash your laptop (up to 15 inches) in the padded sleeve, your everyday",
    "category": "men's clothing",
    "image": "https://fakestoreapi.com/img/81fPKd-2AYL._AC_SL1500_t.png",
    "rating": {
        "rate": 3.9,
        "count": 120
    }
}
Request method:	GET
Request URI:	https://fakestoreapi.com/products/1
Proxy:			<none>
Request params:	<none>
Query params:	<none>
Form params:	<none>
Path params:	<none>
Headers:		User-Agent=Mozilla/5.0 (CI-Test-Agent)
				Accept=*/*
				Content-Type=application/json
Cookies:		<none>
Multiparts:		<none>
Body:			<none>
HTTP/1.1 200 OK
Date: Fri, 15 Aug 2025 14:16:08 GMT
Content-Type: application/json; charset=utf-8
Transfer-Encoding: chunked
Connection: keep-alive
Access-Control-Allow-Origin: *
Etag: W/"16d-ryVvNeDR+OwaJd+i2vi/OPo/G4Y"
X-Powered-By: Express
Cf-Cache-Status: DYNAMIC
Nel: {"report_to":"cf-nel","success_fraction":0.0,"max_age":604800}
Report-To: {"group":"cf-nel","max_age":604800,"endpoints":[{"url":"https://a.nel.cloudflare.com/report/v4?s=BwOhBuRDdLKxrj%2BichtfYK8PoFguNmysdpg1BpDmAyjm3zVO9kXqooFYx5uxTeQG0rF%2B%2BoPa0vLu%2BnsLdLEMtf%2BOarespAY6rdyqP5dBSUs%3D"}]}
Content-Encoding: gzip
Server: cloudflare
CF-RAY: 96f94edba87902c9-CDG
alt-svc: h3=":443"; ma=86400

{
    "id": 1,
    "title": "Fjallraven - Foldsack No. 1 Backpack, Fits 15 Laptops",
    "price": 109.95,
    "description": "Your perfect pack for everyday use and walks in the forest. Stash your laptop (up to 15 inches) in the padded sleeve, your everyday",
    "category": "men's clothing",
    "image": "https://fakestoreapi.com/img/81fPKd-2AYL._AC_SL1500_t.png",
    "rating": {
        "rate": 3.9,
        "count": 120
    }
}
Request method:	GET
Request URI:	https://fakestoreapi.com/products/1
Proxy:			<none>
Request params:	<none>
Query params:	<none>
Form params:	<none>
Path params:	<none>
Headers:		User-Agent=Mozilla/5.0 (CI-Test-Agent)
				Accept=*/*
				Content-Type=application/json
Cookies:		<none>
Multiparts:		<none>
Body:			<none>
HTTP/1.1 200 OK
Date: Fri, 15 Aug 2025 14:16:09 GMT
Content-Type: application/json; charset=utf-8
Transfer-Encoding: chunked
Connection: keep-alive
Access-Control-Allow-Origin: *
Etag: W/"16d-ryVvNeDR+OwaJd+i2vi/OPo/G4Y"
X-Powered-By: Express
Cf-Cache-Status: DYNAMIC
Nel: {"report_to":"cf-nel","success_fraction":0.0,"max_age":604800}
Report-To: {"group":"cf-nel","max_age":604800,"endpoints":[{"url":"https://a.nel.cloudflare.com/report/v4?s=nm7TM%2Fcl%2B0CXG6AabgEEgLF0YvRTzzTh6Z1OgyL8nh4dQHwcnlsmJfeK3qhnSLrO3Nj%2F5axXKNmV%2FmF0ss6WR6acaSJo2EdymqYnf9cIDx4%3D"}]}
Content-Encoding: gzip
Server: cloudflare
CF-RAY: 96f94ee049d83cc1-CDG
alt-svc: h3=":443"; ma=86400

{
    "id": 1,
    "title": "Fjallraven - Foldsack No. 1 Backpack, Fits 15 Laptops",
    "price": 109.95,
    "description": "Your perfect pack for everyday use and walks in the forest. Stash your laptop (up to 15 inches) in the padded sleeve, your everyday",
    "category": "men's clothing",
    "image": "https://fakestoreapi.com/img/81fPKd-2AYL._AC_SL1500_t.png",
    "rating": {
        "rate": 3.9,
        "count": 120
    }
}
Request method:	GET
Request URI:	https://fakestoreapi.com/products/1
Proxy:			<none>
Request params:	<none>
Query params:	<none>
Form params:	<none>
Path params:	<none>
Headers:		User-Agent=Mozilla/5.0 (CI-Test-Agent)
				Accept=*/*
				Content-Type=application/json
Cookies:		<none>
Multiparts:		<none>
Body:			<none>
HTTP/1.1 200 OK
Date: Fri, 15 Aug 2025 14:16:09 GMT
Content-Type: application/json; charset=utf-8
Transfer-Encoding: chunked
Connection: keep-alive
Access-Control-Allow-Origin: *
Etag: W/"16d-ryVvNeDR+OwaJd+i2vi/OPo/G4Y"
X-Powered-By: Express
Cf-Cache-Status: DYNAMIC
Nel: {"report_to":"cf-nel","success_fraction":0.0,"max_age":604800}
Report-To: {"group":"cf-nel","max_age":604800,"endpoints":[{"url":"https://a.nel.cloudflare.com/report/v4?s=TX%2B0IajNoAw2NOzJqqP%2BNv9L4W4p7PhYWCNgqMOFYhLYp7JJyQF8R2pGBla0C1cDYpa7QnL73RGwQTJyYQXZx2RAuMeg7U5nlaTDsJVdERU%3D"}]}
Content-Encoding: gzip
Server: cloudflare
CF-RAY: 96f94ee419490281-CDG
alt-svc: h3=":443"; ma=86400

{
    "id": 1,
    "title": "Fjallraven - Foldsack No. 1 Backpack, Fits 15 Laptops",
    "price": 109.95,
    "description": "Your perfect pack for everyday use and walks in the forest. Stash your laptop (up to 15 inches) in the padded sleeve, your everyday",
    "category": "men's clothing",
    "image": "https://fakestoreapi.com/img/81fPKd-2AYL._AC_SL1500_t.png",
    "rating": {
        "rate": 3.9,
        "count": 120
    }
}
Request method:	GET
Request URI:	https://fakestoreapi.com/products/1
Proxy:			<none>
Request params:	<none>
Query params:	<none>
Form params:	<none>
Path params:	<none>
Headers:		User-Agent=Mozilla/5.0 (CI-Test-Agent)
				Accept=*/*
				Content-Type=application/json
Cookies:		<none>
Multiparts:		<none>
Body:			<none>
HTTP/1.1 200 OK
Date: Fri, 15 Aug 2025 14:16:10 GMT
Content-Type: application/json; charset=utf-8
Transfer-Encoding: chunked
Connection: keep-alive
Access-Control-Allow-Origin: *
Etag: W/"16d-ryVvNeDR+OwaJd+i2vi/OPo/G4Y"
X-Powered-By: Express
Cf-Cache-Status: DYNAMIC
Nel: {"report_to":"cf-nel","success_fraction":0.0,"max_age":604800}
Report-To: {"group":"cf-nel","max_age":604800,"endpoints":[{"url":"https://a.nel.cloudflare.com/report/v4?s=6dPE8z%2FdevkosqmpIGHRmANVW5svkuSU6dqAjeCtlZ21mKw%2FRBui5Uvc9NgGIxMZcK%2Bd6ccM4qIk4zX9va3WaLID1A6kilhqQpHMT7i%2FM4M%3D"}]}
Content-Encoding: gzip
Server: cloudflare
CF-RAY: 96f94ee7de64709b-CDG
alt-svc: h3=":443"; ma=86400

{
    "id": 1,
    "title": "Fjallraven - Foldsack No. 1 Backpack, Fits 15 Laptops",
    "price": 109.95,
    "description": "Your perfect pack for everyday use and walks in the forest. Stash your laptop (up to 15 inches) in the padded sleeve, your everyday",
    "category": "men's clothing",
    "image": "https://fakestoreapi.com/img/81fPKd-2AYL._AC_SL1500_t.png",
    "rating": {
        "rate": 3.9,
        "count": 120
    }
}
Request method:	GET
Request URI:	https://fakestoreapi.com/products/1
Proxy:			<none>
Request params:	<none>
Query params:	<none>
Form params:	<none>
Path params:	<none>
Headers:		User-Agent=Mozilla/5.0 (CI-Test-Agent)
				Accept=*/*
				Content-Type=application/json
Cookies:		<none>
Multiparts:		<none>
Body:			<none>
HTTP/1.1 200 OK
Date: Fri, 15 Aug 2025 14:16:10 GMT
Content-Type: application/json; charset=utf-8
Transfer-Encoding: chunked
Connection: keep-alive
Access-Control-Allow-Origin: *
Etag: W/"16d-ryVvNeDR+OwaJd+i2vi/OPo/G4Y"
X-Powered-By: Express
Cf-Cache-Status: DYNAMIC
Nel: {"report_to":"cf-nel","success_fraction":0.0,"max_age":604800}
Report-To: {"group":"cf-nel","max_age":604800,"endpoints":[{"url":"https://a.nel.cloudflare.com/report/v4?s=fvMnvuqmaM%2Fo0enNv4Db%2BMZf4IG3Y7TA%2Fqi7uieD38i%2BZfDUR5rwOBtRCw9%2BkwlKpKtVpJ12D1IECLOusjj%2F%2BxfrOavxQuz5UvyftMK6AKE%3D"}]}
Content-Encoding: gzip
Server: cloudflare
CF-RAY: 96f94eeb98197829-CDG
alt-svc: h3=":443"; ma=86400

{
    "id": 1,
    "title": "Fjallraven - Foldsack No. 1 Backpack, Fits 15 Laptops",
    "price": 109.95,
    "description": "Your perfect pack for everyday use and walks in the forest. Stash your laptop (up to 15 inches) in the padded sleeve, your everyday",
    "category": "men's clothing",
    "image": "https://fakestoreapi.com/img/81fPKd-2AYL._AC_SL1500_t.png",
    "rating": {
        "rate": 3.9,
        "count": 120
    }
}
Request method:	GET
Request URI:	https://fakestoreapi.com/products/1
Proxy:			<none>
Request params:	<none>
Query params:	<none>
Form params:	<none>
Path params:	<none>
Headers:		User-Agent=Mozilla/5.0 (CI-Test-Agent)
				Accept=*/*
				Content-Type=application/json
Cookies:		<none>
Multiparts:		<none>
Body:			<none>
HTTP/1.1 200 OK
Date: Fri, 15 Aug 2025 14:16:11 GMT
Content-Type: application/json; charset=utf-8
Transfer-Encoding: chunked
Connection: keep-alive
Access-Control-Allow-Origin: *
Etag: W/"16d-ryVvNeDR+OwaJd+i2vi/OPo/G4Y"
X-Powered-By: Express
Cf-Cache-Status: DYNAMIC
Nel: {"report_to":"cf-nel","success_fraction":0.0,"max_age":604800}
Report-To: {"group":"cf-nel","max_age":604800,"endpoints":[{"url":"https://a.nel.cloudflare.com/report/v4?s=3SyhvHIbvzSYSbO%2FrJ2RsesV4yd5JHkKXvTsKKKO1J6f5evTMevowEOqZTzq50iOpdSO7bADU763lhMIkDeBK%2Bjm2NKZpy79UISlbEjuUic%3D"}]}
Content-Encoding: gzip
Server: cloudflare
CF-RAY: 96f94ef02eb901bb-CDG
alt-svc: h3=":443"; ma=86400

{
    "id": 1,
    "title": "Fjallraven - Foldsack No. 1 Backpack, Fits 15 Laptops",
    "price": 109.95,
    "description": "Your perfect pack for everyday use and walks in the forest. Stash your laptop (up to 15 inches) in the padded sleeve, your everyday",
    "category": "men's clothing",
    "image": "https://fakestoreapi.com/img/81fPKd-2AYL._AC_SL1500_t.png",
    "rating": {
        "rate": 3.9,
        "count": 120
    }
}
Request method:	GET
Request URI:	https://fakestoreapi.com/products/1
Proxy:			<none>
Request params:	<none>
Query params:	<none>
Form params:	<none>
Path params:	<none>
Headers:		User-Agent=Mozilla/5.0 (CI-Test-Agent)
				Accept=*/*
				Content-Type=application/json
Cookies:		<none>
Multiparts:		<none>
Body:			<none>
HTTP/1.1 200 OK
Date: Fri, 15 Aug 2025 14:16:12 GMT
Content-Type: application/json; charset=utf-8
Transfer-Encoding: chunked
Connection: keep-alive
Access-Control-Allow-Origin: *
Etag: W/"16d-ryVvNeDR+OwaJd+i2vi/OPo/G4Y"
X-Powered-By: Express
Cf-Cache-Status: DYNAMIC
Nel: {"report_to":"cf-nel","success_fraction":0.0,"max_age":604800}
Report-To: {"group":"cf-nel","max_age":604800,"endpoints":[{"url":"https://a.nel.cloudflare.com/report/v4?s=dhkI2bd26BjEosnZlRSxH1TuxWTm8Fm6gFah%2FYX2a4zKvKTJrN6K2KtdCot%2FSJPkH8bHC8YRm3kQMwYqrzK64oBkn12cPJDG%2BcpZL%2Bzuh0o%3D"}]}
Content-Encoding: gzip
Server: cloudflare
CF-RAY: 96f94ef3eeed6f69-CDG
alt-svc: h3=":443"; ma=86400

{
    "id": 1,
    "title": "Fjallraven - Foldsack No. 1 Backpack, Fits 15 Laptops",
    "price": 109.95,
    "description": "Your perfect pack for everyday use and walks in the forest. Stash your laptop (up to 15 inches) in the padded sleeve, your everyday",
    "category": "men's clothing",
    "image": "https://fakestoreapi.com/img/81fPKd-2AYL._AC_SL1500_t.png",
    "rating": {
        "rate": 3.9,
        "count": 120
    }
}
Request method:	GET
Request URI:	https://fakestoreapi.com/products/1
Proxy:			<none>
Request params:	<none>
Query params:	<none>
Form params:	<none>
Path params:	<none>
Headers:		User-Agent=Mozilla/5.0 (CI-Test-Agent)
				Accept=*/*
				Content-Type=application/json
Cookies:		<none>
Multiparts:		<none>
Body:			<none>
HTTP/1.1 200 OK
Date: Fri, 15 Aug 2025 14:16:12 GMT
Content-Type: application/json; charset=utf-8
Transfer-Encoding: chunked
Connection: keep-alive
Access-Control-Allow-Origin: *
Etag: W/"16d-ryVvNeDR+OwaJd+i2vi/OPo/G4Y"
X-Powered-By: Express
Cf-Cache-Status: DYNAMIC
Nel: {"report_to":"cf-nel","success_fraction":0.0,"max_age":604800}
Report-To: {"group":"cf-nel","max_age":604800,"endpoints":[{"url":"https://a.nel.cloudflare.com/report/v4?s=TGIcebobfcn2JxqhIAAq7UFWnu10%2BYWArGwJRudEZ91GIj9JNmPBM6vBaFzaMhx0INKVpke84kLZ0nHolgDmAo4RCcjScGM%2B0TeFihHzcD0%3D"}]}
Content-Encoding: gzip
Server: cloudflare
CF-RAY: 96f94ef7fce26f4e-CDG
alt-svc: h3=":443"; ma=86400

{
    "id": 1,
    "title": "Fjallraven - Foldsack No. 1 Backpack, Fits 15 Laptops",
    "price": 109.95,
    "description": "Your perfect pack for everyday use and walks in the forest. Stash your laptop (up to 15 inches) in the padded sleeve, your everyday",
    "category": "men's clothing",
    "image": "https://fakestoreapi.com/img/81fPKd-2AYL._AC_SL1500_t.png",
    "rating": {
        "rate": 3.9,
        "count": 120
    }
}
Request method:	GET
Request URI:	https://fakestoreapi.com/products/1
Proxy:			<none>
Request params:	<none>
Query params:	<none>
Form params:	<none>
Path params:	<none>
Headers:		User-Agent=Mozilla/5.0 (CI-Test-Agent)
				Accept=*/*
				Content-Type=application/json
Cookies:		<none>
Multiparts:		<none>
Body:			<none>
HTTP/1.1 200 OK
Date: Fri, 15 Aug 2025 14:16:13 GMT
Content-Type: application/json; charset=utf-8
Transfer-Encoding: chunked
Connection: keep-alive
Access-Control-Allow-Origin: *
Etag: W/"16d-ryVvNeDR+OwaJd+i2vi/OPo/G4Y"
X-Powered-By: Express
Cf-Cache-Status: DYNAMIC
Nel: {"report_to":"cf-nel","success_fraction":0.0,"max_age":604800}
Report-To: {"group":"cf-nel","max_age":604800,"endpoints":[{"url":"https://a.nel.cloudflare.com/report/v4?s=BqoysRPgC6RqJTx0xsUyPBB%2FgEi1pc6glFAWPB9R0dU97VVAkNanJDbrkFj34xk1U3xYqz8L27uM7dxBvWPGT1yDn8PsjYgBRCKoZHdju1U%3D"}]}
Content-Encoding: gzip
Server: cloudflare
CF-RAY: 96f94efbfcfca289-CDG
alt-svc: h3=":443"; ma=86400

{
    "id": 1,
    "title": "Fjallraven - Foldsack No. 1 Backpack, Fits 15 Laptops",
    "price": 109.95,
    "description": "Your perfect pack for everyday use and walks in the forest. Stash your laptop (up to 15 inches) in the padded sleeve, your everyday",
    "category": "men's clothing",
    "image": "https://fakestoreapi.com/img/81fPKd-2AYL._AC_SL1500_t.png",
    "rating": {
        "rate": 3.9,
        "count": 120
    }
}
Request method:	GET
Request URI:	https://fakestoreapi.com/products/1
Proxy:			<none>
Request params:	<none>
Query params:	<none>
Form params:	<none>
Path params:	<none>
Headers:		User-Agent=Mozilla/5.0 (CI-Test-Agent)
				Accept=*/*
				Content-Type=application/json
Cookies:		<none>
Multiparts:		<none>
Body:			<none>
HTTP/1.1 200 OK
Date: Fri, 15 Aug 2025 14:16:14 GMT
Content-Type: application/json; charset=utf-8
Transfer-Encoding: chunked
Connection: keep-alive
Access-Control-Allow-Origin: *
Etag: W/"16d-ryVvNeDR+OwaJd+i2vi/OPo/G4Y"
X-Powered-By: Express
Cf-Cache-Status: DYNAMIC
Nel: {"report_to":"cf-nel","success_fraction":0.0,"max_age":604800}
Report-To: {"group":"cf-nel","max_age":604800,"endpoints":[{"url":"https://a.nel.cloudflare.com/report/v4?s=DpREsSkmtF%2FN81s4CiVEL7nLK3XyUrGAEFQDNeHKty0rLcxFNu4CW9jVBSiaUo7PUJH%2F351CG85oDDiMXAiGug38bvueIIyF7Db5a9FOU%2B0%3D"}]}
Content-Encoding: gzip
Server: cloudflare
CF-RAY: 96f94efffd1bbb87-CDG
alt-svc: h3=":443"; ma=86400

{
    "id": 1,
    "title": "Fjallraven - Foldsack No. 1 Backpack, Fits 15 Laptops",
    "price": 109.95,
    "description": "Your perfect pack for everyday use and walks in the forest. Stash your laptop (up to 15 inches) in the padded sleeve, your everyday",
    "category": "men's clothing",
    "image": "https://fakestoreapi.com/img/81fPKd-2AYL._AC_SL1500_t.png",
    "rating": {
        "rate": 3.9,
        "count": 120
    }
}
Request method:	GET
Request URI:	https://fakestoreapi.com/products/1
Proxy:			<none>
Request params:	<none>
Query params:	<none>
Form params:	<none>
Path params:	<none>
Headers:		User-Agent=Mozilla/5.0 (CI-Test-Agent)
				Accept=*/*
				Content-Type=application/json
Cookies:		<none>
Multiparts:		<none>
Body:			<none>
HTTP/1.1 200 OK
Date: Fri, 15 Aug 2025 14:16:14 GMT
Content-Type: application/json; charset=utf-8
Transfer-Encoding: chunked
Connection: keep-alive
Access-Control-Allow-Origin: *
Etag: W/"16d-ryVvNeDR+OwaJd+i2vi/OPo/G4Y"
X-Powered-By: Express
Cf-Cache-Status: DYNAMIC
Nel: {"report_to":"cf-nel","success_fraction":0.0,"max_age":604800}
Report-To: {"group":"cf-nel","max_age":604800,"endpoints":[{"url":"https://a.nel.cloudflare.com/report/v4?s=fxn4YDngTgqEMt2ug3Y3EDxQJMAH%2BBdb35bjgi05s77BfMe5CCCCeL2imBikuDRNdg9FH17lfCOhQ3JhERuyFdnS4T2JCqM%2F5CcwoWvbMzU%3D"}]}
Content-Encoding: gzip
Server: cloudflare
CF-RAY: 96f94f03ea3b42ba-CDG
alt-svc: h3=":443"; ma=86400

{
    "id": 1,
    "title": "Fjallraven - Foldsack No. 1 Backpack, Fits 15 Laptops",
    "price": 109.95,
    "description": "Your perfect pack for everyday use and walks in the forest. Stash your laptop (up to 15 inches) in the padded sleeve, your everyday",
    "category": "men's clothing",
    "image": "https://fakestoreapi.com/img/81fPKd-2AYL._AC_SL1500_t.png",
    "rating": {
        "rate": 3.9,
        "count": 120
    }
}
Request method:	GET
Request URI:	https://fakestoreapi.com/products/1
Proxy:			<none>
Request params:	<none>
Query params:	<none>
Form params:	<none>
Path params:	<none>
Headers:		User-Agent=Mozilla/5.0 (CI-Test-Agent)
				Accept=*/*
				Content-Type=application/json
Cookies:		<none>
Multiparts:		<none>
Body:			<none>
HTTP/1.1 200 OK
Date: Fri, 15 Aug 2025 14:16:15 GMT
Content-Type: application/json; charset=utf-8
Transfer-Encoding: chunked
Connection: keep-alive
Access-Control-Allow-Origin: *
Etag: W/"16d-ryVvNeDR+OwaJd+i2vi/OPo/G4Y"
X-Powered-By: Express
Cf-Cache-Status: DYNAMIC
Nel: {"report_to":"cf-nel","success_fraction":0.0,"max_age":604800}
Report-To: {"group":"cf-nel","max_age":604800,"endpoints":[{"url":"https://a.nel.cloudflare.com/report/v4?s=2cQkTASKqjXJZ1%2FJpFE6jaQ0sWpbU4wXmk6ROaK0UYF5iPkhcJOhzSCeIzgRTaNsRzxG7ufiTmJgxlQqN0RbshGuiygfuvNc7t1J3z23kxY%3D"}]}
Content-Encoding: gzip
Server: cloudflare
CF-RAY: 96f94f083d56647a-CDG
alt-svc: h3=":443"; ma=86400

{
    "id": 1,
    "title": "Fjallraven - Foldsack No. 1 Backpack, Fits 15 Laptops",
    "price": 109.95,
    "description": "Your perfect pack for everyday use and walks in the forest. Stash your laptop (up to 15 inches) in the padded sleeve, your everyday",
    "category": "men's clothing",
    "image": "https://fakestoreapi.com/img/81fPKd-2AYL._AC_SL1500_t.png",
    "rating": {
        "rate": 3.9,
        "count": 120
    }
}
Request method:	GET
Request URI:	https://fakestoreapi.com/products/1
Proxy:			<none>
Request params:	<none>
Query params:	<none>
Form params:	<none>
Path params:	<none>
Headers:		User-Agent=Mozilla/5.0 (CI-Test-Agent)
				Accept=*/*
				Content-Type=application/json
Cookies:		<none>
Multiparts:		<none>
Body:			<none>
HTTP/1.1 200 OK
Date: Fri, 15 Aug 2025 14:16:15 GMT
Content-Type: application/json; charset=utf-8
Transfer-Encoding: chunked
Connection: keep-alive
Access-Control-Allow-Origin: *
Etag: W/"16d-ryVvNeDR+OwaJd+i2vi/OPo/G4Y"
X-Powered-By: Express
Cf-Cache-Status: DYNAMIC
Nel: {"report_to":"cf-nel","success_fraction":0.0,"max_age":604800}
Report-To: {"group":"cf-nel","max_age":604800,"endpoints":[{"url":"https://a.nel.cloudflare.com/report/v4?s=waD7ppmI8L6R%2FnAuI%2FwPtffnEVz6IE0VW9Ndo%2F2HdEJ0NFnR%2FNbk0ZDd60clpJhJjZ%2Br5%2FEav2xiPITmUkhysctZOJIuTJpKQQhB3cVCULs%3D"}]}
Content-Encoding: gzip
Server: cloudflare
CF-RAY: 96f94f0b6e866ee7-CDG
alt-svc: h3=":443"; ma=86400

{
    "id": 1,
    "title": "Fjallraven - Foldsack No. 1 Backpack, Fits 15 Laptops",
    "price": 109.95,
    "description": "Your perfect pack for everyday use and walks in the forest. Stash your laptop (up to 15 inches) in the padded sleeve, your everyday",
    "category": "men's clothing",
    "image": "https://fakestoreapi.com/img/81fPKd-2AYL._AC_SL1500_t.png",
    "rating": {
        "rate": 3.9,
        "count": 120
    }
}
Request method:	GET
Request URI:	https://fakestoreapi.com/products/1
Proxy:			<none>
Request params:	<none>
Query params:	<none>
Form params:	<none>
Path params:	<none>
Headers:		User-Agent=Mozilla/5.0 (CI-Test-Agent)
				Accept=*/*
				Content-Type=application/json
Cookies:		<none>
Multiparts:		<none>
Body:			<none>
HTTP/1.1 200 OK
Date: Fri, 15 Aug 2025 14:16:16 GMT
Content-Type: application/json; charset=utf-8
Transfer-Encoding: chunked
Connection: keep-alive
Access-Control-Allow-Origin: *
Etag: W/"16d-ryVvNeDR+OwaJd+i2vi/OPo/G4Y"
X-Powered-By: Express
Cf-Cache-Status: DYNAMIC
Nel: {"report_to":"cf-nel","success_fraction":0.0,"max_age":604800}
Report-To: {"group":"cf-nel","max_age":604800,"endpoints":[{"url":"https://a.nel.cloudflare.com/report/v4?s=eOp3m0WVWkGL%2BqM%2BTINQ5n0iMNN%2F5zmMCYYgMaU7e3OXvkdblysyNWF3rsZZ9PpnMh5fyLuCSSOP0%2Bw9cJ1mBh0o6HMFFSRtd%2BhlfZ0s07s%3D"}]}
Content-Encoding: gzip
Server: cloudflare
CF-RAY: 96f94f0efe7af4e7-CDG
alt-svc: h3=":443"; ma=86400

{
    "id": 1,
    "title": "Fjallraven - Foldsack No. 1 Backpack, Fits 15 Laptops",
    "price": 109.95,
    "description": "Your perfect pack for everyday use and walks in the forest. Stash your laptop (up to 15 inches) in the padded sleeve, your everyday",
    "category": "men's clothing",
    "image": "https://fakestoreapi.com/img/81fPKd-2AYL._AC_SL1500_t.png",
    "rating": {
        "rate": 3.9,
        "count": 120
    }
}
Request method:	GET
Request URI:	https://fakestoreapi.com/products/1
Proxy:			<none>
Request params:	<none>
Query params:	<none>
Form params:	<none>
Path params:	<none>
Headers:		User-Agent=Mozilla/5.0 (CI-Test-Agent)
				Accept=*/*
				Content-Type=application/json
Cookies:		<none>
Multiparts:		<none>
Body:			<none>
HTTP/1.1 200 OK
Date: Fri, 15 Aug 2025 14:16:17 GMT
Content-Type: application/json; charset=utf-8
Transfer-Encoding: chunked
Connection: keep-alive
Access-Control-Allow-Origin: *
Etag: W/"16d-ryVvNeDR+OwaJd+i2vi/OPo/G4Y"
X-Powered-By: Express
Cf-Cache-Status: DYNAMIC
Nel: {"report_to":"cf-nel","success_fraction":0.0,"max_age":604800}
Report-To: {"group":"cf-nel","max_age":604800,"endpoints":[{"url":"https://a.nel.cloudflare.com/report/v4?s=5adjU1f%2F8xj5uE%2F%2FMr15mA4L9qEiWWCmRLIEoj7JT2OF8A%2FTPIsfOLLtNHeR8kweHHuLbWfNXUsLCc9HARIexFxAlw9dq5sjVh7FovZmjio%3D"}]}
Content-Encoding: gzip
Server: cloudflare
CF-RAY: 96f94f132e869ebf-CDG
alt-svc: h3=":443"; ma=86400

{
    "id": 1,
    "title": "Fjallraven - Foldsack No. 1 Backpack, Fits 15 Laptops",
    "price": 109.95,
    "description": "Your perfect pack for everyday use and walks in the forest. Stash your laptop (up to 15 inches) in the padded sleeve, your everyday",
    "category": "men's clothing",
    "image": "https://fakestoreapi.com/img/81fPKd-2AYL._AC_SL1500_t.png",
    "rating": {
        "rate": 3.9,
        "count": 120
    }
}
Request method:	GET
Request URI:	https://fakestoreapi.com/products/1
Proxy:			<none>
Request params:	<none>
Query params:	<none>
Form params:	<none>
Path params:	<none>
Headers:		User-Agent=Mozilla/5.0 (CI-Test-Agent)
				Accept=*/*
				Content-Type=application/json
Cookies:		<none>
Multiparts:		<none>
Body:			<none>
HTTP/1.1 200 OK
Date: Fri, 15 Aug 2025 14:16:17 GMT
Content-Type: application/json; charset=utf-8
Transfer-Encoding: chunked
Connection: keep-alive
Access-Control-Allow-Origin: *
Etag: W/"16d-ryVvNeDR+OwaJd+i2vi/OPo/G4Y"
X-Powered-By: Express
Cf-Cache-Status: DYNAMIC
Nel: {"report_to":"cf-nel","success_fraction":0.0,"max_age":604800}
Report-To: {"group":"cf-nel","max_age":604800,"endpoints":[{"url":"https://a.nel.cloudflare.com/report/v4?s=cxeZoEL3W3ptdpbmysxPpIL9DmtK30kgJujHHrz4aGA6nuTC94tUt4OZYttrwNhWipEa%2B8vEo%2FP62Owj%2BGMP6nWZl%2BKIMLrhvwXtP2KGARQ%3D"}]}
Content-Encoding: gzip
Server: cloudflare
CF-RAY: 96f94f173bc08156-CDG
alt-svc: h3=":443"; ma=86400

{
    "id": 1,
    "title": "Fjallraven - Foldsack No. 1 Backpack, Fits 15 Laptops",
    "price": 109.95,
    "description": "Your perfect pack for everyday use and walks in the forest. Stash your laptop (up to 15 inches) in the padded sleeve, your everyday",
    "category": "men's clothing",
    "image": "https://fakestoreapi.com/img/81fPKd-2AYL._AC_SL1500_t.png",
    "rating": {
        "rate": 3.9,
        "count": 120
    }
}
Request method:	GET
Request URI:	https://fakestoreapi.com/products/1
Proxy:			<none>
Request params:	<none>
Query params:	<none>
Form params:	<none>
Path params:	<none>
Headers:		User-Agent=Mozilla/5.0 (CI-Test-Agent)
				Accept=*/*
				Content-Type=application/json
Cookies:		<none>
Multiparts:		<none>
Body:			<none>
HTTP/1.1 200 OK
Date: Fri, 15 Aug 2025 14:16:18 GMT
Content-Type: application/json; charset=utf-8
Transfer-Encoding: chunked
Connection: keep-alive
Access-Control-Allow-Origin: *
Etag: W/"16d-ryVvNeDR+OwaJd+i2vi/OPo/G4Y"
X-Powered-By: Express
Cf-Cache-Status: DYNAMIC
Nel: {"report_to":"cf-nel","success_fraction":0.0,"max_age":604800}
Report-To: {"group":"cf-nel","max_age":604800,"endpoints":[{"url":"https://a.nel.cloudflare.com/report/v4?s=sZz1DSJi0kn7oFjXsDwuTdO8ApkzUq5jz2fy3YBm4zyguOmDs5khtD4kK6tS3nxk1Ljn3Jzd1nFCqloWHL1YauwHmYmjeh%2BVYmaMP%2F802SY%3D"}]}
Content-Encoding: gzip
Server: cloudflare
CF-RAY: 96f94f1afcf1d0a3-CDG
alt-svc: h3=":443"; ma=86400

{
    "id": 1,
    "title": "Fjallraven - Foldsack No. 1 Backpack, Fits 15 Laptops",
    "price": 109.95,
    "description": "Your perfect pack for everyday use and walks in the forest. Stash your laptop (up to 15 inches) in the padded sleeve, your everyday",
    "category": "men's clothing",
    "image": "https://fakestoreapi.com/img/81fPKd-2AYL._AC_SL1500_t.png",
    "rating": {
        "rate": 3.9,
        "count": 120
    }
}
Request method:	GET
Request URI:	https://fakestoreapi.com/products/1
Proxy:			<none>
Request params:	<none>
Query params:	<none>
Form params:	<none>
Path params:	<none>
Headers:		User-Agent=Mozilla/5.0 (CI-Test-Agent)
				Accept=*/*
				Content-Type=application/json
Cookies:		<none>
Multiparts:		<none>
Body:			<none>
HTTP/1.1 200 OK
Date: Fri, 15 Aug 2025 14:16:18 GMT
Content-Type: application/json; charset=utf-8
Transfer-Encoding: chunked
Connection: keep-alive
Access-Control-Allow-Origin: *
Etag: W/"16d-ryVvNeDR+OwaJd+i2vi/OPo/G4Y"
X-Powered-By: Express
Cf-Cache-Status: DYNAMIC
Nel: {"report_to":"cf-nel","success_fraction":0.0,"max_age":604800}
Report-To: {"group":"cf-nel","max_age":604800,"endpoints":[{"url":"https://a.nel.cloudflare.com/report/v4?s=PKUxzS%2BZ1F3b6Jti29KR9trlFS74Y7eDe4JSnz5dHlFgQxst7oF%2FimINu3iqOynnAoyeijdmbOAPSxp%2F4l7WK%2BqwU4Tan1OyHNH%2F3gBP6Jw%3D"}]}
Content-Encoding: gzip
Server: cloudflare
CF-RAY: 96f94f1dffec13f4-CDG
alt-svc: h3=":443"; ma=86400

{
    "id": 1,
    "title": "Fjallraven - Foldsack No. 1 Backpack, Fits 15 Laptops",
    "price": 109.95,
    "description": "Your perfect pack for everyday use and walks in the forest. Stash your laptop (up to 15 inches) in the padded sleeve, your everyday",
    "category": "men's clothing",
    "image": "https://fakestoreapi.com/img/81fPKd-2AYL._AC_SL1500_t.png",
    "rating": {
        "rate": 3.9,
        "count": 120
    }
}
Request method:	GET
Request URI:	https://fakestoreapi.com/products/1
Proxy:			<none>
Request params:	<none>
Query params:	<none>
Form params:	<none>
Path params:	<none>
Headers:		User-Agent=Mozilla/5.0 (CI-Test-Agent)
				Accept=*/*
				Content-Type=application/json
Cookies:		<none>
Multiparts:		<none>
Body:			<none>
HTTP/1.1 200 OK
Date: Fri, 15 Aug 2025 14:16:19 GMT
Content-Type: application/json; charset=utf-8
Transfer-Encoding: chunked
Connection: keep-alive
Access-Control-Allow-Origin: *
Etag: W/"16d-ryVvNeDR+OwaJd+i2vi/OPo/G4Y"
X-Powered-By: Express
Cf-Cache-Status: DYNAMIC
Nel: {"report_to":"cf-nel","success_fraction":0.0,"max_age":604800}
Report-To: {"group":"cf-nel","max_age":604800,"endpoints":[{"url":"https://a.nel.cloudflare.com/report/v4?s=OVFbxDdfViZrZsjvw088XzA9auD3Dk26Lo7jWcCRHtKEke2pQNru5MK8COHZXLC3oizunyORGGWSISmBA%2FVxX90HCMPByzS%2BGmY6uNXPBYo%3D"}]}
Content-Encoding: gzip
Server: cloudflare
CF-RAY: 96f94f220ee4d118-CDG
alt-svc: h3=":443"; ma=86400

{
    "id": 1,
    "title": "Fjallraven - Foldsack No. 1 Backpack, Fits 15 Laptops",
    "price": 109.95,
    "description": "Your perfect pack for everyday use and walks in the forest. Stash your laptop (up to 15 inches) in the padded sleeve, your everyday",
    "category": "men's clothing",
    "image": "https://fakestoreapi.com/img/81fPKd-2AYL._AC_SL1500_t.png",
    "rating": {
        "rate": 3.9,
        "count": 120
    }
}
Request method:	GET
Request URI:	https://fakestoreapi.com/products/1
Proxy:			<none>
Request params:	<none>
Query params:	<none>
Form params:	<none>
Path params:	<none>
Headers:		User-Agent=Mozilla/5.0 (CI-Test-Agent)
				Accept=*/*
				Content-Type=application/json
Cookies:		<none>
Multiparts:		<none>
Body:			<none>
HTTP/1.1 200 OK
Date: Fri, 15 Aug 2025 14:16:20 GMT
Content-Type: application/json; charset=utf-8
Transfer-Encoding: chunked
Connection: keep-alive
Access-Control-Allow-Origin: *
Etag: W/"16d-ryVvNeDR+OwaJd+i2vi/OPo/G4Y"
X-Powered-By: Express
Cf-Cache-Status: DYNAMIC
Nel: {"report_to":"cf-nel","success_fraction":0.0,"max_age":604800}
Report-To: {"group":"cf-nel","max_age":604800,"endpoints":[{"url":"https://a.nel.cloudflare.com/report/v4?s=Z0hh1WfHbQhz8mqMGZzkgvmSINqWPEJkO5jAxI3SzYS4NXx%2BxrPjkk1of9Nowxpbv4E%2FuRFSUlmjM9vspltaIISMQZewdNPc17p906jYz0g%3D"}]}
Content-Encoding: gzip
Server: cloudflare
CF-RAY: 96f94f263ccaf345-CDG
alt-svc: h3=":443"; ma=86400

{
    "id": 1,
    "title": "Fjallraven - Foldsack No. 1 Backpack, Fits 15 Laptops",
    "price": 109.95,
    "description": "Your perfect pack for everyday use and walks in the forest. Stash your laptop (up to 15 inches) in the padded sleeve, your everyday",
    "category": "men's clothing",
    "image": "https://fakestoreapi.com/img/81fPKd-2AYL._AC_SL1500_t.png",
    "rating": {
        "rate": 3.9,
        "count": 120
    }
}
Request method:	GET
Request URI:	https://fakestoreapi.com/products/1
Proxy:			<none>
Request params:	<none>
Query params:	<none>
Form params:	<none>
Path params:	<none>
Headers:		User-Agent=Mozilla/5.0 (CI-Test-Agent)
				Accept=*/*
				Content-Type=application/json
Cookies:		<none>
Multiparts:		<none>
Body:			<none>
HTTP/1.1 200 OK
Date: Fri, 15 Aug 2025 14:16:20 GMT
Content-Type: application/json; charset=utf-8
Transfer-Encoding: chunked
Connection: keep-alive
Access-Control-Allow-Origin: *
Etag: W/"16d-ryVvNeDR+OwaJd+i2vi/OPo/G4Y"
X-Powered-By: Express
Cf-Cache-Status: DYNAMIC
Nel: {"report_to":"cf-nel","success_fraction":0.0,"max_age":604800}
Report-To: {"group":"cf-nel","max_age":604800,"endpoints":[{"url":"https://a.nel.cloudflare.com/report/v4?s=sR7I9HOP7TJJ4ELepj8rnrC7iqZhWADGAYX6nI%2FA6k27XcLfygq%2Bvf0rNVqRDbmqNowq0KJILTm1VHmaFsyNaiak67cgOcQyi4COHPlZplk%3D"}]}
Content-Encoding: gzip
Server: cloudflare
CF-RAY: 96f94f2a0d189e85-CDG
alt-svc: h3=":443"; ma=86400

{
    "id": 1,
    "title": "Fjallraven - Foldsack No. 1 Backpack, Fits 15 Laptops",
    "price": 109.95,
    "description": "Your perfect pack for everyday use and walks in the forest. Stash your laptop (up to 15 inches) in the padded sleeve, your everyday",
    "category": "men's clothing",
    "image": "https://fakestoreapi.com/img/81fPKd-2AYL._AC_SL1500_t.png",
    "rating": {
        "rate": 3.9,
        "count": 120
    }
}
Request method:	GET
Request URI:	https://fakestoreapi.com/products/1
Proxy:			<none>
Request params:	<none>
Query params:	<none>
Form params:	<none>
Path params:	<none>
Headers:		User-Agent=Mozilla/5.0 (CI-Test-Agent)
				Accept=*/*
				Content-Type=application/json
Cookies:		<none>
Multiparts:		<none>
Body:			<none>
HTTP/1.1 200 OK
Date: Fri, 15 Aug 2025 14:16:21 GMT
Content-Type: application/json; charset=utf-8
Transfer-Encoding: chunked
Connection: keep-alive
Access-Control-Allow-Origin: *
Etag: W/"16d-ryVvNeDR+OwaJd+i2vi/OPo/G4Y"
X-Powered-By: Express
Cf-Cache-Status: DYNAMIC
Nel: {"report_to":"cf-nel","success_fraction":0.0,"max_age":604800}
Report-To: {"group":"cf-nel","max_age":604800,"endpoints":[{"url":"https://a.nel.cloudflare.com/report/v4?s=kj7JnmJmaTYLrTOPZ85dCd8xDgpdZL%2BwWW9hIWQs3z554KA%2B%2FEMQzFhjQjZmRAPKRi12gMChlsUBvum6HiHUiMIDa3m1w5eIfmKzxTP25lU%3D"}]}
Content-Encoding: gzip
Server: cloudflare
CF-RAY: 96f94f2de8c3034e-CDG
alt-svc: h3=":443"; ma=86400

{
    "id": 1,
    "title": "Fjallraven - Foldsack No. 1 Backpack, Fits 15 Laptops",
    "price": 109.95,
    "description": "Your perfect pack for everyday use and walks in the forest. Stash your laptop (up to 15 inches) in the padded sleeve, your everyday",
    "category": "men's clothing",
    "image": "https://fakestoreapi.com/img/81fPKd-2AYL._AC_SL1500_t.png",
    "rating": {
        "rate": 3.9,
        "count": 120
    }
}
Request method:	GET
Request URI:	https://fakestoreapi.com/products/1
Proxy:			<none>
Request params:	<none>
Query params:	<none>
Form params:	<none>
Path params:	<none>
Headers:		User-Agent=Mozilla/5.0 (CI-Test-Agent)
				Accept=*/*
				Content-Type=application/json
Cookies:		<none>
Multiparts:		<none>
Body:			<none>
HTTP/1.1 200 OK
Date: Fri, 15 Aug 2025 14:16:22 GMT
Content-Type: application/json; charset=utf-8
Transfer-Encoding: chunked
Connection: keep-alive
Access-Control-Allow-Origin: *
Etag: W/"16d-ryVvNeDR+OwaJd+i2vi/OPo/G4Y"
X-Powered-By: Express
Cf-Cache-Status: DYNAMIC
Nel: {"report_to":"cf-nel","success_fraction":0.0,"max_age":604800}
Report-To: {"group":"cf-nel","max_age":604800,"endpoints":[{"url":"https://a.nel.cloudflare.com/report/v4?s=7HTGv%2F39UrOKvfzGyEC%2BrEDfNFZf7HM3IVN2sYsXbBui%2B6J%2BCcZZulyrxJbJTn9EITUD9zEAFdhHclUJh%2Fa1PUUSp%2FFF21QxJAD83f9WGgk%3D"}]}
Content-Encoding: gzip
Server: cloudflare
CF-RAY: 96f94f320adfd146-CDG
alt-svc: h3=":443"; ma=86400

{
    "id": 1,
    "title": "Fjallraven - Foldsack No. 1 Backpack, Fits 15 Laptops",
    "price": 109.95,
    "description": "Your perfect pack for everyday use and walks in the forest. Stash your laptop (up to 15 inches) in the padded sleeve, your everyday",
    "category": "men's clothing",
    "image": "https://fakestoreapi.com/img/81fPKd-2AYL._AC_SL1500_t.png",
    "rating": {
        "rate": 3.9,
        "count": 120
    }
}
Request method:	GET
Request URI:	https://fakestoreapi.com/products/1
Proxy:			<none>
Request params:	<none>
Query params:	<none>
Form params:	<none>
Path params:	<none>
Headers:		User-Agent=Mozilla/5.0 (CI-Test-Agent)
				Accept=*/*
				Content-Type=application/json
Cookies:		<none>
Multiparts:		<none>
Body:			<none>
HTTP/1.1 200 OK
Date: Fri, 15 Aug 2025 14:16:22 GMT
Content-Type: application/json; charset=utf-8
Transfer-Encoding: chunked
Connection: keep-alive
Access-Control-Allow-Origin: *
Etag: W/"16d-ryVvNeDR+OwaJd+i2vi/OPo/G4Y"
X-Powered-By: Express
Cf-Cache-Status: DYNAMIC
Nel: {"report_to":"cf-nel","success_fraction":0.0,"max_age":604800}
Report-To: {"group":"cf-nel","max_age":604800,"endpoints":[{"url":"https://a.nel.cloudflare.com/report/v4?s=I1NMsZfAGP51R22WF2%2FcL0BUwVwMVAbL0ubcp0H9IPjaDyvbY%2FHUkTBlK0H97uh9fdpHJeaqjxZRqm1dMaT809BBG2%2ByGQg0of%2BIi00YUV4%3D"}]}
Content-Encoding: gzip
Server: cloudflare
CF-RAY: 96f94f351b7e7014-CDG
alt-svc: h3=":443"; ma=86400

{
    "id": 1,
    "title": "Fjallraven - Foldsack No. 1 Backpack, Fits 15 Laptops",
    "price": 109.95,
    "description": "Your perfect pack for everyday use and walks in the forest. Stash your laptop (up to 15 inches) in the padded sleeve, your everyday",
    "category": "men's clothing",
    "image": "https://fakestoreapi.com/img/81fPKd-2AYL._AC_SL1500_t.png",
    "rating": {
        "rate": 3.9,
        "count": 120
    }
}
Request method:	GET
Request URI:	https://fakestoreapi.com/products/1
Proxy:			<none>
Request params:	<none>
Query params:	<none>
Form params:	<none>
Path params:	<none>
Headers:		User-Agent=Mozilla/5.0 (CI-Test-Agent)
				Accept=*/*
				Content-Type=application/json
Cookies:		<none>
Multiparts:		<none>
Body:			<none>
HTTP/1.1 200 OK
Date: Fri, 15 Aug 2025 14:16:23 GMT
Content-Type: application/json; charset=utf-8
Transfer-Encoding: chunked
Connection: keep-alive
Access-Control-Allow-Origin: *
Etag: W/"16d-ryVvNeDR+OwaJd+i2vi/OPo/G4Y"
X-Powered-By: Express
Cf-Cache-Status: DYNAMIC
Nel: {"report_to":"cf-nel","success_fraction":0.0,"max_age":604800}
Report-To: {"group":"cf-nel","max_age":604800,"endpoints":[{"url":"https://a.nel.cloudflare.com/report/v4?s=vIFk2qVi2fvrEWECSZN9cFyIdCrfhxEmMEgSibXj%2BMrmns6bz6%2Ffcan56gCsySFGSLg%2FgxM1panrgwFH19RaKRSPaGRIlL8Jlrx8XLkcZ5g%3D"}]}
Content-Encoding: gzip
Server: cloudflare
CF-RAY: 96f94f391c8e7879-CDG
alt-svc: h3=":443"; ma=86400

{
    "id": 1,
    "title": "Fjallraven - Foldsack No. 1 Backpack, Fits 15 Laptops",
    "price": 109.95,
    "description": "Your perfect pack for everyday use and walks in the forest. Stash your laptop (up to 15 inches) in the padded sleeve, your everyday",
    "category": "men's clothing",
    "image": "https://fakestoreapi.com/img/81fPKd-2AYL._AC_SL1500_t.png",
    "rating": {
        "rate": 3.9,
        "count": 120
    }
}
Request method:	GET
Request URI:	https://fakestoreapi.com/products/1
Proxy:			<none>
Request params:	<none>
Query params:	<none>
Form params:	<none>
Path params:	<none>
Headers:		User-Agent=Mozilla/5.0 (CI-Test-Agent)
				Accept=*/*
				Content-Type=application/json
Cookies:		<none>
Multiparts:		<none>
Body:			<none>
HTTP/1.1 200 OK
Date: Fri, 15 Aug 2025 14:16:23 GMT
Content-Type: application/json; charset=utf-8
Transfer-Encoding: chunked
Connection: keep-alive
Access-Control-Allow-Origin: *
Etag: W/"16d-ryVvNeDR+OwaJd+i2vi/OPo/G4Y"
X-Powered-By: Express
Cf-Cache-Status: DYNAMIC
Nel: {"report_to":"cf-nel","success_fraction":0.0,"max_age":604800}
Report-To: {"group":"cf-nel","max_age":604800,"endpoints":[{"url":"https://a.nel.cloudflare.com/report/v4?s=DzOYlsaQVUJbob4HFJ7JpAWf3LoFrtQyxApwxNk841jpO1yrcCy1pc3K9hCEm0kCyhDe3fFuFd%2Bjk5g5ojZ0o%2BCw0FJPYZ37I2foa5LvjrE%3D"}]}
Content-Encoding: gzip
Server: cloudflare
CF-RAY: 96f94f3cfbfa2a2e-CDG
alt-svc: h3=":443"; ma=86400

{
    "id": 1,
    "title": "Fjallraven - Foldsack No. 1 Backpack, Fits 15 Laptops",
    "price": 109.95,
    "description": "Your perfect pack for everyday use and walks in the forest. Stash your laptop (up to 15 inches) in the padded sleeve, your everyday",
    "category": "men's clothing",
    "image": "https://fakestoreapi.com/img/81fPKd-2AYL._AC_SL1500_t.png",
    "rating": {
        "rate": 3.9,
        "count": 120
    }
}
Request method:	GET
Request URI:	https://fakestoreapi.com/products/1
Proxy:			<none>
Request params:	<none>
Query params:	<none>
Form params:	<none>
Path params:	<none>
Headers:		User-Agent=Mozilla/5.0 (CI-Test-Agent)
				Accept=*/*
				Content-Type=application/json
Cookies:		<none>
Multiparts:		<none>
Body:			<none>
HTTP/1.1 200 OK
Date: Fri, 15 Aug 2025 14:16:24 GMT
Content-Type: application/json; charset=utf-8
Transfer-Encoding: chunked
Connection: keep-alive
Access-Control-Allow-Origin: *
Etag: W/"16d-ryVvNeDR+OwaJd+i2vi/OPo/G4Y"
X-Powered-By: Express
Cf-Cache-Status: DYNAMIC
Nel: {"report_to":"cf-nel","success_fraction":0.0,"max_age":604800}
Report-To: {"group":"cf-nel","max_age":604800,"endpoints":[{"url":"https://a.nel.cloudflare.com/report/v4?s=OXvxew8hZ%2BT3LMKw8JX3jHTpbSPX7KyK90mIEOWPSFjnTUmYRX%2Bd%2BTc3h8LbzdtmmORu%2B2YzqbDJlzB4OM3PaD1%2Bx4wpVm3%2FswMem%2B1ZE5A%3D"}]}
Content-Encoding: gzip
Server: cloudflare
CF-RAY: 96f94f40ae389ef5-CDG
alt-svc: h3=":443"; ma=86400

{
    "id": 1,
    "title": "Fjallraven - Foldsack No. 1 Backpack, Fits 15 Laptops",
    "price": 109.95,
    "description": "Your perfect pack for everyday use and walks in the forest. Stash your laptop (up to 15 inches) in the padded sleeve, your everyday",
    "category": "men's clothing",
    "image": "https://fakestoreapi.com/img/81fPKd-2AYL._AC_SL1500_t.png",
    "rating": {
        "rate": 3.9,
        "count": 120
    }
}
Request method:	GET
Request URI:	https://fakestoreapi.com/products/1
Proxy:			<none>
Request params:	<none>
Query params:	<none>
Form params:	<none>
Path params:	<none>
Headers:		User-Agent=Mozilla/5.0 (CI-Test-Agent)
				Accept=*/*
				Content-Type=application/json
Cookies:		<none>
Multiparts:		<none>
Body:			<none>
HTTP/1.1 200 OK
Date: Fri, 15 Aug 2025 14:16:25 GMT
Content-Type: application/json; charset=utf-8
Transfer-Encoding: chunked
Connection: keep-alive
Access-Control-Allow-Origin: *
Etag: W/"16d-ryVvNeDR+OwaJd+i2vi/OPo/G4Y"
X-Powered-By: Express
Cf-Cache-Status: DYNAMIC
Nel: {"report_to":"cf-nel","success_fraction":0.0,"max_age":604800}
Report-To: {"group":"cf-nel","max_age":604800,"endpoints":[{"url":"https://a.nel.cloudflare.com/report/v4?s=8gzXOWbCKR4d%2BY0vmJuN7djB8LwWIrgwvsgutKCN6nq4GW2t9iae2RZcUcAL2AK5Kwiz8lp%2BewnoVtph0CQOt4dOt3HwOx0oFd3xSft4SKQ%3D"}]}
Content-Encoding: gzip
Server: cloudflare
CF-RAY: 96f94f447a7519b4-CDG
alt-svc: h3=":443"; ma=86400

{
    "id": 1,
    "title": "Fjallraven - Foldsack No. 1 Backpack, Fits 15 Laptops",
    "price": 109.95,
    "description": "Your perfect pack for everyday use and walks in the forest. Stash your laptop (up to 15 inches) in the padded sleeve, your everyday",
    "category": "men's clothing",
    "image": "https://fakestoreapi.com/img/81fPKd-2AYL._AC_SL1500_t.png",
    "rating": {
        "rate": 3.9,
        "count": 120
    }
}
Request method:	GET
Request URI:	https://fakestoreapi.com/products/1
Proxy:			<none>
Request params:	<none>
Query params:	<none>
Form params:	<none>
Path params:	<none>
Headers:		User-Agent=Mozilla/5.0 (CI-Test-Agent)
				Accept=*/*
				Content-Type=application/json
Cookies:		<none>
Multiparts:		<none>
Body:			<none>
HTTP/1.1 200 OK
Date: Fri, 15 Aug 2025 14:16:25 GMT
Content-Type: application/json; charset=utf-8
Transfer-Encoding: chunked
Connection: keep-alive
Access-Control-Allow-Origin: *
Etag: W/"16d-ryVvNeDR+OwaJd+i2vi/OPo/G4Y"
X-Powered-By: Express
Cf-Cache-Status: DYNAMIC
Nel: {"report_to":"cf-nel","success_fraction":0.0,"max_age":604800}
Report-To: {"group":"cf-nel","max_age":604800,"endpoints":[{"url":"https://a.nel.cloudflare.com/report/v4?s=DXqh3w8Patz4jIf0ScALUoBEo4Ul0CHgUVLur5WP9KB0T7h%2B%2FQTdrqZepaQ40WWUeWwzFqg%2BO%2BZiQWUOHB2Eimmg%2Be7%2B5DNk3sPh8uglwe8%3D"}]}
Content-Encoding: gzip
Server: cloudflare
CF-RAY: 96f94f488bbd3cab-CDG
alt-svc: h3=":443"; ma=86400

{
    "id": 1,
    "title": "Fjallraven - Foldsack No. 1 Backpack, Fits 15 Laptops",
    "price": 109.95,
    "description": "Your perfect pack for everyday use and walks in the forest. Stash your laptop (up to 15 inches) in the padded sleeve, your everyday",
    "category": "men's clothing",
    "image": "https://fakestoreapi.com/img/81fPKd-2AYL._AC_SL1500_t.png",
    "rating": {
        "rate": 3.9,
        "count": 120
    }
}
Request method:	GET
Request URI:	https://fakestoreapi.com/products/1
Proxy:			<none>
Request params:	<none>
Query params:	<none>
Form params:	<none>
Path params:	<none>
Headers:		User-Agent=Mozilla/5.0 (CI-Test-Agent)
				Accept=*/*
				Content-Type=application/json
Cookies:		<none>
Multiparts:		<none>
Body:			<none>
HTTP/1.1 200 OK
Date: Fri, 15 Aug 2025 14:16:26 GMT
Content-Type: application/json; charset=utf-8
Transfer-Encoding: chunked
Connection: keep-alive
Access-Control-Allow-Origin: *
Etag: W/"16d-ryVvNeDR+OwaJd+i2vi/OPo/G4Y"
X-Powered-By: Express
Cf-Cache-Status: DYNAMIC
Nel: {"report_to":"cf-nel","success_fraction":0.0,"max_age":604800}
Report-To: {"group":"cf-nel","max_age":604800,"endpoints":[{"url":"https://a.nel.cloudflare.com/report/v4?s=FhziYCgGd4L9PtISw7TUpeeM0Qq8%2F5ED7xsu%2BcZXecetsTzjuS71ULCplgBqAjEW%2FyDIqPo5liElp5o2GEDe3Y2sKAf9OcH7GKPeHnMGFYI%3D"}]}
Content-Encoding: gzip
Server: cloudflare
CF-RAY: 96f94f4bb958034c-CDG
alt-svc: h3=":443"; ma=86400

{
    "id": 1,
    "title": "Fjallraven - Foldsack No. 1 Backpack, Fits 15 Laptops",
    "price": 109.95,
    "description": "Your perfect pack for everyday use and walks in the forest. Stash your laptop (up to 15 inches) in the padded sleeve, your everyday",
    "category": "men's clothing",
    "image": "https://fakestoreapi.com/img/81fPKd-2AYL._AC_SL1500_t.png",
    "rating": {
        "rate": 3.9,
        "count": 120
    }
}
Request method:	GET
Request URI:	https://fakestoreapi.com/products/1
Proxy:			<none>
Request params:	<none>
Query params:	<none>
Form params:	<none>
Path params:	<none>
Headers:		User-Agent=Mozilla/5.0 (CI-Test-Agent)
				Accept=*/*
				Content-Type=application/json
Cookies:		<none>
Multiparts:		<none>
Body:			<none>
HTTP/1.1 200 OK
Date: Fri, 15 Aug 2025 14:16:26 GMT
Content-Type: application/json; charset=utf-8
Transfer-Encoding: chunked
Connection: keep-alive
Access-Control-Allow-Origin: *
Etag: W/"16d-ryVvNeDR+OwaJd+i2vi/OPo/G4Y"
X-Powered-By: Express
Cf-Cache-Status: DYNAMIC
Nel: {"report_to":"cf-nel","success_fraction":0.0,"max_age":604800}
Report-To: {"group":"cf-nel","max_age":604800,"endpoints":[{"url":"https://a.nel.cloudflare.com/report/v4?s=Ft16YRCPvQzHGRALIiSTNX6X0koPvJcpNfApSGvz3JJOdIhP1uPdr9qliIKGMvpuTB8iMR%2FR3Lm3o9zijVPO8yJeKQgUQDINkjxhM%2BvQ8EQ%3D"}]}
Content-Encoding: gzip
Server: cloudflare
CF-RAY: 96f94f4eadf96f2e-CDG
alt-svc: h3=":443"; ma=86400

{
    "id": 1,
    "title": "Fjallraven - Foldsack No. 1 Backpack, Fits 15 Laptops",
    "price": 109.95,
    "description": "Your perfect pack for everyday use and walks in the forest. Stash your laptop (up to 15 inches) in the padded sleeve, your everyday",
    "category": "men's clothing",
    "image": "https://fakestoreapi.com/img/81fPKd-2AYL._AC_SL1500_t.png",
    "rating": {
        "rate": 3.9,
        "count": 120
    }
}
Request method:	GET
Request URI:	https://fakestoreapi.com/products/1
Proxy:			<none>
Request params:	<none>
Query params:	<none>
Form params:	<none>
Path params:	<none>
Headers:		User-Agent=Mozilla/5.0 (CI-Test-Agent)
				Accept=*/*
				Content-Type=application/json
Cookies:		<none>
Multiparts:		<none>
Body:			<none>
HTTP/1.1 200 OK
Date: Fri, 15 Aug 2025 14:16:27 GMT
Content-Type: application/json; charset=utf-8
Transfer-Encoding: chunked
Connection: keep-alive
Access-Control-Allow-Origin: *
Etag: W/"16d-ryVvNeDR+OwaJd+i2vi/OPo/G4Y"
X-Powered-By: Express
Cf-Cache-Status: DYNAMIC
Nel: {"report_to":"cf-nel","success_fraction":0.0,"max_age":604800}
Report-To: {"group":"cf-nel","max_age":604800,"endpoints":[{"url":"https://a.nel.cloudflare.com/report/v4?s=Lx3xkVyjuEPigdW98CwNIx1f3iVL6ywLV%2Fvchha6%2BLy7rkslYFRUgNXT91FtVR1C50mlSXrZU86%2FSVl9KMDNtRWycMsrXPAiSVjKla4IYDI%3D"}]}
Content-Encoding: gzip
Server: cloudflare
CF-RAY: 96f94f5279a37e80-CDG
alt-svc: h3=":443"; ma=86400

{
    "id": 1,
    "title": "Fjallraven - Foldsack No. 1 Backpack, Fits 15 Laptops",
    "price": 109.95,
    "description": "Your perfect pack for everyday use and walks in the forest. Stash your laptop (up to 15 inches) in the padded sleeve, your everyday",
    "category": "men's clothing",
    "image": "https://fakestoreapi.com/img/81fPKd-2AYL._AC_SL1500_t.png",
    "rating": {
        "rate": 3.9,
        "count": 120
    }
}
Request method:	GET
Request URI:	https://fakestoreapi.com/products/1
Proxy:			<none>
Request params:	<none>
Query params:	<none>
Form params:	<none>
Path params:	<none>
Headers:		User-Agent=Mozilla/5.0 (CI-Test-Agent)
				Accept=*/*
				Content-Type=application/json
Cookies:		<none>
Multiparts:		<none>
Body:			<none>
HTTP/1.1 200 OK
Date: Fri, 15 Aug 2025 14:16:28 GMT
Content-Type: application/json; charset=utf-8
Transfer-Encoding: chunked
Connection: keep-alive
Access-Control-Allow-Origin: *
Etag: W/"16d-ryVvNeDR+OwaJd+i2vi/OPo/G4Y"
X-Powered-By: Express
Cf-Cache-Status: DYNAMIC
Nel: {"report_to":"cf-nel","success_fraction":0.0,"max_age":604800}
Report-To: {"group":"cf-nel","max_age":604800,"endpoints":[{"url":"https://a.nel.cloudflare.com/report/v4?s=RN5sa1mqboWpaTSqZPqPgVrZNfPmGjtTy3RmbWVYeQqFZOba8rptJ%2FjsbMlA%2FtWhB40NfaPju3FCw0Y%2FsRry42acMDWHMngMPTylHro5ddI%3D"}]}
Content-Encoding: gzip
Server: cloudflare
CF-RAY: 96f94f579cfed16e-CDG
alt-svc: h3=":443"; ma=86400

{
    "id": 1,
    "title": "Fjallraven - Foldsack No. 1 Backpack, Fits 15 Laptops",
    "price": 109.95,
    "description": "Your perfect pack for everyday use and walks in the forest. Stash your laptop (up to 15 inches) in the padded sleeve, your everyday",
    "category": "men's clothing",
    "image": "https://fakestoreapi.com/img/81fPKd-2AYL._AC_SL1500_t.png",
    "rating": {
        "rate": 3.9,
        "count": 120
    }
}
Request method:	GET
Request URI:	https://fakestoreapi.com/products/1
Proxy:			<none>
Request params:	<none>
Query params:	<none>
Form params:	<none>
Path params:	<none>
Headers:		User-Agent=Mozilla/5.0 (CI-Test-Agent)
				Accept=*/*
				Content-Type=application/json
Cookies:		<none>
Multiparts:		<none>
Body:			<none>
HTTP/1.1 200 OK
Date: Fri, 15 Aug 2025 14:16:28 GMT
Content-Type: application/json; charset=utf-8
Transfer-Encoding: chunked
Connection: keep-alive
Access-Control-Allow-Origin: *
Etag: W/"16d-ryVvNeDR+OwaJd+i2vi/OPo/G4Y"
X-Powered-By: Express
Cf-Cache-Status: DYNAMIC
Nel: {"report_to":"cf-nel","success_fraction":0.0,"max_age":604800}
Report-To: {"group":"cf-nel","max_age":604800,"endpoints":[{"url":"https://a.nel.cloudflare.com/report/v4?s=d49uJWm%2B3Sl1kv4hwbvFzaUKm7AGWwQwwWXcMffkXU60UBRht%2B5sRinF8MgmVfxf12FpTryxeGAWNfovCM5goWWkxq5iVBGV8K37isKpGDY%3D"}]}
Content-Encoding: gzip
Server: cloudflare
CF-RAY: 96f94f5b3c33d5c5-CDG
alt-svc: h3=":443"; ma=86400

{
    "id": 1,
    "title": "Fjallraven - Foldsack No. 1 Backpack, Fits 15 Laptops",
    "price": 109.95,
    "description": "Your perfect pack for everyday use and walks in the forest. Stash your laptop (up to 15 inches) in the padded sleeve, your everyday",
    "category": "men's clothing",
    "image": "https://fakestoreapi.com/img/81fPKd-2AYL._AC_SL1500_t.png",
    "rating": {
        "rate": 3.9,
        "count": 120
    }
}
Request method:	GET
Request URI:	https://fakestoreapi.com/products/1
Proxy:			<none>
Request params:	<none>
Query params:	<none>
Form params:	<none>
Path params:	<none>
Headers:		User-Agent=Mozilla/5.0 (CI-Test-Agent)
				Accept=*/*
				Content-Type=application/json
Cookies:		<none>
Multiparts:		<none>
Body:			<none>
HTTP/1.1 200 OK
Date: Fri, 15 Aug 2025 14:16:29 GMT
Content-Type: application/json; charset=utf-8
Transfer-Encoding: chunked
Connection: keep-alive
Access-Control-Allow-Origin: *
Etag: W/"16d-ryVvNeDR+OwaJd+i2vi/OPo/G4Y"
X-Powered-By: Express
Cf-Cache-Status: DYNAMIC
Nel: {"report_to":"cf-nel","success_fraction":0.0,"max_age":604800}
Report-To: {"group":"cf-nel","max_age":604800,"endpoints":[{"url":"https://a.nel.cloudflare.com/report/v4?s=kSOm8iNSFE%2F75Ob4Jllo76G1u7QNxXtg1g0u2PljORLnTwROwdzqUU1B8%2F4xYLFvLpGg0QiUBm3hcYIpRdIzNa7F23RXI6bgpxwcL5HUYKA%3D"}]}
Content-Encoding: gzip
Server: cloudflare
CF-RAY: 96f94f606b98d161-CDG
alt-svc: h3=":443"; ma=86400

{
    "id": 1,
    "title": "Fjallraven - Foldsack No. 1 Backpack, Fits 15 Laptops",
    "price": 109.95,
    "description": "Your perfect pack for everyday use and walks in the forest. Stash your laptop (up to 15 inches) in the padded sleeve, your everyday",
    "category": "men's clothing",
    "image": "https://fakestoreapi.com/img/81fPKd-2AYL._AC_SL1500_t.png",
    "rating": {
        "rate": 3.9,
        "count": 120
    }
}
Request method:	GET
Request URI:	https://fakestoreapi.com/products/1
Proxy:			<none>
Request params:	<none>
Query params:	<none>
Form params:	<none>
Path params:	<none>
Headers:		User-Agent=Mozilla/5.0 (CI-Test-Agent)
				Accept=*/*
				Content-Type=application/json
Cookies:		<none>
Multiparts:		<none>
Body:			<none>
HTTP/1.1 200 OK
Date: Fri, 15 Aug 2025 14:16:30 GMT
Content-Type: application/json; charset=utf-8
Transfer-Encoding: chunked
Connection: keep-alive
Access-Control-Allow-Origin: *
Etag: W/"16d-ryVvNeDR+OwaJd+i2vi/OPo/G4Y"
X-Powered-By: Express
Cf-Cache-Status: DYNAMIC
Nel: {"report_to":"cf-nel","success_fraction":0.0,"max_age":604800}
Report-To: {"group":"cf-nel","max_age":604800,"endpoints":[{"url":"https://a.nel.cloudflare.com/report/v4?s=nOhMpCXg7aVWHRdRBH90n8KKuDfXjnNGHZumKz9lFrQ3LCTL2O%2BGTpD1e43J9%2FgRJDg7WtFqX0aYvBW9VOqefOgRTPZhdwBUU2K8UX8Xhow%3D"}]}
Content-Encoding: gzip
Server: cloudflare
CF-RAY: 96f94f6538e9343a-CDG
alt-svc: h3=":443"; ma=86400

{
    "id": 1,
    "title": "Fjallraven - Foldsack No. 1 Backpack, Fits 15 Laptops",
    "price": 109.95,
    "description": "Your perfect pack for everyday use and walks in the forest. Stash your laptop (up to 15 inches) in the padded sleeve, your everyday",
    "category": "men's clothing",
    "image": "https://fakestoreapi.com/img/81fPKd-2AYL._AC_SL1500_t.png",
    "rating": {
        "rate": 3.9,
        "count": 120
    }
}
Request method:	GET
Request URI:	https://fakestoreapi.com/products/1
Proxy:			<none>
Request params:	<none>
Query params:	<none>
Form params:	<none>
Path params:	<none>
Headers:		User-Agent=Mozilla/5.0 (CI-Test-Agent)
				Accept=*/*
				Content-Type=application/json
Cookies:		<none>
Multiparts:		<none>
Body:			<none>
HTTP/1.1 200 OK
Date: Fri, 15 Aug 2025 14:16:31 GMT
Content-Type: application/json; charset=utf-8
Transfer-Encoding: chunked
Connection: keep-alive
Access-Control-Allow-Origin: *
Etag: W/"16d-ryVvNeDR+OwaJd+i2vi/OPo/G4Y"
X-Powered-By: Express
Cf-Cache-Status: DYNAMIC
Nel: {"report_to":"cf-nel","success_fraction":0.0,"max_age":604800}
Report-To: {"group":"cf-nel","max_age":604800,"endpoints":[{"url":"https://a.nel.cloudflare.com/report/v4?s=stZDpxucvYvxN4cRqTxb3JaEn%2F3UhEZ24oKJ437KAjBXXR5udKwOPgDN33npj7bUfgl59f36KkGMDXi6r4LHINtnl2aoHErqpjoGdhtCcgs%3D"}]}
Content-Encoding: gzip
Server: cloudflare
CF-RAY: 96f94f6ab8b62a46-CDG
alt-svc: h3=":443"; ma=86400

{
    "id": 1,
    "title": "Fjallraven - Foldsack No. 1 Backpack, Fits 15 Laptops",
    "price": 109.95,
    "description": "Your perfect pack for everyday use and walks in the forest. Stash your laptop (up to 15 inches) in the padded sleeve, your everyday",
    "category": "men's clothing",
    "image": "https://fakestoreapi.com/img/81fPKd-2AYL._AC_SL1500_t.png",
    "rating": {
        "rate": 3.9,
        "count": 120
    }
}
Request method:	GET
Request URI:	https://fakestoreapi.com/products/1
Proxy:			<none>
Request params:	<none>
Query params:	<none>
Form params:	<none>
Path params:	<none>
Headers:		User-Agent=Mozilla/5.0 (CI-Test-Agent)
				Accept=*/*
				Content-Type=application/json
Cookies:		<none>
Multiparts:		<none>
Body:			<none>
HTTP/1.1 200 OK
Date: Fri, 15 Aug 2025 14:16:32 GMT
Content-Type: application/json; charset=utf-8
Transfer-Encoding: chunked
Connection: keep-alive
Access-Control-Allow-Origin: *
Etag: W/"16d-ryVvNeDR+OwaJd+i2vi/OPo/G4Y"
X-Powered-By: Express
Cf-Cache-Status: DYNAMIC
Nel: {"report_to":"cf-nel","success_fraction":0.0,"max_age":604800}
Report-To: {"group":"cf-nel","max_age":604800,"endpoints":[{"url":"https://a.nel.cloudflare.com/report/v4?s=a0tCAxAKygcyrv0YFkK%2FA3IQxTXsP1KRhjS38900zZKjrSPBaSbVHQSY2X2gBd02xSJ8Zn8sJ9OtIOPq5UP%2B1uvr%2BLPsgcywIX7AUx8PtOo%3D"}]}
Content-Encoding: gzip
Server: cloudflare
CF-RAY: 96f94f710c01154c-CDG
alt-svc: h3=":443"; ma=86400

{
    "id": 1,
    "title": "Fjallraven - Foldsack No. 1 Backpack, Fits 15 Laptops",
    "price": 109.95,
    "description": "Your perfect pack for everyday use and walks in the forest. Stash your laptop (up to 15 inches) in the padded sleeve, your everyday",
    "category": "men's clothing",
    "image": "https://fakestoreapi.com/img/81fPKd-2AYL._AC_SL1500_t.png",
    "rating": {
        "rate": 3.9,
        "count": 120
    }
}
Request method:	GET
Request URI:	https://fakestoreapi.com/products/1
Proxy:			<none>
Request params:	<none>
Query params:	<none>
Form params:	<none>
Path params:	<none>
Headers:		User-Agent=Mozilla/5.0 (CI-Test-Agent)
				Accept=*/*
				Content-Type=application/json
Cookies:		<none>
Multiparts:		<none>
Body:			<none>
HTTP/1.1 200 OK
Date: Fri, 15 Aug 2025 14:16:32 GMT
Content-Type: application/json; charset=utf-8
Transfer-Encoding: chunked
Connection: keep-alive
Access-Control-Allow-Origin: *
Etag: W/"16d-ryVvNeDR+OwaJd+i2vi/OPo/G4Y"
X-Powered-By: Express
Cf-Cache-Status: DYNAMIC
Nel: {"report_to":"cf-nel","success_fraction":0.0,"max_age":604800}
Report-To: {"group":"cf-nel","max_age":604800,"endpoints":[{"url":"https://a.nel.cloudflare.com/report/v4?s=Z3hu35%2FBOxp9vjfJuKgZ8e%2BlD5hg40%2FU84%2BmkspaMfD0Bd8%2FxstMOWCUC6AHXtphhKzIPo8DnNN1YAMQ8DxzSE2u2WznaMiHw643IMcWsUA%3D"}]}
Content-Encoding: gzip
Server: cloudflare
CF-RAY: 96f94f7498e7d68e-CDG
alt-svc: h3=":443"; ma=86400

{
    "id": 1,
    "title": "Fjallraven - Foldsack No. 1 Backpack, Fits 15 Laptops",
    "price": 109.95,
    "description": "Your perfect pack for everyday use and walks in the forest. Stash your laptop (up to 15 inches) in the padded sleeve, your everyday",
    "category": "men's clothing",
    "image": "https://fakestoreapi.com/img/81fPKd-2AYL._AC_SL1500_t.png",
    "rating": {
        "rate": 3.9,
        "count": 120
    }
}
Request method:	GET
Request URI:	https://fakestoreapi.com/products/1
Proxy:			<none>
Request params:	<none>
Query params:	<none>
Form params:	<none>
Path params:	<none>
Headers:		User-Agent=Mozilla/5.0 (CI-Test-Agent)
				Accept=*/*
				Content-Type=application/json
Cookies:		<none>
Multiparts:		<none>
Body:			<none>
HTTP/1.1 200 OK
Date: Fri, 15 Aug 2025 14:16:33 GMT
Content-Type: application/json; charset=utf-8
Transfer-Encoding: chunked
Connection: keep-alive
Access-Control-Allow-Origin: *
Etag: W/"16d-ryVvNeDR+OwaJd+i2vi/OPo/G4Y"
X-Powered-By: Express
Cf-Cache-Status: DYNAMIC
Nel: {"report_to":"cf-nel","success_fraction":0.0,"max_age":604800}
Report-To: {"group":"cf-nel","max_age":604800,"endpoints":[{"url":"https://a.nel.cloudflare.com/report/v4?s=ZMbx4k1TC634cTWkpr7RVoSHkPT9V1LC3EhbCgVkVLaTOUdXS7eSPrPgW6CzAIxMsorxweoTogtP2Ka0vKrdwvm8DZbvCeUQNYQ4mhTk%2F4Y%3D"}]}
Content-Encoding: gzip
Server: cloudflare
CF-RAY: 96f94f7849626774-CDG
alt-svc: h3=":443"; ma=86400

{
    "id": 1,
    "title": "Fjallraven - Foldsack No. 1 Backpack, Fits 15 Laptops",
    "price": 109.95,
    "description": "Your perfect pack for everyday use and walks in the forest. Stash your laptop (up to 15 inches) in the padded sleeve, your everyday",
    "category": "men's clothing",
    "image": "https://fakestoreapi.com/img/81fPKd-2AYL._AC_SL1500_t.png",
    "rating": {
        "rate": 3.9,
        "count": 120
    }
}
Request method:	GET
Request URI:	https://fakestoreapi.com/products/1
Proxy:			<none>
Request params:	<none>
Query params:	<none>
Form params:	<none>
Path params:	<none>
Headers:		User-Agent=Mozilla/5.0 (CI-Test-Agent)
				Accept=*/*
				Content-Type=application/json
Cookies:		<none>
Multiparts:		<none>
Body:			<none>
HTTP/1.1 200 OK
Date: Fri, 15 Aug 2025 14:16:34 GMT
Content-Type: application/json; charset=utf-8
Transfer-Encoding: chunked
Connection: keep-alive
Access-Control-Allow-Origin: *
Etag: W/"16d-ryVvNeDR+OwaJd+i2vi/OPo/G4Y"
X-Powered-By: Express
Cf-Cache-Status: DYNAMIC
Nel: {"report_to":"cf-nel","success_fraction":0.0,"max_age":604800}
Report-To: {"group":"cf-nel","max_age":604800,"endpoints":[{"url":"https://a.nel.cloudflare.com/report/v4?s=1Q%2FV3kJEKSxBrtmcnvyZvdtHgqZeJNxBzLXTk1SNd4Ql8mQ0GVAdhJvUJimdxNdi7M2T%2FrtYvPyDB3Tv0jw%2F5rvBC7bIqRrAeVWVJmZECpA%3D"}]}
Content-Encoding: gzip
Server: cloudflare
CF-RAY: 96f94f7d4d2b6ef6-CDG
alt-svc: h3=":443"; ma=86400

{
    "id": 1,
    "title": "Fjallraven - Foldsack No. 1 Backpack, Fits 15 Laptops",
    "price": 109.95,
    "description": "Your perfect pack for everyday use and walks in the forest. Stash your laptop (up to 15 inches) in the padded sleeve, your everyday",
    "category": "men's clothing",
    "image": "https://fakestoreapi.com/img/81fPKd-2AYL._AC_SL1500_t.png",
    "rating": {
        "rate": 3.9,
        "count": 120
    }
}
Request method:	GET
Request URI:	https://fakestoreapi.com/products/1
Proxy:			<none>
Request params:	<none>
Query params:	<none>
Form params:	<none>
Path params:	<none>
Headers:		User-Agent=Mozilla/5.0 (CI-Test-Agent)
				Accept=*/*
				Content-Type=application/json
Cookies:		<none>
Multiparts:		<none>
Body:			<none>
HTTP/1.1 200 OK
Date: Fri, 15 Aug 2025 14:16:34 GMT
Content-Type: application/json; charset=utf-8
Transfer-Encoding: chunked
Connection: keep-alive
Access-Control-Allow-Origin: *
Etag: W/"16d-ryVvNeDR+OwaJd+i2vi/OPo/G4Y"
X-Powered-By: Express
Cf-Cache-Status: DYNAMIC
Nel: {"report_to":"cf-nel","success_fraction":0.0,"max_age":604800}
Report-To: {"group":"cf-nel","max_age":604800,"endpoints":[{"url":"https://a.nel.cloudflare.com/report/v4?s=vBvJg0g4TXTtU5C1W3gf8SYKyvcUNwzqjX2qfnbr87b10so8jyH08uzUj6eRzleq%2FvxYXC8jaG0PL5xIQ%2BLWfzcqP037rberIsdjfXPuSco%3D"}]}
Content-Encoding: gzip
Server: cloudflare
CF-RAY: 96f94f816e4c4aff-CDG
alt-svc: h3=":443"; ma=86400

{
    "id": 1,
    "title": "Fjallraven - Foldsack No. 1 Backpack, Fits 15 Laptops",
    "price": 109.95,
    "description": "Your perfect pack for everyday use and walks in the forest. Stash your laptop (up to 15 inches) in the padded sleeve, your everyday",
    "category": "men's clothing",
    "image": "https://fakestoreapi.com/img/81fPKd-2AYL._AC_SL1500_t.png",
    "rating": {
        "rate": 3.9,
        "count": 120
    }
}
Request method:	GET
Request URI:	https://fakestoreapi.com/products/1
Proxy:			<none>
Request params:	<none>
Query params:	<none>
Form params:	<none>
Path params:	<none>
Headers:		User-Agent=Mozilla/5.0 (CI-Test-Agent)
				Accept=*/*
				Content-Type=application/json
Cookies:		<none>
Multiparts:		<none>
Body:			<none>
HTTP/1.1 200 OK
Date: Fri, 15 Aug 2025 14:16:35 GMT
Content-Type: application/json; charset=utf-8
Transfer-Encoding: chunked
Connection: keep-alive
Access-Control-Allow-Origin: *
Etag: W/"16d-ryVvNeDR+OwaJd+i2vi/OPo/G4Y"
X-Powered-By: Express
Cf-Cache-Status: DYNAMIC
Nel: {"report_to":"cf-nel","success_fraction":0.0,"max_age":604800}
Report-To: {"group":"cf-nel","max_age":604800,"endpoints":[{"url":"https://a.nel.cloudflare.com/report/v4?s=yk8sCfUMDAIeRAOBM8Ya02Tjq4ye6OSNM52E9ErwCie1vraYzutYA%2BPqoWTwtKWkCnKD8EHlmQhLsiLKc7bbhO7rRDITrMqEk4SxqtYJQ88%3D"}]}
Content-Encoding: gzip
Server: cloudflare
CF-RAY: 96f94f848a2fd146-CDG
alt-svc: h3=":443"; ma=86400

{
    "id": 1,
    "title": "Fjallraven - Foldsack No. 1 Backpack, Fits 15 Laptops",
    "price": 109.95,
    "description": "Your perfect pack for everyday use and walks in the forest. Stash your laptop (up to 15 inches) in the padded sleeve, your everyday",
    "category": "men's clothing",
    "image": "https://fakestoreapi.com/img/81fPKd-2AYL._AC_SL1500_t.png",
    "rating": {
        "rate": 3.9,
        "count": 120
    }
}
Request method:	GET
Request URI:	https://fakestoreapi.com/products/1
Proxy:			<none>
Request params:	<none>
Query params:	<none>
Form params:	<none>
Path params:	<none>
Headers:		User-Agent=Mozilla/5.0 (CI-Test-Agent)
				Accept=*/*
				Content-Type=application/json
Cookies:		<none>
Multiparts:		<none>
Body:			<none>
HTTP/1.1 200 OK
Date: Fri, 15 Aug 2025 14:16:35 GMT
Content-Type: application/json; charset=utf-8
Transfer-Encoding: chunked
Connection: keep-alive
Access-Control-Allow-Origin: *
Etag: W/"16d-ryVvNeDR+OwaJd+i2vi/OPo/G4Y"
X-Powered-By: Express
Cf-Cache-Status: DYNAMIC
Nel: {"report_to":"cf-nel","success_fraction":0.0,"max_age":604800}
Report-To: {"group":"cf-nel","max_age":604800,"endpoints":[{"url":"https://a.nel.cloudflare.com/report/v4?s=h%2FprNEqfIz1KywPtXAqcZE7D9bb5LcZ4vRt4ySognc1qwbF74OQ%2F9ihemBVoYQ1jwF7tz%2Badl6Zdu8Eo5Mu0grMwjzkZG8ED09vpwOrnWvs%3D"}]}
Content-Encoding: gzip
Server: cloudflare
CF-RAY: 96f94f87fdc11bec-CDG
alt-svc: h3=":443"; ma=86400

{
    "id": 1,
    "title": "Fjallraven - Foldsack No. 1 Backpack, Fits 15 Laptops",
    "price": 109.95,
    "description": "Your perfect pack for everyday use and walks in the forest. Stash your laptop (up to 15 inches) in the padded sleeve, your everyday",
    "category": "men's clothing",
    "image": "https://fakestoreapi.com/img/81fPKd-2AYL._AC_SL1500_t.png",
    "rating": {
        "rate": 3.9,
        "count": 120
    }
}
Request method:	GET
Request URI:	https://fakestoreapi.com/products/1
Proxy:			<none>
Request params:	<none>
Query params:	<none>
Form params:	<none>
Path params:	<none>
Headers:		User-Agent=Mozilla/5.0 (CI-Test-Agent)
				Accept=*/*
				Content-Type=application/json
Cookies:		<none>
Multiparts:		<none>
Body:			<none>
HTTP/1.1 200 OK
Date: Fri, 15 Aug 2025 14:16:36 GMT
Content-Type: application/json; charset=utf-8
Transfer-Encoding: chunked
Connection: keep-alive
Access-Control-Allow-Origin: *
Etag: W/"16d-ryVvNeDR+OwaJd+i2vi/OPo/G4Y"
X-Powered-By: Express
Cf-Cache-Status: DYNAMIC
Nel: {"report_to":"cf-nel","success_fraction":0.0,"max_age":604800}
Report-To: {"group":"cf-nel","max_age":604800,"endpoints":[{"url":"https://a.nel.cloudflare.com/report/v4?s=JRtO0T2PO%2FeU5GRJVmWNHON8vII0WQC0RuHRJ62ymp%2FlZTXfQk06MfDlJOS9TbT4IHmPwjHHaac3tLgZqtXU5%2BnVqtN%2FwlzinWOkhVAt6co%3D"}]}
Content-Encoding: gzip
Server: cloudflare
CF-RAY: 96f94f8b0b7e1344-CDG
alt-svc: h3=":443"; ma=86400

{
    "id": 1,
    "title": "Fjallraven - Foldsack No. 1 Backpack, Fits 15 Laptops",
    "price": 109.95,
    "description": "Your perfect pack for everyday use and walks in the forest. Stash your laptop (up to 15 inches) in the padded sleeve, your everyday",
    "category": "men's clothing",
    "image": "https://fakestoreapi.com/img/81fPKd-2AYL._AC_SL1500_t.png",
    "rating": {
        "rate": 3.9,
        "count": 120
    }
}
Request method:	GET
Request URI:	https://fakestoreapi.com/products/1
Proxy:			<none>
Request params:	<none>
Query params:	<none>
Form params:	<none>
Path params:	<none>
Headers:		User-Agent=Mozilla/5.0 (CI-Test-Agent)
				Accept=*/*
				Content-Type=application/json
Cookies:		<none>
Multiparts:		<none>
Body:			<none>
HTTP/1.1 200 OK
Date: Fri, 15 Aug 2025 14:16:36 GMT
Content-Type: application/json; charset=utf-8
Transfer-Encoding: chunked
Connection: keep-alive
Access-Control-Allow-Origin: *
Etag: W/"16d-ryVvNeDR+OwaJd+i2vi/OPo/G4Y"
X-Powered-By: Express
Cf-Cache-Status: DYNAMIC
Nel: {"report_to":"cf-nel","success_fraction":0.0,"max_age":604800}
Report-To: {"group":"cf-nel","max_age":604800,"endpoints":[{"url":"https://a.nel.cloudflare.com/report/v4?s=weIY1EHCCRF7%2BsVATxHHhRyJtu2%2FFpQUif%2BCheCnJK4aGs0crG1LFprgeQD38B%2FKBVecOf17ALoccrlSpZKuwTyvvpsRRQw6GN2EVCgOUas%3D"}]}
Content-Encoding: gzip
Server: cloudflare
CF-RAY: 96f94f8e0e3e2a11-CDG
alt-svc: h3=":443"; ma=86400

{
    "id": 1,
    "title": "Fjallraven - Foldsack No. 1 Backpack, Fits 15 Laptops",
    "price": 109.95,
    "description": "Your perfect pack for everyday use and walks in the forest. Stash your laptop (up to 15 inches) in the padded sleeve, your everyday",
    "category": "men's clothing",
    "image": "https://fakestoreapi.com/img/81fPKd-2AYL._AC_SL1500_t.png",
    "rating": {
        "rate": 3.9,
        "count": 120
    }
}
Request method:	GET
Request URI:	https://fakestoreapi.com/products/1
Proxy:			<none>
Request params:	<none>
Query params:	<none>
Form params:	<none>
Path params:	<none>
Headers:		User-Agent=Mozilla/5.0 (CI-Test-Agent)
				Accept=*/*
				Content-Type=application/json
Cookies:		<none>
Multiparts:		<none>
Body:			<none>
HTTP/1.1 200 OK
Date: Fri, 15 Aug 2025 14:16:37 GMT
Content-Type: application/json; charset=utf-8
Transfer-Encoding: chunked
Connection: keep-alive
Access-Control-Allow-Origin: *
Etag: W/"16d-ryVvNeDR+OwaJd+i2vi/OPo/G4Y"
X-Powered-By: Express
Cf-Cache-Status: DYNAMIC
Nel: {"report_to":"cf-nel","success_fraction":0.0,"max_age":604800}
Report-To: {"group":"cf-nel","max_age":604800,"endpoints":[{"url":"https://a.nel.cloudflare.com/report/v4?s=3woeegBvQQ9dGYbao9cNtQgSjT%2Fs7dXRZqyHhS5anh2dQuglfh9HquDBBvdjZS%2F%2FupJ6tWvf95PQSQ2K20aZPzsdikyz84fWoK82xiq0ZvY%3D"}]}
Content-Encoding: gzip
Server: cloudflare
CF-RAY: 96f94f92af9f00a6-CDG
alt-svc: h3=":443"; ma=86400

{
    "id": 1,
    "title": "Fjallraven - Foldsack No. 1 Backpack, Fits 15 Laptops",
    "price": 109.95,
    "description": "Your perfect pack for everyday use and walks in the forest. Stash your laptop (up to 15 inches) in the padded sleeve, your everyday",
    "category": "men's clothing",
    "image": "https://fakestoreapi.com/img/81fPKd-2AYL._AC_SL1500_t.png",
    "rating": {
        "rate": 3.9,
        "count": 120
    }
}
Request method:	GET
Request URI:	https://fakestoreapi.com/products/1
Proxy:			<none>
Request params:	<none>
Query params:	<none>
Form params:	<none>
Path params:	<none>
Headers:		User-Agent=Mozilla/5.0 (CI-Test-Agent)
				Accept=*/*
				Content-Type=application/json
Cookies:		<none>
Multiparts:		<none>
Body:			<none>
HTTP/1.1 200 OK
Date: Fri, 15 Aug 2025 14:16:38 GMT
Content-Type: application/json; charset=utf-8
Transfer-Encoding: chunked
Connection: keep-alive
Access-Control-Allow-Origin: *
Etag: W/"16d-ryVvNeDR+OwaJd+i2vi/OPo/G4Y"
X-Powered-By: Express
Cf-Cache-Status: DYNAMIC
Nel: {"report_to":"cf-nel","success_fraction":0.0,"max_age":604800}
Report-To: {"group":"cf-nel","max_age":604800,"endpoints":[{"url":"https://a.nel.cloudflare.com/report/v4?s=C%2Ffc%2B3IrfzfJRwEdTfKE8UPjtKa5TfK7Jp9R1OCUJf2dNWiJWhw%2BaFMvIKwi7EkefQ0TJmV6TC5ofb3Mr46Uor3shL6lpidA%2BniBNOPR7KA%3D"}]}
Content-Encoding: gzip
Server: cloudflare
CF-RAY: 96f94f97e8af9ea8-CDG
alt-svc: h3=":443"; ma=86400

{
    "id": 1,
    "title": "Fjallraven - Foldsack No. 1 Backpack, Fits 15 Laptops",
    "price": 109.95,
    "description": "Your perfect pack for everyday use and walks in the forest. Stash your laptop (up to 15 inches) in the padded sleeve, your everyday",
    "category": "men's clothing",
    "image": "https://fakestoreapi.com/img/81fPKd-2AYL._AC_SL1500_t.png",
    "rating": {
        "rate": 3.9,
        "count": 120
    }
}
Request method:	GET
Request URI:	https://fakestoreapi.com/products/1
Proxy:			<none>
Request params:	<none>
Query params:	<none>
Form params:	<none>
Path params:	<none>
Headers:		User-Agent=Mozilla/5.0 (CI-Test-Agent)
				Accept=*/*
				Content-Type=application/json
Cookies:		<none>
Multiparts:		<none>
Body:			<none>
HTTP/1.1 200 OK
Date: Fri, 15 Aug 2025 14:16:39 GMT
Content-Type: application/json; charset=utf-8
Transfer-Encoding: chunked
Connection: keep-alive
Access-Control-Allow-Origin: *
Etag: W/"16d-ryVvNeDR+OwaJd+i2vi/OPo/G4Y"
X-Powered-By: Express
Cf-Cache-Status: DYNAMIC
Nel: {"report_to":"cf-nel","success_fraction":0.0,"max_age":604800}
Report-To: {"group":"cf-nel","max_age":604800,"endpoints":[{"url":"https://a.nel.cloudflare.com/report/v4?s=SK7XxvycKd9fP7iog2evmTJcpwzmWURvp9apABsN0tbS2KGwhrvkRCM7FJD4a5ByjP1cwmXwx1Z4rZ60Ofy0ufC3U3uyXUxfgxe6n8mInpk%3D"}]}
Content-Encoding: gzip
Server: cloudflare
CF-RAY: 96f94f9c69470053-CDG
alt-svc: h3=":443"; ma=86400

{
    "id": 1,
    "title": "Fjallraven - Foldsack No. 1 Backpack, Fits 15 Laptops",
    "price": 109.95,
    "description": "Your perfect pack for everyday use and walks in the forest. Stash your laptop (up to 15 inches) in the padded sleeve, your everyday",
    "category": "men's clothing",
    "image": "https://fakestoreapi.com/img/81fPKd-2AYL._AC_SL1500_t.png",
    "rating": {
        "rate": 3.9,
        "count": 120
    }
}
Request method:	GET
Request URI:	https://fakestoreapi.com/products/1
Proxy:			<none>
Request params:	<none>
Query params:	<none>
Form params:	<none>
Path params:	<none>
Headers:		User-Agent=Mozilla/5.0 (CI-Test-Agent)
				Accept=*/*
				Content-Type=application/json
Cookies:		<none>
Multiparts:		<none>
Body:			<none>
HTTP/1.1 200 OK
Date: Fri, 15 Aug 2025 14:16:39 GMT
Content-Type: application/json; charset=utf-8
Transfer-Encoding: chunked
Connection: keep-alive
Access-Control-Allow-Origin: *
Etag: W/"16d-ryVvNeDR+OwaJd+i2vi/OPo/G4Y"
X-Powered-By: Express
Cf-Cache-Status: DYNAMIC
Nel: {"report_to":"cf-nel","success_fraction":0.0,"max_age":604800}
Report-To: {"group":"cf-nel","max_age":604800,"endpoints":[{"url":"https://a.nel.cloudflare.com/report/v4?s=9F11Edr6rMhUizQyFbiLBwrdwj9b0AgW7J%2B9kmKS4jWO%2BUorjhMeRpdHcbZg%2BEUa9Jw4z98xqJrAv6H5thURjJYUmph%2FRa%2FCProtqwatCoE%3D"}]}
Content-Encoding: gzip
Server: cloudflare
CF-RAY: 96f94fa02f6cbb3c-CDG
alt-svc: h3=":443"; ma=86400

{
    "id": 1,
    "title": "Fjallraven - Foldsack No. 1 Backpack, Fits 15 Laptops",
    "price": 109.95,
    "description": "Your perfect pack for everyday use and walks in the forest. Stash your laptop (up to 15 inches) in the padded sleeve, your everyday",
    "category": "men's clothing",
    "image": "https://fakestoreapi.com/img/81fPKd-2AYL._AC_SL1500_t.png",
    "rating": {
        "rate": 3.9,
        "count": 120
    }
}
Request method:	GET
Request URI:	https://fakestoreapi.com/products/1
Proxy:			<none>
Request params:	<none>
Query params:	<none>
Form params:	<none>
Path params:	<none>
Headers:		User-Agent=Mozilla/5.0 (CI-Test-Agent)
				Accept=*/*
				Content-Type=application/json
Cookies:		<none>
Multiparts:		<none>
Body:			<none>
HTTP/1.1 200 OK
Date: Fri, 15 Aug 2025 14:16:40 GMT
Content-Type: application/json; charset=utf-8
Transfer-Encoding: chunked
Connection: keep-alive
Access-Control-Allow-Origin: *
Etag: W/"16d-ryVvNeDR+OwaJd+i2vi/OPo/G4Y"
X-Powered-By: Express
Cf-Cache-Status: DYNAMIC
Nel: {"report_to":"cf-nel","success_fraction":0.0,"max_age":604800}
Report-To: {"group":"cf-nel","max_age":604800,"endpoints":[{"url":"https://a.nel.cloudflare.com/report/v4?s=780ywjkCjJTQG7hRxl7lRLFmjQS5H0UlLL0bI%2FNc2WQd2IxRTSz6UHbwKMXaaGc%2FHWvKoHdySc6AMMINn7AAY0gu1IPplIrYjTbQcZTgUo8%3D"}]}
Content-Encoding: gzip
Server: cloudflare
CF-RAY: 96f94fa49d2b6f2a-CDG
alt-svc: h3=":443"; ma=86400

{
    "id": 1,
    "title": "Fjallraven - Foldsack No. 1 Backpack, Fits 15 Laptops",
    "price": 109.95,
    "description": "Your perfect pack for everyday use and walks in the forest. Stash your laptop (up to 15 inches) in the padded sleeve, your everyday",
    "category": "men's clothing",
    "image": "https://fakestoreapi.com/img/81fPKd-2AYL._AC_SL1500_t.png",
    "rating": {
        "rate": 3.9,
        "count": 120
    }
}
Request method:	GET
Request URI:	https://fakestoreapi.com/products/1
Proxy:			<none>
Request params:	<none>
Query params:	<none>
Form params:	<none>
Path params:	<none>
Headers:		User-Agent=Mozilla/5.0 (CI-Test-Agent)
				Accept=*/*
				Content-Type=application/json
Cookies:		<none>
Multiparts:		<none>
Body:			<none>
HTTP/1.1 200 OK
Date: Fri, 15 Aug 2025 14:16:41 GMT
Content-Type: application/json; charset=utf-8
Transfer-Encoding: chunked
Connection: keep-alive
Access-Control-Allow-Origin: *
Etag: W/"16d-ryVvNeDR+OwaJd+i2vi/OPo/G4Y"
X-Powered-By: Express
Cf-Cache-Status: DYNAMIC
Nel: {"report_to":"cf-nel","success_fraction":0.0,"max_age":604800}
Report-To: {"group":"cf-nel","max_age":604800,"endpoints":[{"url":"https://a.nel.cloudflare.com/report/v4?s=SYH277T67PwYtjEKFXyg1p3ziBqhNK%2F6BDM27Vk6fmVAiuYA90VBNC5N%2BhzfmIQqjqvQ1O6jacRhlwj7duFT3SvMIVJWu2hl24QhoW2kC%2F0%3D"}]}
Content-Encoding: gzip
Server: cloudflare
CF-RAY: 96f94fa8b80bd0b4-CDG
alt-svc: h3=":443"; ma=86400

{
    "id": 1,
    "title": "Fjallraven - Foldsack No. 1 Backpack, Fits 15 Laptops",
    "price": 109.95,
    "description": "Your perfect pack for everyday use and walks in the forest. Stash your laptop (up to 15 inches) in the padded sleeve, your everyday",
    "category": "men's clothing",
    "image": "https://fakestoreapi.com/img/81fPKd-2AYL._AC_SL1500_t.png",
    "rating": {
        "rate": 3.9,
        "count": 120
    }
}
Request method:	GET
Request URI:	https://fakestoreapi.com/products/1
Proxy:			<none>
Request params:	<none>
Query params:	<none>
Form params:	<none>
Path params:	<none>
Headers:		User-Agent=Mozilla/5.0 (CI-Test-Agent)
				Accept=*/*
				Content-Type=application/json
Cookies:		<none>
Multiparts:		<none>
Body:			<none>
HTTP/1.1 200 OK
Date: Fri, 15 Aug 2025 14:16:41 GMT
Content-Type: application/json; charset=utf-8
Transfer-Encoding: chunked
Connection: keep-alive
Access-Control-Allow-Origin: *
Etag: W/"16d-ryVvNeDR+OwaJd+i2vi/OPo/G4Y"
X-Powered-By: Express
Cf-Cache-Status: DYNAMIC
Nel: {"report_to":"cf-nel","success_fraction":0.0,"max_age":604800}
Report-To: {"group":"cf-nel","max_age":604800,"endpoints":[{"url":"https://a.nel.cloudflare.com/report/v4?s=PKHV5oDCura%2BCqhJAaG%2FIQlatM83%2FCYisgzSsq%2F9T2lxcoA73ZvP04pVAxiUvkddZ3l1CWc8FJZZt62ODC4JczQRz6MeUfbOQGtoaM7vCiY%3D"}]}
Content-Encoding: gzip
Server: cloudflare
CF-RAY: 96f94fad0f592a5c-CDG
alt-svc: h3=":443"; ma=86400

{
    "id": 1,
    "title": "Fjallraven - Foldsack No. 1 Backpack, Fits 15 Laptops",
    "price": 109.95,
    "description": "Your perfect pack for everyday use and walks in the forest. Stash your laptop (up to 15 inches) in the padded sleeve, your everyday",
    "category": "men's clothing",
    "image": "https://fakestoreapi.com/img/81fPKd-2AYL._AC_SL1500_t.png",
    "rating": {
        "rate": 3.9,
        "count": 120
    }
}
Request method:	GET
Request URI:	https://fakestoreapi.com/products/1
Proxy:			<none>
Request params:	<none>
Query params:	<none>
Form params:	<none>
Path params:	<none>
Headers:		User-Agent=Mozilla/5.0 (CI-Test-Agent)
				Accept=*/*
				Content-Type=application/json
Cookies:		<none>
Multiparts:		<none>
Body:			<none>
HTTP/1.1 200 OK
Date: Fri, 15 Aug 2025 14:16:42 GMT
Content-Type: application/json; charset=utf-8
Transfer-Encoding: chunked
Connection: keep-alive
Access-Control-Allow-Origin: *
Etag: W/"16d-ryVvNeDR+OwaJd+i2vi/OPo/G4Y"
X-Powered-By: Express
Cf-Cache-Status: DYNAMIC
Nel: {"report_to":"cf-nel","success_fraction":0.0,"max_age":604800}
Report-To: {"group":"cf-nel","max_age":604800,"endpoints":[{"url":"https://a.nel.cloudflare.com/report/v4?s=7VAKtcZyhMiYjPwbZEltYfvEjDj7Bwamw2c029gp7fzjyPOdgEhwOTnJi8v2IZHYTmSsTYzasTseoDRTl%2BnN3LkuGC31A8muRq2%2BxwwuK8o%3D"}]}
Content-Encoding: gzip
Server: cloudflare
CF-RAY: 96f94fb028b550f9-CDG
alt-svc: h3=":443"; ma=86400

{
    "id": 1,
    "title": "Fjallraven - Foldsack No. 1 Backpack, Fits 15 Laptops",
    "price": 109.95,
    "description": "Your perfect pack for everyday use and walks in the forest. Stash your laptop (up to 15 inches) in the padded sleeve, your everyday",
    "category": "men's clothing",
    "image": "https://fakestoreapi.com/img/81fPKd-2AYL._AC_SL1500_t.png",
    "rating": {
        "rate": 3.9,
        "count": 120
    }
}
Request method:	GET
Request URI:	https://fakestoreapi.com/products/1
Proxy:			<none>
Request params:	<none>
Query params:	<none>
Form params:	<none>
Path params:	<none>
Headers:		User-Agent=Mozilla/5.0 (CI-Test-Agent)
				Accept=*/*
				Content-Type=application/json
Cookies:		<none>
Multiparts:		<none>
Body:			<none>
HTTP/1.1 200 OK
Date: Fri, 15 Aug 2025 14:16:42 GMT
Content-Type: application/json; charset=utf-8
Transfer-Encoding: chunked
Connection: keep-alive
Access-Control-Allow-Origin: *
Etag: W/"16d-ryVvNeDR+OwaJd+i2vi/OPo/G4Y"
X-Powered-By: Express
Cf-Cache-Status: DYNAMIC
Nel: {"report_to":"cf-nel","success_fraction":0.0,"max_age":604800}
Report-To: {"group":"cf-nel","max_age":604800,"endpoints":[{"url":"https://a.nel.cloudflare.com/report/v4?s=q2%2F4Ei5DXczQRUOALtbeyQMtNXJTzCvJvt%2FOsxudw1FqIQC5He75RN%2B6%2FnCdOVplvtGhsw7mT%2BB4adP2nHBJfux%2FAeJnEVw0EwTiAb2yM4c%3D"}]}
Content-Encoding: gzip
Server: cloudflare
CF-RAY: 96f94fb39b7153ad-CDG
alt-svc: h3=":443"; ma=86400

{
    "id": 1,
    "title": "Fjallraven - Foldsack No. 1 Backpack, Fits 15 Laptops",
    "price": 109.95,
    "description": "Your perfect pack for everyday use and walks in the forest. Stash your laptop (up to 15 inches) in the padded sleeve, your everyday",
    "category": "men's clothing",
    "image": "https://fakestoreapi.com/img/81fPKd-2AYL._AC_SL1500_t.png",
    "rating": {
        "rate": 3.9,
        "count": 120
    }
}
Request method:	GET
Request URI:	https://fakestoreapi.com/products/1
Proxy:			<none>
Request params:	<none>
Query params:	<none>
Form params:	<none>
Path params:	<none>
Headers:		User-Agent=Mozilla/5.0 (CI-Test-Agent)
				Accept=*/*
				Content-Type=application/json
Cookies:		<none>
Multiparts:		<none>
Body:			<none>
HTTP/1.1 200 OK
Date: Fri, 15 Aug 2025 14:16:43 GMT
Content-Type: application/json; charset=utf-8
Transfer-Encoding: chunked
Connection: keep-alive
Access-Control-Allow-Origin: *
Etag: W/"16d-ryVvNeDR+OwaJd+i2vi/OPo/G4Y"
X-Powered-By: Express
Cf-Cache-Status: DYNAMIC
Nel: {"report_to":"cf-nel","success_fraction":0.0,"max_age":604800}
Report-To: {"group":"cf-nel","max_age":604800,"endpoints":[{"url":"https://a.nel.cloudflare.com/report/v4?s=0KRE0Tf2gc%2Bpxjd5M0975vC%2FpKQ0CN8Ke6f96cGqWa84O1nwH8%2BdlxZrPBWbHiWUgt7rlkMiSUaVxSK5tAQq6xNMsaPtNH07s6Ywf8MRMM4%3D"}]}
Content-Encoding: gzip
Server: cloudflare
CF-RAY: 96f94fb74b64700b-CDG
alt-svc: h3=":443"; ma=86400

{
    "id": 1,
    "title": "Fjallraven - Foldsack No. 1 Backpack, Fits 15 Laptops",
    "price": 109.95,
    "description": "Your perfect pack for everyday use and walks in the forest. Stash your laptop (up to 15 inches) in the padded sleeve, your everyday",
    "category": "men's clothing",
    "image": "https://fakestoreapi.com/img/81fPKd-2AYL._AC_SL1500_t.png",
    "rating": {
        "rate": 3.9,
        "count": 120
    }
}
Request method:	GET
Request URI:	https://fakestoreapi.com/products/1
Proxy:			<none>
Request params:	<none>
Query params:	<none>
Form params:	<none>
Path params:	<none>
Headers:		User-Agent=Mozilla/5.0 (CI-Test-Agent)
				Accept=*/*
				Content-Type=application/json
Cookies:		<none>
Multiparts:		<none>
Body:			<none>
HTTP/1.1 200 OK
Date: Fri, 15 Aug 2025 14:16:43 GMT
Content-Type: application/json; charset=utf-8
Transfer-Encoding: chunked
Connection: keep-alive
Access-Control-Allow-Origin: *
Etag: W/"16d-ryVvNeDR+OwaJd+i2vi/OPo/G4Y"
X-Powered-By: Express
Cf-Cache-Status: DYNAMIC
Nel: {"report_to":"cf-nel","success_fraction":0.0,"max_age":604800}
Report-To: {"group":"cf-nel","max_age":604800,"endpoints":[{"url":"https://a.nel.cloudflare.com/report/v4?s=xgDW%2BIhTcmSBEHuuC4RUUEfurmRVZCdRMkWQFT9DJh0ekdHEGNhj09LzzXxLZeE%2FOqPm9JZvfaz%2F82cc4NCQ1FlU5Ide1segAQeI%2BQfDQqY%3D"}]}
Content-Encoding: gzip
Server: cloudflare
CF-RAY: 96f94fba7df5ca0d-CDG
alt-svc: h3=":443"; ma=86400

{
    "id": 1,
    "title": "Fjallraven - Foldsack No. 1 Backpack, Fits 15 Laptops",
    "price": 109.95,
    "description": "Your perfect pack for everyday use and walks in the forest. Stash your laptop (up to 15 inches) in the padded sleeve, your everyday",
    "category": "men's clothing",
    "image": "https://fakestoreapi.com/img/81fPKd-2AYL._AC_SL1500_t.png",
    "rating": {
        "rate": 3.9,
        "count": 120
    }
}
Request method:	GET
Request URI:	https://fakestoreapi.com/products/1
Proxy:			<none>
Request params:	<none>
Query params:	<none>
Form params:	<none>
Path params:	<none>
Headers:		User-Agent=Mozilla/5.0 (CI-Test-Agent)
				Accept=*/*
				Content-Type=application/json
Cookies:		<none>
Multiparts:		<none>
Body:			<none>
HTTP/1.1 200 OK
Date: Fri, 15 Aug 2025 14:16:44 GMT
Content-Type: application/json; charset=utf-8
Transfer-Encoding: chunked
Connection: keep-alive
Access-Control-Allow-Origin: *
Etag: W/"16d-ryVvNeDR+OwaJd+i2vi/OPo/G4Y"
X-Powered-By: Express
Cf-Cache-Status: DYNAMIC
Nel: {"report_to":"cf-nel","success_fraction":0.0,"max_age":604800}
Report-To: {"group":"cf-nel","max_age":604800,"endpoints":[{"url":"https://a.nel.cloudflare.com/report/v4?s=Oeo95faQSK0T1hcqI4nPwoRvzfAmjove9H2jQWR%2BB46qH7sYwul0JWHfTAQgv7Gg9LCzPJMRWJ4Uzbi5dMreIo5hj1%2BDAB7k3iVBGb31wB4%3D"}]}
Content-Encoding: gzip
Server: cloudflare
CF-RAY: 96f94fbecc21d124-CDG
alt-svc: h3=":443"; ma=86400

{
    "id": 1,
    "title": "Fjallraven - Foldsack No. 1 Backpack, Fits 15 Laptops",
    "price": 109.95,
    "description": "Your perfect pack for everyday use and walks in the forest. Stash your laptop (up to 15 inches) in the padded sleeve, your everyday",
    "category": "men's clothing",
    "image": "https://fakestoreapi.com/img/81fPKd-2AYL._AC_SL1500_t.png",
    "rating": {
        "rate": 3.9,
        "count": 120
    }
}
Request method:	GET
Request URI:	https://fakestoreapi.com/products/1
Proxy:			<none>
Request params:	<none>
Query params:	<none>
Form params:	<none>
Path params:	<none>
Headers:		User-Agent=Mozilla/5.0 (CI-Test-Agent)
				Accept=*/*
				Content-Type=application/json
Cookies:		<none>
Multiparts:		<none>
Body:			<none>
HTTP/1.1 200 OK
Date: Fri, 15 Aug 2025 14:16:45 GMT
Content-Type: application/json; charset=utf-8
Transfer-Encoding: chunked
Connection: keep-alive
Access-Control-Allow-Origin: *
Etag: W/"16d-ryVvNeDR+OwaJd+i2vi/OPo/G4Y"
X-Powered-By: Express
Cf-Cache-Status: DYNAMIC
Nel: {"report_to":"cf-nel","success_fraction":0.0,"max_age":604800}
Report-To: {"group":"cf-nel","max_age":604800,"endpoints":[{"url":"https://a.nel.cloudflare.com/report/v4?s=who6Ao3Sh7penJOG6FlwhPjBKB%2FQK7JJqTNk1DS9lMVvBPrq5VTLnmSIsi1AX5Gcp6%2B2uIuniM8zreiv82r52X8jd5j1j5V%2B6RyDZJ%2Bhshc%3D"}]}
Content-Encoding: gzip
Server: cloudflare
CF-RAY: 96f94fc1ef8cb5ef-CDG
alt-svc: h3=":443"; ma=86400

{
    "id": 1,
    "title": "Fjallraven - Foldsack No. 1 Backpack, Fits 15 Laptops",
    "price": 109.95,
    "description": "Your perfect pack for everyday use and walks in the forest. Stash your laptop (up to 15 inches) in the padded sleeve, your everyday",
    "category": "men's clothing",
    "image": "https://fakestoreapi.com/img/81fPKd-2AYL._AC_SL1500_t.png",
    "rating": {
        "rate": 3.9,
        "count": 120
    }
}
Request method:	GET
Request URI:	https://fakestoreapi.com/products/1
Proxy:			<none>
Request params:	<none>
Query params:	<none>
Form params:	<none>
Path params:	<none>
Headers:		User-Agent=Mozilla/5.0 (CI-Test-Agent)
				Accept=*/*
				Content-Type=application/json
Cookies:		<none>
Multiparts:		<none>
Body:			<none>
HTTP/1.1 200 OK
Date: Fri, 15 Aug 2025 14:16:45 GMT
Content-Type: application/json; charset=utf-8
Transfer-Encoding: chunked
Connection: keep-alive
Access-Control-Allow-Origin: *
Etag: W/"16d-ryVvNeDR+OwaJd+i2vi/OPo/G4Y"
X-Powered-By: Express
Cf-Cache-Status: DYNAMIC
Nel: {"report_to":"cf-nel","success_fraction":0.0,"max_age":604800}
Report-To: {"group":"cf-nel","max_age":604800,"endpoints":[{"url":"https://a.nel.cloudflare.com/report/v4?s=jelu1juAHVE2TBHuhslLS7t5kiO%2FbmkPN0dqafQ9mjRzXkLnOE8vSxsvH40GUnpJ2dEPuf%2BHYxrOsZ7xpccbHwM6gXAPU1bFWv7cFoisMO8%3D"}]}
Content-Encoding: gzip
Server: cloudflare
CF-RAY: 96f94fc54ecc7ae7-CDG
alt-svc: h3=":443"; ma=86400

{
    "id": 1,
    "title": "Fjallraven - Foldsack No. 1 Backpack, Fits 15 Laptops",
    "price": 109.95,
    "description": "Your perfect pack for everyday use and walks in the forest. Stash your laptop (up to 15 inches) in the padded sleeve, your everyday",
    "category": "men's clothing",
    "image": "https://fakestoreapi.com/img/81fPKd-2AYL._AC_SL1500_t.png",
    "rating": {
        "rate": 3.9,
        "count": 120
    }
}
Request method:	GET
Request URI:	https://fakestoreapi.com/products/1
Proxy:			<none>
Request params:	<none>
Query params:	<none>
Form params:	<none>
Path params:	<none>
Headers:		User-Agent=Mozilla/5.0 (CI-Test-Agent)
				Accept=*/*
				Content-Type=application/json
Cookies:		<none>
Multiparts:		<none>
Body:			<none>
HTTP/1.1 200 OK
Date: Fri, 15 Aug 2025 14:16:46 GMT
Content-Type: application/json; charset=utf-8
Transfer-Encoding: chunked
Connection: keep-alive
Access-Control-Allow-Origin: *
Etag: W/"16d-ryVvNeDR+OwaJd+i2vi/OPo/G4Y"
X-Powered-By: Express
Cf-Cache-Status: DYNAMIC
Nel: {"report_to":"cf-nel","success_fraction":0.0,"max_age":604800}
Report-To: {"group":"cf-nel","max_age":604800,"endpoints":[{"url":"https://a.nel.cloudflare.com/report/v4?s=niDsA54SzRMmtlto8NcV%2BLf99g4MZbgD8NWmwKKrnPDdtSvrmEdW7XlOYCq5LxyD1MHNnI0%2FbffHpBNwMh3WBn6NXtDAh%2Bf5RLbHs%2B889mw%3D"}]}
Content-Encoding: gzip
Server: cloudflare
CF-RAY: 96f94fc968a27021-CDG
alt-svc: h3=":443"; ma=86400

{
    "id": 1,
    "title": "Fjallraven - Foldsack No. 1 Backpack, Fits 15 Laptops",
    "price": 109.95,
    "description": "Your perfect pack for everyday use and walks in the forest. Stash your laptop (up to 15 inches) in the padded sleeve, your everyday",
    "category": "men's clothing",
    "image": "https://fakestoreapi.com/img/81fPKd-2AYL._AC_SL1500_t.png",
    "rating": {
        "rate": 3.9,
        "count": 120
    }
}
Request method:	GET
Request URI:	https://fakestoreapi.com/products/1
Proxy:			<none>
Request params:	<none>
Query params:	<none>
Form params:	<none>
Path params:	<none>
Headers:		User-Agent=Mozilla/5.0 (CI-Test-Agent)
				Accept=*/*
				Content-Type=application/json
Cookies:		<none>
Multiparts:		<none>
Body:			<none>
HTTP/1.1 200 OK
Date: Fri, 15 Aug 2025 14:16:47 GMT
Content-Type: application/json; charset=utf-8
Transfer-Encoding: chunked
Connection: keep-alive
Access-Control-Allow-Origin: *
Etag: W/"16d-ryVvNeDR+OwaJd+i2vi/OPo/G4Y"
X-Powered-By: Express
Cf-Cache-Status: DYNAMIC
Nel: {"report_to":"cf-nel","success_fraction":0.0,"max_age":604800}
Report-To: {"group":"cf-nel","max_age":604800,"endpoints":[{"url":"https://a.nel.cloudflare.com/report/v4?s=4YEx4pSUkPHfvY6Vi2bwUSedyezE5tJPJjNomPEXu5eKeeIA4etCH4P6A4tZ74eqbhV%2F8%2Bw3B%2BUUu7SIucpBd908MAwahz2i%2FhxO7Z5LoOw%3D"}]}
Content-Encoding: gzip
Server: cloudflare
CF-RAY: 96f94fcda8069f01-CDG
alt-svc: h3=":443"; ma=86400

{
    "id": 1,
    "title": "Fjallraven - Foldsack No. 1 Backpack, Fits 15 Laptops",
    "price": 109.95,
    "description": "Your perfect pack for everyday use and walks in the forest. Stash your laptop (up to 15 inches) in the padded sleeve, your everyday",
    "category": "men's clothing",
    "image": "https://fakestoreapi.com/img/81fPKd-2AYL._AC_SL1500_t.png",
    "rating": {
        "rate": 3.9,
        "count": 120
    }
}
Request method:	GET
Request URI:	https://fakestoreapi.com/products/1
Proxy:			<none>
Request params:	<none>
Query params:	<none>
Form params:	<none>
Path params:	<none>
Headers:		User-Agent=Mozilla/5.0 (CI-Test-Agent)
				Accept=*/*
				Content-Type=application/json
Cookies:		<none>
Multiparts:		<none>
Body:			<none>
HTTP/1.1 200 OK
Date: Fri, 15 Aug 2025 14:16:47 GMT
Content-Type: application/json; charset=utf-8
Transfer-Encoding: chunked
Connection: keep-alive
Access-Control-Allow-Origin: *
Etag: W/"16d-ryVvNeDR+OwaJd+i2vi/OPo/G4Y"
X-Powered-By: Express
Cf-Cache-Status: DYNAMIC
Nel: {"report_to":"cf-nel","success_fraction":0.0,"max_age":604800}
Report-To: {"group":"cf-nel","max_age":604800,"endpoints":[{"url":"https://a.nel.cloudflare.com/report/v4?s=CXTSAnwToBTybxX0ztJ8UdJhbCtjfOnoFZ%2BmA8BA61B3yXVzsNbl53MuRIIkwF8kifiWXQH2NEZz80TxhccyERqGUBkWQE1%2Fgrtf7lOCUvM%3D"}]}
Content-Encoding: gzip
Server: cloudflare
CF-RAY: 96f94fd279aaebac-CDG
alt-svc: h3=":443"; ma=86400

{
    "id": 1,
    "title": "Fjallraven - Foldsack No. 1 Backpack, Fits 15 Laptops",
    "price": 109.95,
    "description": "Your perfect pack for everyday use and walks in the forest. Stash your laptop (up to 15 inches) in the padded sleeve, your everyday",
    "category": "men's clothing",
    "image": "https://fakestoreapi.com/img/81fPKd-2AYL._AC_SL1500_t.png",
    "rating": {
        "rate": 3.9,
        "count": 120
    }
}
Request method:	GET
Request URI:	https://fakestoreapi.com/products/1
Proxy:			<none>
Request params:	<none>
Query params:	<none>
Form params:	<none>
Path params:	<none>
Headers:		User-Agent=Mozilla/5.0 (CI-Test-Agent)
				Accept=*/*
				Content-Type=application/json
Cookies:		<none>
Multiparts:		<none>
Body:			<none>
HTTP/1.1 200 OK
Date: Fri, 15 Aug 2025 14:16:48 GMT
Content-Type: application/json; charset=utf-8
Transfer-Encoding: chunked
Connection: keep-alive
Access-Control-Allow-Origin: *
Etag: W/"16d-ryVvNeDR+OwaJd+i2vi/OPo/G4Y"
X-Powered-By: Express
Cf-Cache-Status: DYNAMIC
Nel: {"report_to":"cf-nel","success_fraction":0.0,"max_age":604800}
Report-To: {"group":"cf-nel","max_age":604800,"endpoints":[{"url":"https://a.nel.cloudflare.com/report/v4?s=aUIjQGNrrWHWUbQEuvZV3kN0xXle2%2Fn5pjq6qe4xu%2FBG%2B3RlNKeUc%2B6XODFFb57%2BbTrYbpd5E9K%2FI3QOdd9zsXfZgUHPczqEVWaacr3rDH4%3D"}]}
Content-Encoding: gzip
Server: cloudflare
CF-RAY: 96f94fd64e856f0f-CDG
alt-svc: h3=":443"; ma=86400

{
    "id": 1,
    "title": "Fjallraven - Foldsack No. 1 Backpack, Fits 15 Laptops",
    "price": 109.95,
    "description": "Your perfect pack for everyday use and walks in the forest. Stash your laptop (up to 15 inches) in the padded sleeve, your everyday",
    "category": "men's clothing",
    "image": "https://fakestoreapi.com/img/81fPKd-2AYL._AC_SL1500_t.png",
    "rating": {
        "rate": 3.9,
        "count": 120
    }
}
Request method:	GET
Request URI:	https://fakestoreapi.com/products/1
Proxy:			<none>
Request params:	<none>
Query params:	<none>
Form params:	<none>
Path params:	<none>
Headers:		User-Agent=Mozilla/5.0 (CI-Test-Agent)
				Accept=*/*
				Content-Type=application/json
Cookies:		<none>
Multiparts:		<none>
Body:			<none>
HTTP/1.1 200 OK
Date: Fri, 15 Aug 2025 14:16:49 GMT
Content-Type: application/json; charset=utf-8
Transfer-Encoding: chunked
Connection: keep-alive
Access-Control-Allow-Origin: *
Etag: W/"16d-ryVvNeDR+OwaJd+i2vi/OPo/G4Y"
X-Powered-By: Express
Cf-Cache-Status: DYNAMIC
Nel: {"report_to":"cf-nel","success_fraction":0.0,"max_age":604800}
Report-To: {"group":"cf-nel","max_age":604800,"endpoints":[{"url":"https://a.nel.cloudflare.com/report/v4?s=58oI0KbhnVdFPkHAW8Pof6wcFgrxJg5jYHc5cE6lqSKRitD%2FKIjhPS0nAXyYKQhDX2QQtas35NIJmNAAhZ%2FOlId5GjyjHBkPltZ8Jj6dze4%3D"}]}
Content-Encoding: gzip
Server: cloudflare
CF-RAY: 96f94fd9fc4ad0b2-CDG
alt-svc: h3=":443"; ma=86400

{
    "id": 1,
    "title": "Fjallraven - Foldsack No. 1 Backpack, Fits 15 Laptops",
    "price": 109.95,
    "description": "Your perfect pack for everyday use and walks in the forest. Stash your laptop (up to 15 inches) in the padded sleeve, your everyday",
    "category": "men's clothing",
    "image": "https://fakestoreapi.com/img/81fPKd-2AYL._AC_SL1500_t.png",
    "rating": {
        "rate": 3.9,
        "count": 120
    }
}
Request method:	GET
Request URI:	https://fakestoreapi.com/products/1
Proxy:			<none>
Request params:	<none>
Query params:	<none>
Form params:	<none>
Path params:	<none>
Headers:		User-Agent=Mozilla/5.0 (CI-Test-Agent)
				Accept=*/*
				Content-Type=application/json
Cookies:		<none>
Multiparts:		<none>
Body:			<none>
HTTP/1.1 200 OK
Date: Fri, 15 Aug 2025 14:16:49 GMT
Content-Type: application/json; charset=utf-8
Transfer-Encoding: chunked
Connection: keep-alive
Access-Control-Allow-Origin: *
Etag: W/"16d-ryVvNeDR+OwaJd+i2vi/OPo/G4Y"
X-Powered-By: Express
Cf-Cache-Status: DYNAMIC
Nel: {"report_to":"cf-nel","success_fraction":0.0,"max_age":604800}
Report-To: {"group":"cf-nel","max_age":604800,"endpoints":[{"url":"https://a.nel.cloudflare.com/report/v4?s=KjigfdTf%2ByhrVF2WcC1HCIDHO664k4P5Od%2Bn9D%2FvmtKc0JFoIgvME9YxVT0gGY2QjLSBfLxdN6eNbA%2B4Ohd1%2BU%2BVJj4uLU9UuNvvKh3cxyw%3D"}]}
Content-Encoding: gzip
Server: cloudflare
CF-RAY: 96f94fdd8fc7d65e-CDG
alt-svc: h3=":443"; ma=86400

{
    "id": 1,
    "title": "Fjallraven - Foldsack No. 1 Backpack, Fits 15 Laptops",
    "price": 109.95,
    "description": "Your perfect pack for everyday use and walks in the forest. Stash your laptop (up to 15 inches) in the padded sleeve, your everyday",
    "category": "men's clothing",
    "image": "https://fakestoreapi.com/img/81fPKd-2AYL._AC_SL1500_t.png",
    "rating": {
        "rate": 3.9,
        "count": 120
    }
}
Request method:	GET
Request URI:	https://fakestoreapi.com/products/1
Proxy:			<none>
Request params:	<none>
Query params:	<none>
Form params:	<none>
Path params:	<none>
Headers:		User-Agent=Mozilla/5.0 (CI-Test-Agent)
				Accept=*/*
				Content-Type=application/json
Cookies:		<none>
Multiparts:		<none>
Body:			<none>
HTTP/1.1 200 OK
Date: Fri, 15 Aug 2025 14:16:50 GMT
Content-Type: application/json; charset=utf-8
Transfer-Encoding: chunked
Connection: keep-alive
Access-Control-Allow-Origin: *
Etag: W/"16d-ryVvNeDR+OwaJd+i2vi/OPo/G4Y"
X-Powered-By: Express
Cf-Cache-Status: DYNAMIC
Nel: {"report_to":"cf-nel","success_fraction":0.0,"max_age":604800}
Report-To: {"group":"cf-nel","max_age":604800,"endpoints":[{"url":"https://a.nel.cloudflare.com/report/v4?s=UiSBAfKdk4j%2BGlQIqecSxkDY8MWskwmPD1De6Acd6DnHTKiQg5wGUm4KwghJJ5p1fiasRw9YJC%2B%2Fow5DFpkAWdiq7XdVXhSWwT1pigUDsyA%3D"}]}
Content-Encoding: gzip
Server: cloudflare
CF-RAY: 96f94fe1aa0e0281-CDG
alt-svc: h3=":443"; ma=86400

{
    "id": 1,
    "title": "Fjallraven - Foldsack No. 1 Backpack, Fits 15 Laptops",
    "price": 109.95,
    "description": "Your perfect pack for everyday use and walks in the forest. Stash your laptop (up to 15 inches) in the padded sleeve, your everyday",
    "category": "men's clothing",
    "image": "https://fakestoreapi.com/img/81fPKd-2AYL._AC_SL1500_t.png",
    "rating": {
        "rate": 3.9,
        "count": 120
    }
}
Request method:	GET
Request URI:	https://fakestoreapi.com/products/1
Proxy:			<none>
Request params:	<none>
Query params:	<none>
Form params:	<none>
Path params:	<none>
Headers:		User-Agent=Mozilla/5.0 (CI-Test-Agent)
				Accept=*/*
				Content-Type=application/json
Cookies:		<none>
Multiparts:		<none>
Body:			<none>
HTTP/1.1 200 OK
Date: Fri, 15 Aug 2025 14:16:50 GMT
Content-Type: application/json; charset=utf-8
Transfer-Encoding: chunked
Connection: keep-alive
Access-Control-Allow-Origin: *
Etag: W/"16d-ryVvNeDR+OwaJd+i2vi/OPo/G4Y"
X-Powered-By: Express
Cf-Cache-Status: DYNAMIC
Nel: {"report_to":"cf-nel","success_fraction":0.0,"max_age":604800}
Report-To: {"group":"cf-nel","max_age":604800,"endpoints":[{"url":"https://a.nel.cloudflare.com/report/v4?s=aKuIor8iTbPCk9fb4kRGRfCWrIzbkgeXC58%2FCgWTiEolUDJwvWU%2BttrNcKcG6y0wmkh9casgTjxybbxU3UytdqRGj5RAXroNQW33zh2kfBc%3D"}]}
Content-Encoding: gzip
Server: cloudflare
CF-RAY: 96f94fe5dbc0035c-CDG
alt-svc: h3=":443"; ma=86400

{
    "id": 1,
    "title": "Fjallraven - Foldsack No. 1 Backpack, Fits 15 Laptops",
    "price": 109.95,
    "description": "Your perfect pack for everyday use and walks in the forest. Stash your laptop (up to 15 inches) in the padded sleeve, your everyday",
    "category": "men's clothing",
    "image": "https://fakestoreapi.com/img/81fPKd-2AYL._AC_SL1500_t.png",
    "rating": {
        "rate": 3.9,
        "count": 120
    }
}
Request method:	GET
Request URI:	https://fakestoreapi.com/products/1
Proxy:			<none>
Request params:	<none>
Query params:	<none>
Form params:	<none>
Path params:	<none>
Headers:		User-Agent=Mozilla/5.0 (CI-Test-Agent)
				Accept=*/*
				Content-Type=application/json
Cookies:		<none>
Multiparts:		<none>
Body:			<none>
HTTP/1.1 200 OK
Date: Fri, 15 Aug 2025 14:16:51 GMT
Content-Type: application/json; charset=utf-8
Transfer-Encoding: chunked
Connection: keep-alive
Access-Control-Allow-Origin: *
Etag: W/"16d-ryVvNeDR+OwaJd+i2vi/OPo/G4Y"
X-Powered-By: Express
Cf-Cache-Status: DYNAMIC
Nel: {"report_to":"cf-nel","success_fraction":0.0,"max_age":604800}
Report-To: {"group":"cf-nel","max_age":604800,"endpoints":[{"url":"https://a.nel.cloudflare.com/report/v4?s=nREwyfQpP0Wf25xLxRAw0VHCl0t5lu4ImEkkDvxyP9tz8Yr0B84fgszmR6Xod3tx5FYi2L3oKjZuLKiTuq0JjASz0qDBT1%2B0pdzVhXw%2BZxw%3D"}]}
Content-Encoding: gzip
Server: cloudflare
CF-RAY: 96f94fe92a129eed-CDG
alt-svc: h3=":443"; ma=86400

{
    "id": 1,
    "title": "Fjallraven - Foldsack No. 1 Backpack, Fits 15 Laptops",
    "price": 109.95,
    "description": "Your perfect pack for everyday use and walks in the forest. Stash your laptop (up to 15 inches) in the padded sleeve, your everyday",
    "category": "men's clothing",
    "image": "https://fakestoreapi.com/img/81fPKd-2AYL._AC_SL1500_t.png",
    "rating": {
        "rate": 3.9,
        "count": 120
    }
}
Request method:	GET
Request URI:	https://fakestoreapi.com/products/1
Proxy:			<none>
Request params:	<none>
Query params:	<none>
Form params:	<none>
Path params:	<none>
Headers:		User-Agent=Mozilla/5.0 (CI-Test-Agent)
				Accept=*/*
				Content-Type=application/json
Cookies:		<none>
Multiparts:		<none>
Body:			<none>
HTTP/1.1 200 OK
Date: Fri, 15 Aug 2025 14:16:52 GMT
Content-Type: application/json; charset=utf-8
Transfer-Encoding: chunked
Connection: keep-alive
Access-Control-Allow-Origin: *
Etag: W/"16d-ryVvNeDR+OwaJd+i2vi/OPo/G4Y"
X-Powered-By: Express
Cf-Cache-Status: DYNAMIC
Nel: {"report_to":"cf-nel","success_fraction":0.0,"max_age":604800}
Report-To: {"group":"cf-nel","max_age":604800,"endpoints":[{"url":"https://a.nel.cloudflare.com/report/v4?s=U9lPTuoKScU4E5Sb3Yi3uDcVi2xVSWxiBdlRVNqCjUp2hIXyyDrMzJg7qRgLfrhRQBKZhSQmbNBEki%2FcSAtWrQqgoNQUFi%2Fo4%2BE3Ov726Hk%3D"}]}
Content-Encoding: gzip
Server: cloudflare
CF-RAY: 96f94feceec70220-CDG
alt-svc: h3=":443"; ma=86400

{
    "id": 1,
    "title": "Fjallraven - Foldsack No. 1 Backpack, Fits 15 Laptops",
    "price": 109.95,
    "description": "Your perfect pack for everyday use and walks in the forest. Stash your laptop (up to 15 inches) in the padded sleeve, your everyday",
    "category": "men's clothing",
    "image": "https://fakestoreapi.com/img/81fPKd-2AYL._AC_SL1500_t.png",
    "rating": {
        "rate": 3.9,
        "count": 120
    }
}
Request method:	GET
Request URI:	https://fakestoreapi.com/products/1
Proxy:			<none>
Request params:	<none>
Query params:	<none>
Form params:	<none>
Path params:	<none>
Headers:		User-Agent=Mozilla/5.0 (CI-Test-Agent)
				Accept=*/*
				Content-Type=application/json
Cookies:		<none>
Multiparts:		<none>
Body:			<none>
HTTP/1.1 200 OK
Date: Fri, 15 Aug 2025 14:16:52 GMT
Content-Type: application/json; charset=utf-8
Transfer-Encoding: chunked
Connection: keep-alive
Access-Control-Allow-Origin: *
Etag: W/"16d-ryVvNeDR+OwaJd+i2vi/OPo/G4Y"
X-Powered-By: Express
Cf-Cache-Status: DYNAMIC
Nel: {"report_to":"cf-nel","success_fraction":0.0,"max_age":604800}
Report-To: {"group":"cf-nel","max_age":604800,"endpoints":[{"url":"https://a.nel.cloudflare.com/report/v4?s=EduK6zUSIjEP2C3YIIJlg6q7BLSloRzaI22%2B4aUISBcolxEvM6z5np6m6TpbVsE9fiNbof35BmtB8uKWHYMQdhGezsuKhhKxZ1zyXVb71s8%3D"}]}
Content-Encoding: gzip
Server: cloudflare
CF-RAY: 96f94ff079383c8c-CDG
alt-svc: h3=":443"; ma=86400

{
    "id": 1,
    "title": "Fjallraven - Foldsack No. 1 Backpack, Fits 15 Laptops",
    "price": 109.95,
    "description": "Your perfect pack for everyday use and walks in the forest. Stash your laptop (up to 15 inches) in the padded sleeve, your everyday",
    "category": "men's clothing",
    "image": "https://fakestoreapi.com/img/81fPKd-2AYL._AC_SL1500_t.png",
    "rating": {
        "rate": 3.9,
        "count": 120
    }
}
Request method:	GET
Request URI:	https://fakestoreapi.com/products/1
Proxy:			<none>
Request params:	<none>
Query params:	<none>
Form params:	<none>
Path params:	<none>
Headers:		User-Agent=Mozilla/5.0 (CI-Test-Agent)
				Accept=*/*
				Content-Type=application/json
Cookies:		<none>
Multiparts:		<none>
Body:			<none>
HTTP/1.1 200 OK
Date: Fri, 15 Aug 2025 14:16:53 GMT
Content-Type: application/json; charset=utf-8
Transfer-Encoding: chunked
Connection: keep-alive
Access-Control-Allow-Origin: *
Etag: W/"16d-ryVvNeDR+OwaJd+i2vi/OPo/G4Y"
X-Powered-By: Express
Cf-Cache-Status: DYNAMIC
Nel: {"report_to":"cf-nel","success_fraction":0.0,"max_age":604800}
Report-To: {"group":"cf-nel","max_age":604800,"endpoints":[{"url":"https://a.nel.cloudflare.com/report/v4?s=mpvaJ2b5FwalUtV%2F7r1JZ%2F2vaH2XB3gRinLNFggWqa%2BVSTznkQ9t3SfXe1iDlxFNZi2UqDh95zG%2F6w5j5KWWnGUgFz97kSLcErP7cMom3Fk%3D"}]}
Content-Encoding: gzip
Server: cloudflare
CF-RAY: 96f94ff45f6d8e67-CDG
alt-svc: h3=":443"; ma=86400

{
    "id": 1,
    "title": "Fjallraven - Foldsack No. 1 Backpack, Fits 15 Laptops",
    "price": 109.95,
    "description": "Your perfect pack for everyday use and walks in the forest. Stash your laptop (up to 15 inches) in the padded sleeve, your everyday",
    "category": "men's clothing",
    "image": "https://fakestoreapi.com/img/81fPKd-2AYL._AC_SL1500_t.png",
    "rating": {
        "rate": 3.9,
        "count": 120
    }
}
Request method:	GET
Request URI:	https://fakestoreapi.com/products/1
Proxy:			<none>
Request params:	<none>
Query params:	<none>
Form params:	<none>
Path params:	<none>
Headers:		User-Agent=Mozilla/5.0 (CI-Test-Agent)
				Accept=*/*
				Content-Type=application/json
Cookies:		<none>
Multiparts:		<none>
Body:			<none>
HTTP/1.1 200 OK
Date: Fri, 15 Aug 2025 14:16:53 GMT
Content-Type: application/json; charset=utf-8
Transfer-Encoding: chunked
Connection: keep-alive
Access-Control-Allow-Origin: *
Etag: W/"16d-ryVvNeDR+OwaJd+i2vi/OPo/G4Y"
X-Powered-By: Express
Cf-Cache-Status: DYNAMIC
Nel: {"report_to":"cf-nel","success_fraction":0.0,"max_age":604800}
Report-To: {"group":"cf-nel","max_age":604800,"endpoints":[{"url":"https://a.nel.cloudflare.com/report/v4?s=ZI6WHu78veHAigG3%2BJaho9%2B%2BQNX%2Bb9ePcMLywhy01rdoKDwgkSZsgHs72QroX67uEmWtE72htPDOysPlxm4YQSGH3z4j%2FOfut8Ie3RhDs8w%3D"}]}
Content-Encoding: gzip
Server: cloudflare
CF-RAY: 96f94ff81d230494-CDG
alt-svc: h3=":443"; ma=86400

{
    "id": 1,
    "title": "Fjallraven - Foldsack No. 1 Backpack, Fits 15 Laptops",
    "price": 109.95,
    "description": "Your perfect pack for everyday use and walks in the forest. Stash your laptop (up to 15 inches) in the padded sleeve, your everyday",
    "category": "men's clothing",
    "image": "https://fakestoreapi.com/img/81fPKd-2AYL._AC_SL1500_t.png",
    "rating": {
        "rate": 3.9,
        "count": 120
    }
}
Request method:	GET
Request URI:	https://fakestoreapi.com/products/1
Proxy:			<none>
Request params:	<none>
Query params:	<none>
Form params:	<none>
Path params:	<none>
Headers:		User-Agent=Mozilla/5.0 (CI-Test-Agent)
				Accept=*/*
				Content-Type=application/json
Cookies:		<none>
Multiparts:		<none>
Body:			<none>
HTTP/1.1 200 OK
Date: Fri, 15 Aug 2025 14:16:54 GMT
Content-Type: application/json; charset=utf-8
Transfer-Encoding: chunked
Connection: keep-alive
Access-Control-Allow-Origin: *
Etag: W/"16d-ryVvNeDR+OwaJd+i2vi/OPo/G4Y"
X-Powered-By: Express
Cf-Cache-Status: DYNAMIC
Nel: {"report_to":"cf-nel","success_fraction":0.0,"max_age":604800}
Report-To: {"group":"cf-nel","max_age":604800,"endpoints":[{"url":"https://a.nel.cloudflare.com/report/v4?s=owwM1DqxItcMqL2qu8o9REYO0%2Bl5Xx8Esxdbg6kT4VRgcnbQA1QS5XImSt2SoEDz5NpuTIFRyqLl0CmQzVDEzL0obbX5A4ZvCsaXcElxUkU%3D"}]}
Content-Encoding: gzip
Server: cloudflare
CF-RAY: 96f94ffb5b1abb58-CDG
alt-svc: h3=":443"; ma=86400

{
    "id": 1,
    "title": "Fjallraven - Foldsack No. 1 Backpack, Fits 15 Laptops",
    "price": 109.95,
    "description": "Your perfect pack for everyday use and walks in the forest. Stash your laptop (up to 15 inches) in the padded sleeve, your everyday",
    "category": "men's clothing",
    "image": "https://fakestoreapi.com/img/81fPKd-2AYL._AC_SL1500_t.png",
    "rating": {
        "rate": 3.9,
        "count": 120
    }
}
Request method:	GET
Request URI:	https://fakestoreapi.com/products/1
Proxy:			<none>
Request params:	<none>
Query params:	<none>
Form params:	<none>
Path params:	<none>
Headers:		User-Agent=Mozilla/5.0 (CI-Test-Agent)
				Accept=*/*
				Content-Type=application/json
Cookies:		<none>
Multiparts:		<none>
Body:			<none>
HTTP/1.1 200 OK
Date: Fri, 15 Aug 2025 14:16:54 GMT
Content-Type: application/json; charset=utf-8
Transfer-Encoding: chunked
Connection: keep-alive
Access-Control-Allow-Origin: *
Etag: W/"16d-ryVvNeDR+OwaJd+i2vi/OPo/G4Y"
X-Powered-By: Express
Cf-Cache-Status: DYNAMIC
Nel: {"report_to":"cf-nel","success_fraction":0.0,"max_age":604800}
Report-To: {"group":"cf-nel","max_age":604800,"endpoints":[{"url":"https://a.nel.cloudflare.com/report/v4?s=4pPtBoG2eSOvHjqy%2BksrWJSrONVumhTWMD6%2BLP1of1UgFYz5g0wfdOp4xmK3m8HZ58LrWsG19o5gLd6bE4HF%2FCZb86QbYjqzbTr791EXSu4%3D"}]}
Content-Encoding: gzip
Server: cloudflare
CF-RAY: 96f94ffefbc4b0f7-CDG
alt-svc: h3=":443"; ma=86400

{
    "id": 1,
    "title": "Fjallraven - Foldsack No. 1 Backpack, Fits 15 Laptops",
    "price": 109.95,
    "description": "Your perfect pack for everyday use and walks in the forest. Stash your laptop (up to 15 inches) in the padded sleeve, your everyday",
    "category": "men's clothing",
    "image": "https://fakestoreapi.com/img/81fPKd-2AYL._AC_SL1500_t.png",
    "rating": {
        "rate": 3.9,
        "count": 120
    }
}
Request method:	GET
Request URI:	https://fakestoreapi.com/products/1
Proxy:			<none>
Request params:	<none>
Query params:	<none>
Form params:	<none>
Path params:	<none>
Headers:		User-Agent=Mozilla/5.0 (CI-Test-Agent)
				Accept=*/*
				Content-Type=application/json
Cookies:		<none>
Multiparts:		<none>
Body:			<none>
HTTP/1.1 200 OK
Date: Fri, 15 Aug 2025 14:16:55 GMT
Content-Type: application/json; charset=utf-8
Transfer-Encoding: chunked
Connection: keep-alive
Access-Control-Allow-Origin: *
Etag: W/"16d-ryVvNeDR+OwaJd+i2vi/OPo/G4Y"
X-Powered-By: Express
Cf-Cache-Status: DYNAMIC
Nel: {"report_to":"cf-nel","success_fraction":0.0,"max_age":604800}
Report-To: {"group":"cf-nel","max_age":604800,"endpoints":[{"url":"https://a.nel.cloudflare.com/report/v4?s=fV87%2Bq8gT4s8j3eugI%2Bnu8AS7as98w7KoeZeCF3zJm%2FDnBb6EFCbl8RLpU72pt9sC4HivXc9uF15yrAttDDImvUX4iR8kVt8HmNJKlCoXKk%3D"}]}
Content-Encoding: gzip
Server: cloudflare
CF-RAY: 96f95002ccc8d161-CDG
alt-svc: h3=":443"; ma=86400

{
    "id": 1,
    "title": "Fjallraven - Foldsack No. 1 Backpack, Fits 15 Laptops",
    "price": 109.95,
    "description": "Your perfect pack for everyday use and walks in the forest. Stash your laptop (up to 15 inches) in the padded sleeve, your everyday",
    "category": "men's clothing",
    "image": "https://fakestoreapi.com/img/81fPKd-2AYL._AC_SL1500_t.png",
    "rating": {
        "rate": 3.9,
        "count": 120
    }
}
Request method:	GET
Request URI:	https://fakestoreapi.com/products/1
Proxy:			<none>
Request params:	<none>
Query params:	<none>
Form params:	<none>
Path params:	<none>
Headers:		User-Agent=Mozilla/5.0 (CI-Test-Agent)
				Accept=*/*
				Content-Type=application/json
Cookies:		<none>
Multiparts:		<none>
Body:			<none>
HTTP/1.1 200 OK
Date: Fri, 15 Aug 2025 14:16:56 GMT
Content-Type: application/json; charset=utf-8
Transfer-Encoding: chunked
Connection: keep-alive
Access-Control-Allow-Origin: *
Etag: W/"16d-ryVvNeDR+OwaJd+i2vi/OPo/G4Y"
X-Powered-By: Express
Cf-Cache-Status: DYNAMIC
Nel: {"report_to":"cf-nel","success_fraction":0.0,"max_age":604800}
Report-To: {"group":"cf-nel","max_age":604800,"endpoints":[{"url":"https://a.nel.cloudflare.com/report/v4?s=51S6XxZjE97igUE0s88Qx0PJVqDbVxOuIiWyPT3VTA8lfGEQwOzXpkePvFJmZnrHqJLmHtFN3KUbCiBHsUwe6kOJul6c3Dk6P8zqhTOH%2BIo%3D"}]}
Content-Encoding: gzip
Server: cloudflare
CF-RAY: 96f95005de704e30-CDG
alt-svc: h3=":443"; ma=86400

{
    "id": 1,
    "title": "Fjallraven - Foldsack No. 1 Backpack, Fits 15 Laptops",
    "price": 109.95,
    "description": "Your perfect pack for everyday use and walks in the forest. Stash your laptop (up to 15 inches) in the padded sleeve, your everyday",
    "category": "men's clothing",
    "image": "https://fakestoreapi.com/img/81fPKd-2AYL._AC_SL1500_t.png",
    "rating": {
        "rate": 3.9,
        "count": 120
    }
}
Request method:	GET
Request URI:	https://fakestoreapi.com/products/1
Proxy:			<none>
Request params:	<none>
Query params:	<none>
Form params:	<none>
Path params:	<none>
Headers:		User-Agent=Mozilla/5.0 (CI-Test-Agent)
				Accept=*/*
				Content-Type=application/json
Cookies:		<none>
Multiparts:		<none>
Body:			<none>
HTTP/1.1 200 OK
Date: Fri, 15 Aug 2025 14:16:56 GMT
Content-Type: application/json; charset=utf-8
Transfer-Encoding: chunked
Connection: keep-alive
Access-Control-Allow-Origin: *
Etag: W/"16d-ryVvNeDR+OwaJd+i2vi/OPo/G4Y"
X-Powered-By: Express
Cf-Cache-Status: DYNAMIC
Nel: {"report_to":"cf-nel","success_fraction":0.0,"max_age":604800}
Report-To: {"group":"cf-nel","max_age":604800,"endpoints":[{"url":"https://a.nel.cloudflare.com/report/v4?s=LtDPqPwG72rgxOTDMgTV4qMMHJ5iiBgGylszx9MRoUeqfkJ35lxRMzweAHGR4foe%2BxNLIiH%2FMxMttyoxhh%2FY%2FljhldIZVqLkzyBSD%2BUInQ0%3D"}]}
Content-Encoding: gzip
Server: cloudflare
CF-RAY: 96f950097dd1bb70-CDG
alt-svc: h3=":443"; ma=86400

{
    "id": 1,
    "title": "Fjallraven - Foldsack No. 1 Backpack, Fits 15 Laptops",
    "price": 109.95,
    "description": "Your perfect pack for everyday use and walks in the forest. Stash your laptop (up to 15 inches) in the padded sleeve, your everyday",
    "category": "men's clothing",
    "image": "https://fakestoreapi.com/img/81fPKd-2AYL._AC_SL1500_t.png",
    "rating": {
        "rate": 3.9,
        "count": 120
    }
}
Request method:	GET
Request URI:	https://fakestoreapi.com/products/1
Proxy:			<none>
Request params:	<none>
Query params:	<none>
Form params:	<none>
Path params:	<none>
Headers:		User-Agent=Mozilla/5.0 (CI-Test-Agent)
				Accept=*/*
				Content-Type=application/json
Cookies:		<none>
Multiparts:		<none>
Body:			<none>
HTTP/1.1 200 OK
Date: Fri, 15 Aug 2025 14:16:57 GMT
Content-Type: application/json; charset=utf-8
Transfer-Encoding: chunked
Connection: keep-alive
Access-Control-Allow-Origin: *
Etag: W/"16d-ryVvNeDR+OwaJd+i2vi/OPo/G4Y"
X-Powered-By: Express
Cf-Cache-Status: DYNAMIC
Nel: {"report_to":"cf-nel","success_fraction":0.0,"max_age":604800}
Report-To: {"group":"cf-nel","max_age":604800,"endpoints":[{"url":"https://a.nel.cloudflare.com/report/v4?s=CHs5js7%2FZFvDyP6lRI3R0VqREgcj2VWu1hfVqOzqzBhvJsfxpTDbuGxJdxjBmtyVkvpvtksZDvnjtPpfVZkAHDur2EY0jp%2BsNsJdJsj6RQw%3D"}]}
Content-Encoding: gzip
Server: cloudflare
CF-RAY: 96f9500d0805c627-CDG
alt-svc: h3=":443"; ma=86400

{
    "id": 1,
    "title": "Fjallraven - Foldsack No. 1 Backpack, Fits 15 Laptops",
    "price": 109.95,
    "description": "Your perfect pack for everyday use and walks in the forest. Stash your laptop (up to 15 inches) in the padded sleeve, your everyday",
    "category": "men's clothing",
    "image": "https://fakestoreapi.com/img/81fPKd-2AYL._AC_SL1500_t.png",
    "rating": {
        "rate": 3.9,
        "count": 120
    }
}
Request method:	GET
Request URI:	https://fakestoreapi.com/products/1
Proxy:			<none>
Request params:	<none>
Query params:	<none>
Form params:	<none>
Path params:	<none>
Headers:		User-Agent=Mozilla/5.0 (CI-Test-Agent)
				Accept=*/*
				Content-Type=application/json
Cookies:		<none>
Multiparts:		<none>
Body:			<none>
HTTP/1.1 200 OK
Date: Fri, 15 Aug 2025 14:16:57 GMT
Content-Type: application/json; charset=utf-8
Transfer-Encoding: chunked
Connection: keep-alive
Access-Control-Allow-Origin: *
Etag: W/"16d-ryVvNeDR+OwaJd+i2vi/OPo/G4Y"
X-Powered-By: Express
Cf-Cache-Status: DYNAMIC
Nel: {"report_to":"cf-nel","success_fraction":0.0,"max_age":604800}
Report-To: {"group":"cf-nel","max_age":604800,"endpoints":[{"url":"https://a.nel.cloudflare.com/report/v4?s=M%2F%2Bui1%2BccPmBNIBdr%2BB%2FfOdpO%2Bf1wduLm5%2B8CNqKo4TSWl6OHoVFi18YW2AJfkBG253KUVr2rxxxOlgFIgnNRPIPCe7xQDuK7M6f%2B2qV2Tc%3D"}]}
Content-Encoding: gzip
Server: cloudflare
CF-RAY: 96f9501019e10b18-CDG
alt-svc: h3=":443"; ma=86400

{
    "id": 1,
    "title": "Fjallraven - Foldsack No. 1 Backpack, Fits 15 Laptops",
    "price": 109.95,
    "description": "Your perfect pack for everyday use and walks in the forest. Stash your laptop (up to 15 inches) in the padded sleeve, your everyday",
    "category": "men's clothing",
    "image": "https://fakestoreapi.com/img/81fPKd-2AYL._AC_SL1500_t.png",
    "rating": {
        "rate": 3.9,
        "count": 120
    }
}
Request method:	GET
Request URI:	https://fakestoreapi.com/products/1
Proxy:			<none>
Request params:	<none>
Query params:	<none>
Form params:	<none>
Path params:	<none>
Headers:		User-Agent=Mozilla/5.0 (CI-Test-Agent)
				Accept=*/*
				Content-Type=application/json
Cookies:		<none>
Multiparts:		<none>
Body:			<none>
HTTP/1.1 200 OK
Date: Fri, 15 Aug 2025 14:16:58 GMT
Content-Type: application/json; charset=utf-8
Transfer-Encoding: chunked
Connection: keep-alive
Access-Control-Allow-Origin: *
Etag: W/"16d-ryVvNeDR+OwaJd+i2vi/OPo/G4Y"
X-Powered-By: Express
Cf-Cache-Status: DYNAMIC
Nel: {"report_to":"cf-nel","success_fraction":0.0,"max_age":604800}
Report-To: {"group":"cf-nel","max_age":604800,"endpoints":[{"url":"https://a.nel.cloudflare.com/report/v4?s=FOX%2Fq1TGE34AdHh7ZYtzkylebmb6fNqZ3Oeeo7rjLplv69ypGlCSoPZooIHX6rTZhonXpw54mM3EBBqxdDynaVGEv54Ou1zFUjOP1MiKjBY%3D"}]}
Content-Encoding: gzip
Server: cloudflare
CF-RAY: 96f950144b7ae182-CDG
alt-svc: h3=":443"; ma=86400

{
    "id": 1,
    "title": "Fjallraven - Foldsack No. 1 Backpack, Fits 15 Laptops",
    "price": 109.95,
    "description": "Your perfect pack for everyday use and walks in the forest. Stash your laptop (up to 15 inches) in the padded sleeve, your everyday",
    "category": "men's clothing",
    "image": "https://fakestoreapi.com/img/81fPKd-2AYL._AC_SL1500_t.png",
    "rating": {
        "rate": 3.9,
        "count": 120
    }
}
Request method:	GET
Request URI:	https://fakestoreapi.com/products/1
Proxy:			<none>
Request params:	<none>
Query params:	<none>
Form params:	<none>
Path params:	<none>
Headers:		User-Agent=Mozilla/5.0 (CI-Test-Agent)
				Accept=*/*
				Content-Type=application/json
Cookies:		<none>
Multiparts:		<none>
Body:			<none>
HTTP/1.1 200 OK
Date: Fri, 15 Aug 2025 14:16:59 GMT
Content-Type: application/json; charset=utf-8
Transfer-Encoding: chunked
Connection: keep-alive
Access-Control-Allow-Origin: *
Etag: W/"16d-ryVvNeDR+OwaJd+i2vi/OPo/G4Y"
X-Powered-By: Express
Cf-Cache-Status: DYNAMIC
Nel: {"report_to":"cf-nel","success_fraction":0.0,"max_age":604800}
Report-To: {"group":"cf-nel","max_age":604800,"endpoints":[{"url":"https://a.nel.cloudflare.com/report/v4?s=SF%2Bqj0IsBjaez5d9cJDeEqlZIy3pAP1YwnDdKfGzZDNU5EMJojRuza%2BIFcnTm3TsI7YkKyHv%2BJfzUYI8mAqdvt7ng2%2FV55ys5KMsVK6myKE%3D"}]}
Content-Encoding: gzip
Server: cloudflare
CF-RAY: 96f950199e476f70-CDG
alt-svc: h3=":443"; ma=86400

{
    "id": 1,
    "title": "Fjallraven - Foldsack No. 1 Backpack, Fits 15 Laptops",
    "price": 109.95,
    "description": "Your perfect pack for everyday use and walks in the forest. Stash your laptop (up to 15 inches) in the padded sleeve, your everyday",
    "category": "men's clothing",
    "image": "https://fakestoreapi.com/img/81fPKd-2AYL._AC_SL1500_t.png",
    "rating": {
        "rate": 3.9,
        "count": 120
    }
}
Request method:	GET
Request URI:	https://fakestoreapi.com/products/1
Proxy:			<none>
Request params:	<none>
Query params:	<none>
Form params:	<none>
Path params:	<none>
Headers:		User-Agent=Mozilla/5.0 (CI-Test-Agent)
				Accept=*/*
				Content-Type=application/json
Cookies:		<none>
Multiparts:		<none>
Body:			<none>
HTTP/1.1 200 OK
Date: Fri, 15 Aug 2025 14:16:59 GMT
Content-Type: application/json; charset=utf-8
Transfer-Encoding: chunked
Connection: keep-alive
Access-Control-Allow-Origin: *
Etag: W/"16d-ryVvNeDR+OwaJd+i2vi/OPo/G4Y"
X-Powered-By: Express
Cf-Cache-Status: DYNAMIC
Nel: {"report_to":"cf-nel","success_fraction":0.0,"max_age":604800}
Report-To: {"group":"cf-nel","max_age":604800,"endpoints":[{"url":"https://a.nel.cloudflare.com/report/v4?s=d9ftuU4DtkkCKEbjRK2o9%2FJ84z9W2CPDcyKV4iyd%2FXqZ5BSgbOiNtxXGcZqT12lolzCJTKHF2XjU81b34O3qjXN7VYSs2LnZXU14%2FPV6sH8%3D"}]}
Content-Encoding: gzip
Server: cloudflare
CF-RAY: 96f9501e3c9641da-CDG
alt-svc: h3=":443"; ma=86400

{
    "id": 1,
    "title": "Fjallraven - Foldsack No. 1 Backpack, Fits 15 Laptops",
    "price": 109.95,
    "description": "Your perfect pack for everyday use and walks in the forest. Stash your laptop (up to 15 inches) in the padded sleeve, your everyday",
    "category": "men's clothing",
    "image": "https://fakestoreapi.com/img/81fPKd-2AYL._AC_SL1500_t.png",
    "rating": {
        "rate": 3.9,
        "count": 120
    }
}
Request method:	GET
Request URI:	https://fakestoreapi.com/products/1
Proxy:			<none>
Request params:	<none>
Query params:	<none>
Form params:	<none>
Path params:	<none>
Headers:		User-Agent=Mozilla/5.0 (CI-Test-Agent)
				Accept=*/*
				Content-Type=application/json
Cookies:		<none>
Multiparts:		<none>
Body:			<none>
HTTP/1.1 200 OK
Date: Fri, 15 Aug 2025 14:17:00 GMT
Content-Type: application/json; charset=utf-8
Transfer-Encoding: chunked
Connection: keep-alive
Access-Control-Allow-Origin: *
Etag: W/"16d-ryVvNeDR+OwaJd+i2vi/OPo/G4Y"
X-Powered-By: Express
Cf-Cache-Status: DYNAMIC
Nel: {"report_to":"cf-nel","success_fraction":0.0,"max_age":604800}
Report-To: {"group":"cf-nel","max_age":604800,"endpoints":[{"url":"https://a.nel.cloudflare.com/report/v4?s=NjeYFckl4sxtZRKOWucE1qkbHKGx2ZZWY4eYVat2S6QsGeeXYSMqH5oUo7LkqlpFP735uw8nZwad6LpwISH0I1YqZ17HW%2FBU6BC8nBP73YU%3D"}]}
Content-Encoding: gzip
Server: cloudflare
CF-RAY: 96f95023e974da21-CDG
alt-svc: h3=":443"; ma=86400

{
    "id": 1,
    "title": "Fjallraven - Foldsack No. 1 Backpack, Fits 15 Laptops",
    "price": 109.95,
    "description": "Your perfect pack for everyday use and walks in the forest. Stash your laptop (up to 15 inches) in the padded sleeve, your everyday",
    "category": "men's clothing",
    "image": "https://fakestoreapi.com/img/81fPKd-2AYL._AC_SL1500_t.png",
    "rating": {
        "rate": 3.9,
        "count": 120
    }
}
Request method:	GET
Request URI:	https://fakestoreapi.com/products/1
Proxy:			<none>
Request params:	<none>
Query params:	<none>
Form params:	<none>
Path params:	<none>
Headers:		User-Agent=Mozilla/5.0 (CI-Test-Agent)
				Accept=*/*
				Content-Type=application/json
Cookies:		<none>
Multiparts:		<none>
Body:			<none>
HTTP/1.1 200 OK
Date: Fri, 15 Aug 2025 14:17:01 GMT
Content-Type: application/json; charset=utf-8
Transfer-Encoding: chunked
Connection: keep-alive
Access-Control-Allow-Origin: *
Etag: W/"16d-ryVvNeDR+OwaJd+i2vi/OPo/G4Y"
X-Powered-By: Express
Cf-Cache-Status: DYNAMIC
Nel: {"report_to":"cf-nel","success_fraction":0.0,"max_age":604800}
Report-To: {"group":"cf-nel","max_age":604800,"endpoints":[{"url":"https://a.nel.cloudflare.com/report/v4?s=%2BUEe5N1HbNxlhIEc9w9wAT6gbZT66%2BS8pJhJ0Q950w9b2afaVfJ2W85Tlm%2Fxtc9BzXo0TxtGOt10HsmOWo7XT6gHTnmRZ9bCwSRUZ%2BbqysI%3D"}]}
Content-Encoding: gzip
Server: cloudflare
CF-RAY: 96f95027fdd94f05-CDG
alt-svc: h3=":443"; ma=86400

{
    "id": 1,
    "title": "Fjallraven - Foldsack No. 1 Backpack, Fits 15 Laptops",
    "price": 109.95,
    "description": "Your perfect pack for everyday use and walks in the forest. Stash your laptop (up to 15 inches) in the padded sleeve, your everyday",
    "category": "men's clothing",
    "image": "https://fakestoreapi.com/img/81fPKd-2AYL._AC_SL1500_t.png",
    "rating": {
        "rate": 3.9,
        "count": 120
    }
}
Request method:	GET
Request URI:	https://fakestoreapi.com/products/1
Proxy:			<none>
Request params:	<none>
Query params:	<none>
Form params:	<none>
Path params:	<none>
Headers:		User-Agent=Mozilla/5.0 (CI-Test-Agent)
				Accept=*/*
				Content-Type=application/json
Cookies:		<none>
Multiparts:		<none>
Body:			<none>
HTTP/1.1 200 OK
Date: Fri, 15 Aug 2025 14:17:02 GMT
Content-Type: application/json; charset=utf-8
Transfer-Encoding: chunked
Connection: keep-alive
Access-Control-Allow-Origin: *
Etag: W/"16d-ryVvNeDR+OwaJd+i2vi/OPo/G4Y"
X-Powered-By: Express
Cf-Cache-Status: DYNAMIC
Nel: {"report_to":"cf-nel","success_fraction":0.0,"max_age":604800}
Report-To: {"group":"cf-nel","max_age":604800,"endpoints":[{"url":"https://a.nel.cloudflare.com/report/v4?s=WhyaQuNHuNLJE4n1tYX8n8G2xsmu14sb1kPRIKi1QVi%2F0S8VBkM9UWk%2BvORWSFCjseMhOBH%2FfG8xafyUwmJvi604hCJiMga7I9OUSE5nReY%3D"}]}
Content-Encoding: gzip
Server: cloudflare
CF-RAY: 96f9502bec51d3af-CDG
alt-svc: h3=":443"; ma=86400

{
    "id": 1,
    "title": "Fjallraven - Foldsack No. 1 Backpack, Fits 15 Laptops",
    "price": 109.95,
    "description": "Your perfect pack for everyday use and walks in the forest. Stash your laptop (up to 15 inches) in the padded sleeve, your everyday",
    "category": "men's clothing",
    "image": "https://fakestoreapi.com/img/81fPKd-2AYL._AC_SL1500_t.png",
    "rating": {
        "rate": 3.9,
        "count": 120
    }
}
Request method:	GET
Request URI:	https://fakestoreapi.com/products/1
Proxy:			<none>
Request params:	<none>
Query params:	<none>
Form params:	<none>
Path params:	<none>
Headers:		User-Agent=Mozilla/5.0 (CI-Test-Agent)
				Accept=*/*
				Content-Type=application/json
Cookies:		<none>
Multiparts:		<none>
Body:			<none>
HTTP/1.1 200 OK
Date: Fri, 15 Aug 2025 14:17:02 GMT
Content-Type: application/json; charset=utf-8
Transfer-Encoding: chunked
Connection: keep-alive
Access-Control-Allow-Origin: *
Etag: W/"16d-ryVvNeDR+OwaJd+i2vi/OPo/G4Y"
X-Powered-By: Express
Cf-Cache-Status: DYNAMIC
Nel: {"report_to":"cf-nel","success_fraction":0.0,"max_age":604800}
Report-To: {"group":"cf-nel","max_age":604800,"endpoints":[{"url":"https://a.nel.cloudflare.com/report/v4?s=%2F7AWx8ghpOKacJ2Hf8l1icU%2B0XrzH97xfmmGf4Js32wzMif%2FPArLK5jXn8shpe9HaqH%2FTECWSsAsUZNtiEy6VpYOFPFOESOw5ecQd5wRAbY%3D"}]}
Content-Encoding: gzip
Server: cloudflare
CF-RAY: 96f9502fc82041aa-CDG
alt-svc: h3=":443"; ma=86400

{
    "id": 1,
    "title": "Fjallraven - Foldsack No. 1 Backpack, Fits 15 Laptops",
    "price": 109.95,
    "description": "Your perfect pack for everyday use and walks in the forest. Stash your laptop (up to 15 inches) in the padded sleeve, your everyday",
    "category": "men's clothing",
    "image": "https://fakestoreapi.com/img/81fPKd-2AYL._AC_SL1500_t.png",
    "rating": {
        "rate": 3.9,
        "count": 120
    }
}
]]></system-out>
  </testcase>
  <testcase name="testConcurrentRequests" classname="com.example.fakestoreapi.test.performance.PerformanceTests" time="10.075"/>
  <testcase name="testGetUserResponseTime(int, int)[1]" classname="com.example.fakestoreapi.test.performance.PerformanceTests" time="0.608">
    <system-out><![CDATA[Request method:	GET
Request URI:	https://fakestoreapi.com/users/1
Proxy:			<none>
Request params:	<none>
Query params:	<none>
Form params:	<none>
Path params:	<none>
Headers:		User-Agent=Mozilla/5.0 (CI-Test-Agent)
				Accept=*/*
				Content-Type=application/json
Cookies:		<none>
Multiparts:		<none>
Body:			<none>
HTTP/1.1 200 OK
Date: Fri, 15 Aug 2025 14:17:13 GMT
Content-Type: application/json; charset=utf-8
Transfer-Encoding: chunked
Connection: keep-alive
Access-Control-Allow-Origin: *
Etag: W/"120-HNMhv14aQeBJetA9fBvavCZ+gdk"
X-Powered-By: Express
Cf-Cache-Status: DYNAMIC
Nel: {"report_to":"cf-nel","success_fraction":0.0,"max_age":604800}
Report-To: {"group":"cf-nel","max_age":604800,"endpoints":[{"url":"https://a.nel.cloudflare.com/report/v4?s=EkfvvYb04YQUen6JnXle0j2ma4XvLSHNCtjOk6S2goVR3xCnHNRg2gwtR36uwIFbavJonJCJ75ikuiUpMxh7503gQZPLIq%2BvnYPB5HSqT7w%3D"}]}
Content-Encoding: gzip
Server: cloudflare
CF-RAY: 96f95072180c42ba-CDG
alt-svc: h3=":443"; ma=86400

{
    "address": {
        "geolocation": {
            "lat": "-37.3159",
            "long": "81.1496"
        },
        "city": "kilcoole",
        "street": "new road",
        "number": 7682,
        "zipcode": "12926-3874"
    },
    "id": 1,
    "email": "john@gmail.com",
    "username": "johnd",
    "password": "m38rmF$",
    "name": {
        "firstname": "john",
        "lastname": "doe"
    },
    "phone": "1-570-236-7033",
    "__v": 0
}
]]></system-out>
    <system-err><![CDATA[org.apache.http.impl.execchain.RequestAbortedException: Request execution failed
	at org.apache.http.impl.execchain.MainClientExec.execute(MainClientExec.java:199)
	at org.apache.http.impl.execchain.ProtocolExec.execute(ProtocolExec.java:186)
	at org.apache.http.impl.execchain.RetryExec.execute(RetryExec.java:89)
	at org.apache.http.impl.execchain.RedirectExec.execute(RedirectExec.java:110)
	at org.apache.http.impl.client.InternalHttpClient.doExecute(InternalHttpClient.java:185)
	at org.apache.http.impl.client.CloseableHttpClient.execute(CloseableHttpClient.java:83)
	at org.apache.http.impl.client.CloseableHttpClient.execute(CloseableHttpClient.java:108)
	at com.example.fakestoreapi.test.performance.PerformanceTests.lambda$testConcurrentRequests$0(PerformanceTests.java:35)
	at java.base/java.util.concurrent.Executors$RunnableAdapter.call(Executors.java:572)
	at java.base/java.util.concurrent.FutureTask.run(FutureTask.java:317)
	at java.base/java.util.concurrent.ThreadPoolExecutor.runWorker(ThreadPoolExecutor.java:1144)
	at java.base/java.util.concurrent.ThreadPoolExecutor$Worker.run(ThreadPoolExecutor.java:642)
	at java.base/java.lang.Thread.run(Thread.java:1583)
Caused by: java.util.concurrent.CancellationException: Operation aborted
	at org.apache.http.pool.AbstractConnPool.operationAborted(AbstractConnPool.java:182)
	at org.apache.http.pool.AbstractConnPool.getPoolEntryBlocking(AbstractConnPool.java:397)
	at org.apache.http.pool.AbstractConnPool.access$300(AbstractConnPool.java:70)
	at org.apache.http.pool.AbstractConnPool$2.get(AbstractConnPool.java:253)
	at org.apache.http.pool.AbstractConnPool$2.get(AbstractConnPool.java:198)
	at org.apache.http.impl.conn.PoolingHttpClientConnectionManager.leaseConnection(PoolingHttpClientConnectionManager.java:306)
	at org.apache.http.impl.conn.PoolingHttpClientConnectionManager$1.get(PoolingHttpClientConnectionManager.java:282)
	at org.apache.http.impl.execchain.MainClientExec.execute(MainClientExec.java:190)
	... 12 more
org.apache.http.impl.execchain.RequestAbortedException: Request execution failed
	at org.apache.http.impl.execchain.MainClientExec.execute(MainClientExec.java:199)
	at org.apache.http.impl.execchain.ProtocolExec.execute(ProtocolExec.java:186)
	at org.apache.http.impl.execchain.RetryExec.execute(RetryExec.java:89)
	at org.apache.http.impl.execchain.RedirectExec.execute(RedirectExec.java:110)
	at org.apache.http.impl.client.InternalHttpClient.doExecute(InternalHttpClient.java:185)
	at org.apache.http.impl.client.CloseableHttpClient.execute(CloseableHttpClient.java:83)
	at org.apache.http.impl.client.CloseableHttpClient.execute(CloseableHttpClient.java:108)
	at com.example.fakestoreapi.test.performance.PerformanceTests.lambda$testConcurrentRequests$0(PerformanceTests.java:35)
	at java.base/java.util.concurrent.Executors$RunnableAdapter.call(Executors.java:572)
	at java.base/java.util.concurrent.FutureTask.run(FutureTask.java:317)
	at java.base/java.util.concurrent.ThreadPoolExecutor.runWorker(ThreadPoolExecutor.java:1144)
	at java.base/java.util.concurrent.ThreadPoolExecutor$Worker.run(ThreadPoolExecutor.java:642)
	at java.base/java.lang.Thread.run(Thread.java:1583)
Caused by: java.util.concurrent.CancellationException: Operation aborted
	at org.apache.http.pool.AbstractConnPool.operationAborted(AbstractConnPool.java:182)
	at org.apache.http.pool.AbstractConnPool.getPoolEntryBlocking(AbstractConnPool.java:397)
	at org.apache.http.pool.AbstractConnPool.access$300(AbstractConnPool.java:70)
	at org.apache.http.pool.AbstractConnPool$2.get(AbstractConnPool.java:253)
	at org.apache.http.pool.AbstractConnPool$2.get(AbstractConnPool.java:198)
	at org.apache.http.impl.conn.PoolingHttpClientConnectionManager.leaseConnection(PoolingHttpClientConnectionManager.java:306)
	at org.apache.http.impl.conn.PoolingHttpClientConnectionManager$1.get(PoolingHttpClientConnectionManager.java:282)
	at org.apache.http.impl.execchain.MainClientExec.execute(MainClientExec.java:190)
	... 12 more
org.apache.http.impl.execchain.RequestAbortedException: Request execution failed
	at org.apache.http.impl.execchain.MainClientExec.execute(MainClientExec.java:199)
	at org.apache.http.impl.execchain.ProtocolExec.execute(ProtocolExec.java:186)
	at org.apache.http.impl.execchain.RetryExec.execute(RetryExec.java:89)
	at org.apache.http.impl.execchain.RedirectExec.execute(RedirectExec.java:110)
	at org.apache.http.impl.client.InternalHttpClient.doExecute(InternalHttpClient.java:185)
	at org.apache.http.impl.client.CloseableHttpClient.execute(CloseableHttpClient.java:83)
	at org.apache.http.impl.client.CloseableHttpClient.execute(CloseableHttpClient.java:108)
	at com.example.fakestoreapi.test.performance.PerformanceTests.lambda$testConcurrentRequests$0(PerformanceTests.java:35)
	at java.base/java.util.concurrent.Executors$RunnableAdapter.call(Executors.java:572)
	at java.base/java.util.concurrent.FutureTask.run(FutureTask.java:317)
	at java.base/java.util.concurrent.ThreadPoolExecutor.runWorker(ThreadPoolExecutor.java:1144)
	at java.base/java.util.concurrent.ThreadPoolExecutor$Worker.run(ThreadPoolExecutor.java:642)
	at java.base/java.lang.Thread.run(Thread.java:1583)
Caused by: java.util.concurrent.CancellationException: Operation aborted
	at org.apache.http.pool.AbstractConnPool.operationAborted(AbstractConnPool.java:182)
	at org.apache.http.pool.AbstractConnPool.getPoolEntryBlocking(AbstractConnPool.java:397)
	at org.apache.http.pool.AbstractConnPool.access$300(AbstractConnPool.java:70)
	at org.apache.http.pool.AbstractConnPool$2.get(AbstractConnPool.java:253)
	at org.apache.http.pool.AbstractConnPool$2.get(AbstractConnPool.java:198)
	at org.apache.http.impl.conn.PoolingHttpClientConnectionManager.leaseConnection(PoolingHttpClientConnectionManager.java:306)
	at org.apache.http.impl.conn.PoolingHttpClientConnectionManager$1.get(PoolingHttpClientConnectionManager.java:282)
	at org.apache.http.impl.execchain.MainClientExec.execute(MainClientExec.java:190)
	... 12 more
org.apache.http.impl.execchain.RequestAbortedException: Request execution failed
	at org.apache.http.impl.execchain.MainClientExec.execute(MainClientExec.java:199)
	at org.apache.http.impl.execchain.ProtocolExec.execute(ProtocolExec.java:186)
	at org.apache.http.impl.execchain.RetryExec.execute(RetryExec.java:89)
	at org.apache.http.impl.execchain.RedirectExec.execute(RedirectExec.java:110)
	at org.apache.http.impl.client.InternalHttpClient.doExecute(InternalHttpClient.java:185)
	at org.apache.http.impl.client.CloseableHttpClient.execute(CloseableHttpClient.java:83)
	at org.apache.http.impl.client.CloseableHttpClient.execute(CloseableHttpClient.java:108)
	at com.example.fakestoreapi.test.performance.PerformanceTests.lambda$testConcurrentRequests$0(PerformanceTests.java:35)
	at java.base/java.util.concurrent.Executors$RunnableAdapter.call(Executors.java:572)
	at java.base/java.util.concurrent.FutureTask.run(FutureTask.java:317)
	at java.base/java.util.concurrent.ThreadPoolExecutor.runWorker(ThreadPoolExecutor.java:1144)
	at java.base/java.util.concurrent.ThreadPoolExecutor$Worker.run(ThreadPoolExecutor.java:642)
	at java.base/java.lang.Thread.run(Thread.java:1583)
Caused by: java.util.concurrent.CancellationException: Operation aborted
	at org.apache.http.pool.AbstractConnPool.operationAborted(AbstractConnPool.java:182)
	at org.apache.http.pool.AbstractConnPool.getPoolEntryBlocking(AbstractConnPool.java:397)
	at org.apache.http.pool.AbstractConnPool.access$300(AbstractConnPool.java:70)
	at org.apache.http.pool.AbstractConnPool$2.get(AbstractConnPool.java:253)
	at org.apache.http.pool.AbstractConnPool$2.get(AbstractConnPool.java:198)
	at org.apache.http.impl.conn.PoolingHttpClientConnectionManager.leaseConnection(PoolingHttpClientConnectionManager.java:306)
	at org.apache.http.impl.conn.PoolingHttpClientConnectionManager$1.get(PoolingHttpClientConnectionManager.java:282)
	at org.apache.http.impl.execchain.MainClientExec.execute(MainClientExec.java:190)
	... 12 more
org.apache.http.impl.execchain.RequestAbortedException: Request execution failed
	at org.apache.http.impl.execchain.MainClientExec.execute(MainClientExec.java:199)
	at org.apache.http.impl.execchain.ProtocolExec.execute(ProtocolExec.java:186)
	at org.apache.http.impl.execchain.RetryExec.execute(RetryExec.java:89)
	at org.apache.http.impl.execchain.RedirectExec.execute(RedirectExec.java:110)
	at org.apache.http.impl.client.InternalHttpClient.doExecute(InternalHttpClient.java:185)
	at org.apache.http.impl.client.CloseableHttpClient.execute(CloseableHttpClient.java:83)
	at org.apache.http.impl.client.CloseableHttpClient.execute(CloseableHttpClient.java:108)
	at com.example.fakestoreapi.test.performance.PerformanceTests.lambda$testConcurrentRequests$0(PerformanceTests.java:35)
	at java.base/java.util.concurrent.Executors$RunnableAdapter.call(Executors.java:572)
	at java.base/java.util.concurrent.FutureTask.run(FutureTask.java:317)
	at java.base/java.util.concurrent.ThreadPoolExecutor.runWorker(ThreadPoolExecutor.java:1144)
	at java.base/java.util.concurrent.ThreadPoolExecutor$Worker.run(ThreadPoolExecutor.java:642)
	at java.base/java.lang.Thread.run(Thread.java:1583)
Caused by: java.util.concurrent.CancellationException: Operation aborted
	at org.apache.http.pool.AbstractConnPool.operationAborted(AbstractConnPool.java:182)
	at org.apache.http.pool.AbstractConnPool.getPoolEntryBlocking(AbstractConnPool.java:397)
	at org.apache.http.pool.AbstractConnPool.access$300(AbstractConnPool.java:70)
	at org.apache.http.pool.AbstractConnPool$2.get(AbstractConnPool.java:253)
	at org.apache.http.pool.AbstractConnPool$2.get(AbstractConnPool.java:198)
	at org.apache.http.impl.conn.PoolingHttpClientConnectionManager.leaseConnection(PoolingHttpClientConnectionManager.java:306)
	at org.apache.http.impl.conn.PoolingHttpClientConnectionManager$1.get(PoolingHttpClientConnectionManager.java:282)
	at org.apache.http.impl.execchain.MainClientExec.execute(MainClientExec.java:190)
	... 12 more
org.apache.http.impl.execchain.RequestAbortedException: Request execution failed
	at org.apache.http.impl.execchain.MainClientExec.execute(MainClientExec.java:199)
	at org.apache.http.impl.execchain.ProtocolExec.execute(ProtocolExec.java:186)
	at org.apache.http.impl.execchain.RetryExec.execute(RetryExec.java:89)
	at org.apache.http.impl.execchain.RedirectExec.execute(RedirectExec.java:110)
	at org.apache.http.impl.client.InternalHttpClient.doExecute(InternalHttpClient.java:185)
	at org.apache.http.impl.client.CloseableHttpClient.execute(CloseableHttpClient.java:83)
	at org.apache.http.impl.client.CloseableHttpClient.execute(CloseableHttpClient.java:108)
	at com.example.fakestoreapi.test.performance.PerformanceTests.lambda$testConcurrentRequests$0(PerformanceTests.java:35)
	at java.base/java.util.concurrent.Executors$RunnableAdapter.call(Executors.java:572)
	at java.base/java.util.concurrent.FutureTask.run(FutureTask.java:317)
	at java.base/java.util.concurrent.ThreadPoolExecutor.runWorker(ThreadPoolExecutor.java:1144)
	at java.base/java.util.concurrent.ThreadPoolExecutor$Worker.run(ThreadPoolExecutor.java:642)
	at java.base/java.lang.Thread.run(Thread.java:1583)
Caused by: java.util.concurrent.CancellationException: Operation aborted
	at org.apache.http.pool.AbstractConnPool.operationAborted(AbstractConnPool.java:182)
	at org.apache.http.pool.AbstractConnPool.getPoolEntryBlocking(AbstractConnPool.java:397)
	at org.apache.http.pool.AbstractConnPool.access$300(AbstractConnPool.java:70)
	at org.apache.http.pool.AbstractConnPool$2.get(AbstractConnPool.java:253)
	at org.apache.http.pool.AbstractConnPool$2.get(AbstractConnPool.java:198)
	at org.apache.http.impl.conn.PoolingHttpClientConnectionManager.leaseConnection(PoolingHttpClientConnectionManager.java:306)
	at org.apache.http.impl.conn.PoolingHttpClientConnectionManager$1.get(PoolingHttpClientConnectionManager.java:282)
	at org.apache.http.impl.execchain.MainClientExec.execute(MainClientExec.java:190)
	... 12 more
org.apache.http.impl.execchain.RequestAbortedException: Request execution failed
	at org.apache.http.impl.execchain.MainClientExec.execute(MainClientExec.java:199)
	at org.apache.http.impl.execchain.ProtocolExec.execute(ProtocolExec.java:186)
	at org.apache.http.impl.execchain.RetryExec.execute(RetryExec.java:89)
	at org.apache.http.impl.execchain.RedirectExec.execute(RedirectExec.java:110)
	at org.apache.http.impl.client.InternalHttpClient.doExecute(InternalHttpClient.java:185)
	at org.apache.http.impl.client.CloseableHttpClient.execute(CloseableHttpClient.java:83)
	at org.apache.http.impl.client.CloseableHttpClient.execute(CloseableHttpClient.java:108)
	at com.example.fakestoreapi.test.performance.PerformanceTests.lambda$testConcurrentRequests$0(PerformanceTests.java:35)
	at java.base/java.util.concurrent.Executors$RunnableAdapter.call(Executors.java:572)
	at java.base/java.util.concurrent.FutureTask.run(FutureTask.java:317)
	at java.base/java.util.concurrent.ThreadPoolExecutor.runWorker(ThreadPoolExecutor.java:1144)
	at java.base/java.util.concurrent.ThreadPoolExecutor$Worker.run(ThreadPoolExecutor.java:642)
	at java.base/java.lang.Thread.run(Thread.java:1583)
Caused by: java.util.concurrent.CancellationException: Operation aborted
	at org.apache.http.pool.AbstractConnPool.operationAborted(AbstractConnPool.java:182)
	at org.apache.http.pool.AbstractConnPool.getPoolEntryBlocking(AbstractConnPool.java:397)
	at org.apache.http.pool.AbstractConnPool.access$300(AbstractConnPool.java:70)
	at org.apache.http.pool.AbstractConnPool$2.get(AbstractConnPool.java:253)
	at org.apache.http.pool.AbstractConnPool$2.get(AbstractConnPool.java:198)
	at org.apache.http.impl.conn.PoolingHttpClientConnectionManager.leaseConnection(PoolingHttpClientConnectionManager.java:306)
	at org.apache.http.impl.conn.PoolingHttpClientConnectionManager$1.get(PoolingHttpClientConnectionManager.java:282)
	at org.apache.http.impl.execchain.MainClientExec.execute(MainClientExec.java:190)
	... 12 more
org.apache.http.impl.execchain.RequestAbortedException: Request execution failed
	at org.apache.http.impl.execchain.MainClientExec.execute(MainClientExec.java:199)
	at org.apache.http.impl.execchain.ProtocolExec.execute(ProtocolExec.java:186)
	at org.apache.http.impl.execchain.RetryExec.execute(RetryExec.java:89)
	at org.apache.http.impl.execchain.RedirectExec.execute(RedirectExec.java:110)
	at org.apache.http.impl.client.InternalHttpClient.doExecute(InternalHttpClient.java:185)
	at org.apache.http.impl.client.CloseableHttpClient.execute(CloseableHttpClient.java:83)
	at org.apache.http.impl.client.CloseableHttpClient.execute(CloseableHttpClient.java:108)
	at com.example.fakestoreapi.test.performance.PerformanceTests.lambda$testConcurrentRequests$0(PerformanceTests.java:35)
	at java.base/java.util.concurrent.Executors$RunnableAdapter.call(Executors.java:572)
	at java.base/java.util.concurrent.FutureTask.run(FutureTask.java:317)
	at java.base/java.util.concurrent.ThreadPoolExecutor.runWorker(ThreadPoolExecutor.java:1144)
	at java.base/java.util.concurrent.ThreadPoolExecutor$Worker.run(ThreadPoolExecutor.java:642)
	at java.base/java.lang.Thread.run(Thread.java:1583)
Caused by: java.util.concurrent.CancellationException: Operation aborted
	at org.apache.http.pool.AbstractConnPool.operationAborted(AbstractConnPool.java:182)
	at org.apache.http.pool.AbstractConnPool.getPoolEntryBlocking(AbstractConnPool.java:397)
	at org.apache.http.pool.AbstractConnPool.access$300(AbstractConnPool.java:70)
	at org.apache.http.pool.AbstractConnPool$2.get(AbstractConnPool.java:253)
	at org.apache.http.pool.AbstractConnPool$2.get(AbstractConnPool.java:198)
	at org.apache.http.impl.conn.PoolingHttpClientConnectionManager.leaseConnection(PoolingHttpClientConnectionManager.java:306)
	at org.apache.http.impl.conn.PoolingHttpClientConnectionManager$1.get(PoolingHttpClientConnectionManager.java:282)
	at org.apache.http.impl.execchain.MainClientExec.execute(MainClientExec.java:190)
	... 12 more
]]></system-err>
  </testcase>
  <testcase name="testGetUserResponseTime(int, int)[2]" classname="com.example.fakestoreapi.test.performance.PerformanceTests" time="0.787">
    <system-out><![CDATA[Request method:	GET
Request URI:	https://fakestoreapi.com/users/2
Proxy:			<none>
Request params:	<none>
Query params:	<none>
Form params:	<none>
Path params:	<none>
Headers:		User-Agent=Mozilla/5.0 (CI-Test-Agent)
				Accept=*/*
				Content-Type=application/json
Cookies:		<none>
Multiparts:		<none>
Body:			<none>
HTTP/1.1 200 OK
Date: Fri, 15 Aug 2025 14:17:14 GMT
Content-Type: application/json; charset=utf-8
Transfer-Encoding: chunked
Connection: keep-alive
Access-Control-Allow-Origin: *
Etag: W/"12d-rQ3vazNILlcEdp3VtaYW0Rr1+SY"
X-Powered-By: Express
Cf-Cache-Status: DYNAMIC
Nel: {"report_to":"cf-nel","success_fraction":0.0,"max_age":604800}
Report-To: {"group":"cf-nel","max_age":604800,"endpoints":[{"url":"https://a.nel.cloudflare.com/report/v4?s=Ftlx9exQHIuNneYETlmofW2c%2FDjtTeV8%2FVEetiazXXzLmgTjh6z%2FeUjsAeWQ6WBoHMIzWkstCJw6NR4xGgolRyx95ZhPJZMCGMv5ToRnwkM%3D"}]}
Content-Encoding: gzip
Server: cloudflare
CF-RAY: 96f95076aeecdb78-CDG
alt-svc: h3=":443"; ma=86400

{
    "address": {
        "geolocation": {
            "lat": "-37.3159",
            "long": "81.1496"
        },
        "city": "kilcoole",
        "street": "Lovers Ln",
        "number": 7267,
        "zipcode": "12926-3874"
    },
    "id": 2,
    "email": "morrison@gmail.com",
    "username": "mor_2314",
    "password": "83r5^_",
    "name": {
        "firstname": "david",
        "lastname": "morrison"
    },
    "phone": "1-570-236-7033",
    "__v": 0
}
]]></system-out>
  </testcase>
  <testcase name="testGetUserResponseTime(int, int)[3]" classname="com.example.fakestoreapi.test.performance.PerformanceTests" time="0.686">
    <system-out><![CDATA[Request method:	GET
Request URI:	https://fakestoreapi.com/users/3
Proxy:			<none>
Request params:	<none>
Query params:	<none>
Form params:	<none>
Path params:	<none>
Headers:		User-Agent=Mozilla/5.0 (CI-Test-Agent)
				Accept=*/*
				Content-Type=application/json
Cookies:		<none>
Multiparts:		<none>
Body:			<none>
HTTP/1.1 200 OK
Date: Fri, 15 Aug 2025 14:17:14 GMT
Content-Type: application/json; charset=utf-8
Transfer-Encoding: chunked
Connection: keep-alive
Access-Control-Allow-Origin: *
Etag: W/"128-QWLW0942EG8Wj+7FYrSRxCYClWk"
X-Powered-By: Express
Cf-Cache-Status: DYNAMIC
Nel: {"report_to":"cf-nel","success_fraction":0.0,"max_age":604800}
Report-To: {"group":"cf-nel","max_age":604800,"endpoints":[{"url":"https://a.nel.cloudflare.com/report/v4?s=LOiR6GljK6SrN%2B6bEds8k2bTfhtd8Yo%2BwFzYVYzfemjjKTnjelYeZA7RXu0s1mZU9ctLiI2PdvnemBuvvyi05jBtv7GMJebP%2FFL9qxNyxt4%3D"}]}
Content-Encoding: gzip
Server: cloudflare
CF-RAY: 96f9507b4dab7856-CDG
alt-svc: h3=":443"; ma=86400

{
    "address": {
        "geolocation": {
            "lat": "40.3467",
            "long": "-30.1310"
        },
        "city": "Cullman",
        "street": "Frances Ct",
        "number": 86,
        "zipcode": "29567-1452"
    },
    "id": 3,
    "email": "kevin@gmail.com",
    "username": "kevinryan",
    "password": "kev02937@",
    "name": {
        "firstname": "kevin",
        "lastname": "ryan"
    },
    "phone": "1-567-094-1345",
    "__v": 0
}
]]></system-out>
  </testcase>
</testsuite>